[1.212s] Invoking command in '/home/eecs/tutorial_ws/src/py_sub': PYTHONPATH=/home/eecs/tutorial_ws/install/py_sub/lib/python3.8/site-packages:${PYTHONPATH} /usr/bin/python3 setup.py egg_info --egg-base ../../build/py_sub build --build-base /home/eecs/tutorial_ws/build/py_sub/build install --prefix /home/eecs/tutorial_ws/install/py_sub --record /home/eecs/tutorial_ws/build/py_sub/install.log --single-version-externally-managed
[1.526s] running egg_info
[1.526s] creating ../../build/py_sub/py_sub.egg-info
[1.527s] writing ../../build/py_sub/py_sub.egg-info/PKG-INFO
[1.527s] writing dependency_links to ../../build/py_sub/py_sub.egg-info/dependency_links.txt
[1.528s] writing entry points to ../../build/py_sub/py_sub.egg-info/entry_points.txt
[1.528s] writing requirements to ../../build/py_sub/py_sub.egg-info/requires.txt
[1.528s] writing top-level names to ../../build/py_sub/py_sub.egg-info/top_level.txt
[1.530s] writing manifest file '../../build/py_sub/py_sub.egg-info/SOURCES.txt'
[1.577s] reading manifest file '../../build/py_sub/py_sub.egg-info/SOURCES.txt'
[1.579s] writing manifest file '../../build/py_sub/py_sub.egg-info/SOURCES.txt'
[1.579s] running build
[1.579s] running build_py
[1.579s] creating /home/eecs/tutorial_ws/build/py_sub/build
[1.579s] creating /home/eecs/tutorial_ws/build/py_sub/build/lib
[1.579s] creating /home/eecs/tutorial_ws/build/py_sub/build/lib/py_sub
[1.580s] copying py_sub/__init__.py -> /home/eecs/tutorial_ws/build/py_sub/build/lib/py_sub
[1.580s] running install
[1.580s] running install_lib
[1.581s] creating /home/eecs/tutorial_ws/install/py_sub/lib/python3.8/site-packages/py_sub
[1.582s] copying /home/eecs/tutorial_ws/build/py_sub/build/lib/py_sub/__init__.py -> /home/eecs/tutorial_ws/install/py_sub/lib/python3.8/site-packages/py_sub
[1.582s] byte-compiling /home/eecs/tutorial_ws/install/py_sub/lib/python3.8/site-packages/py_sub/__init__.py to __init__.cpython-38.pyc
[1.584s] running install_data
[1.585s] creating /home/eecs/tutorial_ws/install/py_sub/share/ament_index
[1.585s] creating /home/eecs/tutorial_ws/install/py_sub/share/ament_index/resource_index
[1.585s] creating /home/eecs/tutorial_ws/install/py_sub/share/ament_index/resource_index/packages
[1.585s] copying resource/py_sub -> /home/eecs/tutorial_ws/install/py_sub/share/ament_index/resource_index/packages
[1.586s] copying package.xml -> /home/eecs/tutorial_ws/install/py_sub/share/py_sub
[1.586s] running install_egg_info
[1.587s] Copying ../../build/py_sub/py_sub.egg-info to /home/eecs/tutorial_ws/install/py_sub/lib/python3.8/site-packages/py_sub-0.0.0-py3.8.egg-info
[1.589s] running install_scripts
[1.613s] writing list of installed files to '/home/eecs/tutorial_ws/build/py_sub/install.log'
[1.659s] Invoked command in '/home/eecs/tutorial_ws/src/py_sub' returned '0': PYTHONPATH=/home/eecs/tutorial_ws/install/py_sub/lib/python3.8/site-packages:${PYTHONPATH} /usr/bin/python3 setup.py egg_info --egg-base ../../build/py_sub build --build-base /home/eecs/tutorial_ws/build/py_sub/build install --prefix /home/eecs/tutorial_ws/install/py_sub --record /home/eecs/tutorial_ws/build/py_sub/install.log --single-version-externally-managed
