[0.066s] Invoking command in '/home/eecs/tutorial_ws/build/tracetools_image_pipeline': CMAKE_PREFIX_PATH=/opt/ros/foxy /usr/bin/cmake --build /home/eecs/tutorial_ws/build/tracetools_image_pipeline -- -j4 -l4
[0.499s] [ 60%] Built target tracetools_image_pipeline
[0.502s] [100%] Built target status
[0.508s] Invoked command in '/home/eecs/tutorial_ws/build/tracetools_image_pipeline' returned '0': CMAKE_PREFIX_PATH=/opt/ros/foxy /usr/bin/cmake --build /home/eecs/tutorial_ws/build/tracetools_image_pipeline -- -j4 -l4
[0.573s] Invoking command in '/home/eecs/tutorial_ws/build/tracetools_image_pipeline': CMAKE_PREFIX_PATH=/opt/ros/foxy /usr/bin/cmake --install /home/eecs/tutorial_ws/build/tracetools_image_pipeline
[0.591s] -- Install configuration: ""
[0.592s] -- Up-to-date: /home/eecs/tutorial_ws/install/tracetools_image_pipeline/share/tracetools_image_pipeline/environment/library_path.sh
[0.592s] -- Up-to-date: /home/eecs/tutorial_ws/install/tracetools_image_pipeline/share/tracetools_image_pipeline/environment/library_path.dsv
[0.593s] -- Up-to-date: /home/eecs/tutorial_ws/install/tracetools_image_pipeline/lib/tracetools_image_pipeline/status
[0.594s] -- Up-to-date: /home/eecs/tutorial_ws/install/tracetools_image_pipeline/include
[0.594s] -- Up-to-date: /home/eecs/tutorial_ws/install/tracetools_image_pipeline/include/tracetools_image_pipeline
[0.594s] -- Up-to-date: /home/eecs/tutorial_ws/install/tracetools_image_pipeline/include/tracetools_image_pipeline/tracetools.h
[0.594s] -- Up-to-date: /home/eecs/tutorial_ws/install/tracetools_image_pipeline/include/tracetools_image_pipeline/visibility_control.hpp
[0.595s] -- Up-to-date: /home/eecs/tutorial_ws/install/tracetools_image_pipeline/include/tracetools_image_pipeline/utils.hpp
[0.595s] -- Up-to-date: /home/eecs/tutorial_ws/install/tracetools_image_pipeline/include/tracetools_image_pipeline/config.h
[0.595s] -- Up-to-date: /home/eecs/tutorial_ws/install/tracetools_image_pipeline/lib/libtracetools_image_pipeline.so
[0.596s] -- Up-to-date: /home/eecs/tutorial_ws/install/tracetools_image_pipeline/share/ament_index/resource_index/package_run_dependencies/tracetools_image_pipeline
[0.596s] -- Up-to-date: /home/eecs/tutorial_ws/install/tracetools_image_pipeline/share/ament_index/resource_index/parent_prefix_path/tracetools_image_pipeline
[0.597s] -- Up-to-date: /home/eecs/tutorial_ws/install/tracetools_image_pipeline/share/tracetools_image_pipeline/environment/ament_prefix_path.sh
[0.597s] -- Up-to-date: /home/eecs/tutorial_ws/install/tracetools_image_pipeline/share/tracetools_image_pipeline/environment/ament_prefix_path.dsv
[0.597s] -- Up-to-date: /home/eecs/tutorial_ws/install/tracetools_image_pipeline/share/tracetools_image_pipeline/environment/path.sh
[0.597s] -- Up-to-date: /home/eecs/tutorial_ws/install/tracetools_image_pipeline/share/tracetools_image_pipeline/environment/path.dsv
[0.597s] -- Up-to-date: /home/eecs/tutorial_ws/install/tracetools_image_pipeline/share/tracetools_image_pipeline/local_setup.bash
[0.597s] -- Up-to-date: /home/eecs/tutorial_ws/install/tracetools_image_pipeline/share/tracetools_image_pipeline/local_setup.sh
[0.598s] -- Up-to-date: /home/eecs/tutorial_ws/install/tracetools_image_pipeline/share/tracetools_image_pipeline/local_setup.zsh
[0.598s] -- Up-to-date: /home/eecs/tutorial_ws/install/tracetools_image_pipeline/share/tracetools_image_pipeline/local_setup.dsv
[0.598s] -- Installing: /home/eecs/tutorial_ws/install/tracetools_image_pipeline/share/tracetools_image_pipeline/package.dsv
[0.598s] -- Up-to-date: /home/eecs/tutorial_ws/install/tracetools_image_pipeline/share/ament_index/resource_index/packages/tracetools_image_pipeline
[0.600s] -- Up-to-date: /home/eecs/tutorial_ws/install/tracetools_image_pipeline/share/tracetools_image_pipeline/cmake/tracetools_image_pipeline_exportExport.cmake
[0.600s] -- Up-to-date: /home/eecs/tutorial_ws/install/tracetools_image_pipeline/share/tracetools_image_pipeline/cmake/tracetools_image_pipeline_exportExport-noconfig.cmake
[0.601s] -- Up-to-date: /home/eecs/tutorial_ws/install/tracetools_image_pipeline/share/tracetools_image_pipeline/cmake/ament_cmake_export_targets-extras.cmake
[0.601s] -- Up-to-date: /home/eecs/tutorial_ws/install/tracetools_image_pipeline/share/tracetools_image_pipeline/cmake/ament_cmake_export_include_directories-extras.cmake
[0.601s] -- Up-to-date: /home/eecs/tutorial_ws/install/tracetools_image_pipeline/share/tracetools_image_pipeline/cmake/ament_cmake_export_libraries-extras.cmake
[0.601s] -- Up-to-date: /home/eecs/tutorial_ws/install/tracetools_image_pipeline/share/tracetools_image_pipeline/cmake/tracetools_image_pipelineConfig.cmake
[0.601s] -- Up-to-date: /home/eecs/tutorial_ws/install/tracetools_image_pipeline/share/tracetools_image_pipeline/cmake/tracetools_image_pipelineConfig-version.cmake
[0.601s] -- Up-to-date: /home/eecs/tutorial_ws/install/tracetools_image_pipeline/share/tracetools_image_pipeline/package.xml
[0.604s] Invoked command in '/home/eecs/tutorial_ws/build/tracetools_image_pipeline' returned '0': CMAKE_PREFIX_PATH=/opt/ros/foxy /usr/bin/cmake --install /home/eecs/tutorial_ws/build/tracetools_image_pipeline
