[1.251s] Invoking command in '/home/eecs/tutorial_ws/src/py_srv': PYTHONPATH=/home/eecs/tutorial_ws/install/py_srv/lib/python3.8/site-packages:${PYTHONPATH} /usr/bin/python3 setup.py egg_info --egg-base ../../build/py_srv build --build-base /home/eecs/tutorial_ws/build/py_srv/build install --prefix /home/eecs/tutorial_ws/install/py_srv --record /home/eecs/tutorial_ws/build/py_srv/install.log --single-version-externally-managed
[1.778s] running egg_info
[1.779s] writing ../../build/py_srv/py_srv.egg-info/PKG-INFO
[1.779s] writing dependency_links to ../../build/py_srv/py_srv.egg-info/dependency_links.txt
[1.779s] writing entry points to ../../build/py_srv/py_srv.egg-info/entry_points.txt
[1.779s] writing requirements to ../../build/py_srv/py_srv.egg-info/requires.txt
[1.780s] writing top-level names to ../../build/py_srv/py_srv.egg-info/top_level.txt
[1.852s] reading manifest file '../../build/py_srv/py_srv.egg-info/SOURCES.txt'
[1.853s] writing manifest file '../../build/py_srv/py_srv.egg-info/SOURCES.txt'
[1.854s] running build
[1.854s] running build_py
[1.854s] running install
[1.856s] running install_lib
[1.860s] running install_data
[1.860s] running install_egg_info
[1.863s] removing '/home/eecs/tutorial_ws/install/py_srv/lib/python3.8/site-packages/py_srv-0.0.0-py3.8.egg-info' (and everything under it)
[1.864s] Copying ../../build/py_srv/py_srv.egg-info to /home/eecs/tutorial_ws/install/py_srv/lib/python3.8/site-packages/py_srv-0.0.0-py3.8.egg-info
[1.865s] running install_scripts
[1.903s] Installing service script to /home/eecs/tutorial_ws/install/py_srv/lib/py_srv
[1.904s] writing list of installed files to '/home/eecs/tutorial_ws/build/py_srv/install.log'
[1.979s] Invoked command in '/home/eecs/tutorial_ws/src/py_srv' returned '0': PYTHONPATH=/home/eecs/tutorial_ws/install/py_srv/lib/python3.8/site-packages:${PYTHONPATH} /usr/bin/python3 setup.py egg_info --egg-base ../../build/py_srv build --build-base /home/eecs/tutorial_ws/build/py_srv/build install --prefix /home/eecs/tutorial_ws/install/py_srv --record /home/eecs/tutorial_ws/build/py_srv/install.log --single-version-externally-managed
