running egg_info
writing ../../build/py_pub/py_pub.egg-info/PKG-INFO
writing dependency_links to ../../build/py_pub/py_pub.egg-info/dependency_links.txt
writing entry points to ../../build/py_pub/py_pub.egg-info/entry_points.txt
writing requirements to ../../build/py_pub/py_pub.egg-info/requires.txt
writing top-level names to ../../build/py_pub/py_pub.egg-info/top_level.txt
reading manifest file '../../build/py_pub/py_pub.egg-info/SOURCES.txt'
writing manifest file '../../build/py_pub/py_pub.egg-info/SOURCES.txt'
running build
running build_py
copying py_pub/pub.py -> /home/eecs/tutorial_ws/build/py_pub/build/lib/py_pub
running install
running install_lib
copying /home/eecs/tutorial_ws/build/py_pub/build/lib/py_pub/pub.py -> /home/eecs/tutorial_ws/install/py_pub/lib/python3.8/site-packages/py_pub
byte-compiling /home/eecs/tutorial_ws/install/py_pub/lib/python3.8/site-packages/py_pub/pub.py to pub.cpython-38.pyc
running install_data
copying package.xml -> /home/eecs/tutorial_ws/install/py_pub/share/py_pub
running install_egg_info
removing '/home/eecs/tutorial_ws/install/py_pub/lib/python3.8/site-packages/py_pub-0.0.0-py3.8.egg-info' (and everything under it)
Copying ../../build/py_pub/py_pub.egg-info to /home/eecs/tutorial_ws/install/py_pub/lib/python3.8/site-packages/py_pub-0.0.0-py3.8.egg-info
running install_scripts
Installing talker script to /home/eecs/tutorial_ws/install/py_pub/lib/py_pub
writing list of installed files to '/home/eecs/tutorial_ws/build/py_pub/install.log'
