[1.251s] Invoking command in '/home/eecs/tutorial_ws/src/py_pub': PYTHONPATH=/home/eecs/tutorial_ws/install/py_pub/lib/python3.8/site-packages:${PYTHONPATH} /usr/bin/python3 setup.py egg_info --egg-base ../../build/py_pub build --build-base /home/eecs/tutorial_ws/build/py_pub/build install --prefix /home/eecs/tutorial_ws/install/py_pub --record /home/eecs/tutorial_ws/build/py_pub/install.log --single-version-externally-managed
[1.569s] running egg_info
[1.570s] writing ../../build/py_pub/py_pub.egg-info/PKG-INFO
[1.570s] writing dependency_links to ../../build/py_pub/py_pub.egg-info/dependency_links.txt
[1.571s] writing entry points to ../../build/py_pub/py_pub.egg-info/entry_points.txt
[1.571s] writing requirements to ../../build/py_pub/py_pub.egg-info/requires.txt
[1.571s] writing top-level names to ../../build/py_pub/py_pub.egg-info/top_level.txt
[1.622s] reading manifest file '../../build/py_pub/py_pub.egg-info/SOURCES.txt'
[1.624s] writing manifest file '../../build/py_pub/py_pub.egg-info/SOURCES.txt'
[1.624s] running build
[1.624s] running build_py
[1.624s] copying py_pub/pub.py -> /home/eecs/tutorial_ws/build/py_pub/build/lib/py_pub
[1.624s] running install
[1.625s] running install_lib
[1.627s] copying /home/eecs/tutorial_ws/build/py_pub/build/lib/py_pub/pub.py -> /home/eecs/tutorial_ws/install/py_pub/lib/python3.8/site-packages/py_pub
[1.628s] byte-compiling /home/eecs/tutorial_ws/install/py_pub/lib/python3.8/site-packages/py_pub/pub.py to pub.cpython-38.pyc
[1.630s] running install_data
[1.632s] copying package.xml -> /home/eecs/tutorial_ws/install/py_pub/share/py_pub
[1.633s] running install_egg_info
[1.634s] removing '/home/eecs/tutorial_ws/install/py_pub/lib/python3.8/site-packages/py_pub-0.0.0-py3.8.egg-info' (and everything under it)
[1.634s] Copying ../../build/py_pub/py_pub.egg-info to /home/eecs/tutorial_ws/install/py_pub/lib/python3.8/site-packages/py_pub-0.0.0-py3.8.egg-info
[1.636s] running install_scripts
[1.662s] Installing talker script to /home/eecs/tutorial_ws/install/py_pub/lib/py_pub
[1.663s] writing list of installed files to '/home/eecs/tutorial_ws/build/py_pub/install.log'
[1.700s] Invoked command in '/home/eecs/tutorial_ws/src/py_pub' returned '0': PYTHONPATH=/home/eecs/tutorial_ws/install/py_pub/lib/python3.8/site-packages:${PYTHONPATH} /usr/bin/python3 setup.py egg_info --egg-base ../../build/py_pub build --build-base /home/eecs/tutorial_ws/build/py_pub/build install --prefix /home/eecs/tutorial_ws/install/py_pub --record /home/eecs/tutorial_ws/build/py_pub/install.log --single-version-externally-managed
