[0.034s] Invoking command in '/home/eecs/tutorial_ws/build/image_rotate': CMAKE_PREFIX_PATH=${CMAKE_PREFIX_PATH}:/home/eecs/tutorial_ws/install/r2d2_urdf:/home/eecs/tutorial_ws/install/py_sub:/home/eecs/tutorial_ws/install/py_srv:/home/eecs/tutorial_ws/install/py_pub:/home/eecs/tutorial_ws/install/py_cli:/home/eecs/tutorial_ws/install/camera_calibration:/opt/ros/foxy /usr/bin/cmake --build /home/eecs/tutorial_ws/build/image_rotate -- -j4 -l4
[0.189s] [ 50%] Built target image_rotate
[0.267s] [100%] Built target image_rotate_bin
[0.291s] Invoked command in '/home/eecs/tutorial_ws/build/image_rotate' returned '0': CMAKE_PREFIX_PATH=${CMAKE_PREFIX_PATH}:/home/eecs/tutorial_ws/install/r2d2_urdf:/home/eecs/tutorial_ws/install/py_sub:/home/eecs/tutorial_ws/install/py_srv:/home/eecs/tutorial_ws/install/py_pub:/home/eecs/tutorial_ws/install/py_cli:/home/eecs/tutorial_ws/install/camera_calibration:/opt/ros/foxy /usr/bin/cmake --build /home/eecs/tutorial_ws/build/image_rotate -- -j4 -l4
[0.378s] Invoking command in '/home/eecs/tutorial_ws/build/image_rotate': CMAKE_PREFIX_PATH=${CMAKE_PREFIX_PATH}:/home/eecs/tutorial_ws/install/r2d2_urdf:/home/eecs/tutorial_ws/install/py_sub:/home/eecs/tutorial_ws/install/py_srv:/home/eecs/tutorial_ws/install/py_pub:/home/eecs/tutorial_ws/install/py_cli:/home/eecs/tutorial_ws/install/camera_calibration:/opt/ros/foxy /usr/bin/cmake --install /home/eecs/tutorial_ws/build/image_rotate
[0.399s] -- Install configuration: ""
[0.400s] -- Up-to-date: /home/eecs/tutorial_ws/install/image_rotate/include
[0.402s] -- Up-to-date: /home/eecs/tutorial_ws/install/image_rotate/include/image_rotate
[0.402s] -- Up-to-date: /home/eecs/tutorial_ws/install/image_rotate/include/image_rotate/visibility.h
[0.402s] -- Up-to-date: /home/eecs/tutorial_ws/install/image_rotate/include/image_rotate/image_rotate_node.hpp
[0.402s] -- Up-to-date: /home/eecs/tutorial_ws/install/image_rotate/share/image_rotate/environment/library_path.sh
[0.403s] -- Up-to-date: /home/eecs/tutorial_ws/install/image_rotate/share/image_rotate/environment/library_path.dsv
[0.403s] -- Up-to-date: /home/eecs/tutorial_ws/install/image_rotate/lib/libimage_rotate.so
[0.403s] -- Up-to-date: /home/eecs/tutorial_ws/install/image_rotate/lib/image_rotate/image_rotate
[0.408s] -- Up-to-date: /home/eecs/tutorial_ws/install/image_rotate/share/image_rotate/launch
[0.408s] -- Up-to-date: /home/eecs/tutorial_ws/install/image_rotate/share/image_rotate/launch/image_rotate.launch.py
[0.408s] -- Up-to-date: /home/eecs/tutorial_ws/install/image_rotate/share/ament_index/resource_index/package_run_dependencies/image_rotate
[0.408s] -- Up-to-date: /home/eecs/tutorial_ws/install/image_rotate/share/ament_index/resource_index/parent_prefix_path/image_rotate
[0.409s] -- Up-to-date: /home/eecs/tutorial_ws/install/image_rotate/share/image_rotate/environment/ament_prefix_path.sh
[0.409s] -- Up-to-date: /home/eecs/tutorial_ws/install/image_rotate/share/image_rotate/environment/ament_prefix_path.dsv
[0.409s] -- Up-to-date: /home/eecs/tutorial_ws/install/image_rotate/share/image_rotate/environment/path.sh
[0.409s] -- Up-to-date: /home/eecs/tutorial_ws/install/image_rotate/share/image_rotate/environment/path.dsv
[0.409s] -- Up-to-date: /home/eecs/tutorial_ws/install/image_rotate/share/image_rotate/local_setup.bash
[0.409s] -- Up-to-date: /home/eecs/tutorial_ws/install/image_rotate/share/image_rotate/local_setup.sh
[0.409s] -- Up-to-date: /home/eecs/tutorial_ws/install/image_rotate/share/image_rotate/local_setup.zsh
[0.410s] -- Up-to-date: /home/eecs/tutorial_ws/install/image_rotate/share/image_rotate/local_setup.dsv
[0.411s] -- Installing: /home/eecs/tutorial_ws/install/image_rotate/share/image_rotate/package.dsv
[0.412s] -- Up-to-date: /home/eecs/tutorial_ws/install/image_rotate/share/ament_index/resource_index/packages/image_rotate
[0.412s] -- Up-to-date: /home/eecs/tutorial_ws/install/image_rotate/share/ament_index/resource_index/rclcpp_components/image_rotate
[0.412s] -- Up-to-date: /home/eecs/tutorial_ws/install/image_rotate/share/image_rotate/cmake/ament_cmake_export_dependencies-extras.cmake
[0.412s] -- Up-to-date: /home/eecs/tutorial_ws/install/image_rotate/share/image_rotate/cmake/ament_cmake_export_include_directories-extras.cmake
[0.412s] -- Up-to-date: /home/eecs/tutorial_ws/install/image_rotate/share/image_rotate/cmake/ament_cmake_export_libraries-extras.cmake
[0.412s] -- Up-to-date: /home/eecs/tutorial_ws/install/image_rotate/share/image_rotate/cmake/image_rotateConfig.cmake
[0.412s] -- Up-to-date: /home/eecs/tutorial_ws/install/image_rotate/share/image_rotate/cmake/image_rotateConfig-version.cmake
[0.413s] -- Up-to-date: /home/eecs/tutorial_ws/install/image_rotate/share/image_rotate/package.xml
[0.418s] Invoked command in '/home/eecs/tutorial_ws/build/image_rotate' returned '0': CMAKE_PREFIX_PATH=${CMAKE_PREFIX_PATH}:/home/eecs/tutorial_ws/install/r2d2_urdf:/home/eecs/tutorial_ws/install/py_sub:/home/eecs/tutorial_ws/install/py_srv:/home/eecs/tutorial_ws/install/py_pub:/home/eecs/tutorial_ws/install/py_cli:/home/eecs/tutorial_ws/install/camera_calibration:/opt/ros/foxy /usr/bin/cmake --install /home/eecs/tutorial_ws/build/image_rotate
