/home/eecs/tutorial_ws/install/py_sub/lib/python3.8/site-packages/py_sub/student_subscriber_function.py
/home/eecs/tutorial_ws/install/py_sub/lib/python3.8/site-packages/py_sub/subscriber_member_function.py
/home/eecs/tutorial_ws/install/py_sub/lib/python3.8/site-packages/py_sub/image_subscriber_function.py
/home/eecs/tutorial_ws/install/py_sub/lib/python3.8/site-packages/py_sub/image_subscriber_processing_function.py
/home/eecs/tutorial_ws/install/py_sub/lib/python3.8/site-packages/py_sub/__init__.py
/home/eecs/tutorial_ws/install/py_sub/lib/python3.8/site-packages/py_sub/image_subscriber_aruco_function.py
/home/eecs/tutorial_ws/install/py_sub/lib/python3.8/site-packages/py_sub/image_subscriber_aruco_tf2_broadcast_function.py
/home/eecs/tutorial_ws/install/py_sub/lib/python3.8/site-packages/py_sub/__pycache__/student_subscriber_function.cpython-38.pyc
/home/eecs/tutorial_ws/install/py_sub/lib/python3.8/site-packages/py_sub/__pycache__/subscriber_member_function.cpython-38.pyc
/home/eecs/tutorial_ws/install/py_sub/lib/python3.8/site-packages/py_sub/__pycache__/image_subscriber_function.cpython-38.pyc
/home/eecs/tutorial_ws/install/py_sub/lib/python3.8/site-packages/py_sub/__pycache__/image_subscriber_processing_function.cpython-38.pyc
/home/eecs/tutorial_ws/install/py_sub/lib/python3.8/site-packages/py_sub/__pycache__/__init__.cpython-38.pyc
/home/eecs/tutorial_ws/install/py_sub/lib/python3.8/site-packages/py_sub/__pycache__/image_subscriber_aruco_function.cpython-38.pyc
/home/eecs/tutorial_ws/install/py_sub/lib/python3.8/site-packages/py_sub/__pycache__/image_subscriber_aruco_tf2_broadcast_function.cpython-38.pyc
/home/eecs/tutorial_ws/install/py_sub/share/ament_index/resource_index/packages/py_sub
/home/eecs/tutorial_ws/install/py_sub/share/py_sub/package.xml
/home/eecs/tutorial_ws/install/py_sub/lib/python3.8/site-packages/py_sub-0.0.0-py3.8.egg-info/requires.txt
/home/eecs/tutorial_ws/install/py_sub/lib/python3.8/site-packages/py_sub-0.0.0-py3.8.egg-info/zip-safe
/home/eecs/tutorial_ws/install/py_sub/lib/python3.8/site-packages/py_sub-0.0.0-py3.8.egg-info/dependency_links.txt
/home/eecs/tutorial_ws/install/py_sub/lib/python3.8/site-packages/py_sub-0.0.0-py3.8.egg-info/top_level.txt
/home/eecs/tutorial_ws/install/py_sub/lib/python3.8/site-packages/py_sub-0.0.0-py3.8.egg-info/SOURCES.txt
/home/eecs/tutorial_ws/install/py_sub/lib/python3.8/site-packages/py_sub-0.0.0-py3.8.egg-info/PKG-INFO
/home/eecs/tutorial_ws/install/py_sub/lib/python3.8/site-packages/py_sub-0.0.0-py3.8.egg-info/entry_points.txt
/home/eecs/tutorial_ws/install/py_sub/lib/py_sub/image_aruco_estimator
/home/eecs/tutorial_ws/install/py_sub/lib/py_sub/image_aruco_tf2_broadcaster
/home/eecs/tutorial_ws/install/py_sub/lib/py_sub/image_listener
/home/eecs/tutorial_ws/install/py_sub/lib/py_sub/image_listener_processor
/home/eecs/tutorial_ws/install/py_sub/lib/py_sub/listener
/home/eecs/tutorial_ws/install/py_sub/lib/py_sub/student_listener
