running egg_info
writing ../../build/recognizer/recognizer.egg-info/PKG-INFO
writing dependency_links to ../../build/recognizer/recognizer.egg-info/dependency_links.txt
writing entry points to ../../build/recognizer/recognizer.egg-info/entry_points.txt
writing requirements to ../../build/recognizer/recognizer.egg-info/requires.txt
writing top-level names to ../../build/recognizer/recognizer.egg-info/top_level.txt
reading manifest file '../../build/recognizer/recognizer.egg-info/SOURCES.txt'
writing manifest file '../../build/recognizer/recognizer.egg-info/SOURCES.txt'
running build
running build_py
copying recognizer/inference.py -> /home/eecs/tutorial_ws/build/recognizer/build/lib/recognizer
running install
running install_lib
copying /home/eecs/tutorial_ws/build/recognizer/build/lib/recognizer/inference.py -> /home/eecs/tutorial_ws/install/recognizer/lib/python3.8/site-packages/recognizer
byte-compiling /home/eecs/tutorial_ws/install/recognizer/lib/python3.8/site-packages/recognizer/inference.py to inference.cpython-38.pyc
Sorry: TabError: inconsistent use of tabs and spaces in indentation (inference.py, line 39)
running install_data
running install_egg_info
removing '/home/eecs/tutorial_ws/install/recognizer/lib/python3.8/site-packages/recognizer-0.0.0-py3.8.egg-info' (and everything under it)
Copying ../../build/recognizer/recognizer.egg-info to /home/eecs/tutorial_ws/install/recognizer/lib/python3.8/site-packages/recognizer-0.0.0-py3.8.egg-info
running install_scripts
Installing recognizer script to /home/eecs/tutorial_ws/install/recognizer/lib/recognizer
writing list of installed files to '/home/eecs/tutorial_ws/build/recognizer/install.log'
