[1.394s] Invoking command in '/home/eecs/tutorial_ws/src/py_cli': PYTHONPATH=/home/eecs/tutorial_ws/install/py_cli/lib/python3.8/site-packages:${PYTHONPATH} /usr/bin/python3 setup.py egg_info --egg-base ../../build/py_cli build --build-base /home/eecs/tutorial_ws/build/py_cli/build install --prefix /home/eecs/tutorial_ws/install/py_cli --record /home/eecs/tutorial_ws/build/py_cli/install.log --single-version-externally-managed
[1.911s] running egg_info
[1.912s] writing ../../build/py_cli/py_cli.egg-info/PKG-INFO
[1.912s] writing dependency_links to ../../build/py_cli/py_cli.egg-info/dependency_links.txt
[1.913s] writing entry points to ../../build/py_cli/py_cli.egg-info/entry_points.txt
[1.913s] writing requirements to ../../build/py_cli/py_cli.egg-info/requires.txt
[1.913s] writing top-level names to ../../build/py_cli/py_cli.egg-info/top_level.txt
[1.987s] reading manifest file '../../build/py_cli/py_cli.egg-info/SOURCES.txt'
[1.988s] writing manifest file '../../build/py_cli/py_cli.egg-info/SOURCES.txt'
[1.989s] running build
[1.989s] running build_py
[1.989s] running install
[1.991s] running install_lib
[1.993s] running install_data
[1.994s] running install_egg_info
[1.998s] removing '/home/eecs/tutorial_ws/install/py_cli/lib/python3.8/site-packages/py_cli-0.0.0-py3.8.egg-info' (and everything under it)
[1.999s] Copying ../../build/py_cli/py_cli.egg-info to /home/eecs/tutorial_ws/install/py_cli/lib/python3.8/site-packages/py_cli-0.0.0-py3.8.egg-info
[2.000s] running install_scripts
[2.035s] Installing client script to /home/eecs/tutorial_ws/install/py_cli/lib/py_cli
[2.035s] writing list of installed files to '/home/eecs/tutorial_ws/build/py_cli/install.log'
[2.484s] Invoked command in '/home/eecs/tutorial_ws/src/py_cli' returned '0': PYTHONPATH=/home/eecs/tutorial_ws/install/py_cli/lib/python3.8/site-packages:${PYTHONPATH} /usr/bin/python3 setup.py egg_info --egg-base ../../build/py_cli build --build-base /home/eecs/tutorial_ws/build/py_cli/build install --prefix /home/eecs/tutorial_ws/install/py_cli --record /home/eecs/tutorial_ws/build/py_cli/install.log --single-version-externally-managed
