[0.066s] Invoking command in '/home/eecs/tutorial_ws/build/image_view': CMAKE_PREFIX_PATH=${CMAKE_PREFIX_PATH}:/home/eecs/tutorial_ws/install/recognizer:/home/eecs/tutorial_ws/install/r2d2_urdf:/home/eecs/tutorial_ws/install/py_sub:/home/eecs/tutorial_ws/install/py_srv:/home/eecs/tutorial_ws/install/py_pub:/home/eecs/tutorial_ws/install/py_cli:/home/eecs/tutorial_ws/install/camera_calibration:/opt/ros/foxy /usr/bin/cmake --build /home/eecs/tutorial_ws/build/image_view -- -j4 -l4
[0.224s] [ 36%] Built target image_view_nodes
[0.303s] [ 47%] Built target extract_images
[0.324s] [ 57%] Built target image_view
[0.340s] [ 68%] Built target disparity_view
[0.364s] [ 78%] Built target stereo_view
[0.415s] [100%] Built target image_saver
[0.415s] [100%] Built target video_recorder
[0.676s] Invoked command in '/home/eecs/tutorial_ws/build/image_view' returned '0': CMAKE_PREFIX_PATH=${CMAKE_PREFIX_PATH}:/home/eecs/tutorial_ws/install/recognizer:/home/eecs/tutorial_ws/install/r2d2_urdf:/home/eecs/tutorial_ws/install/py_sub:/home/eecs/tutorial_ws/install/py_srv:/home/eecs/tutorial_ws/install/py_pub:/home/eecs/tutorial_ws/install/py_cli:/home/eecs/tutorial_ws/install/camera_calibration:/opt/ros/foxy /usr/bin/cmake --build /home/eecs/tutorial_ws/build/image_view -- -j4 -l4
[1.209s] Invoking command in '/home/eecs/tutorial_ws/build/image_view': CMAKE_PREFIX_PATH=${CMAKE_PREFIX_PATH}:/home/eecs/tutorial_ws/install/recognizer:/home/eecs/tutorial_ws/install/r2d2_urdf:/home/eecs/tutorial_ws/install/py_sub:/home/eecs/tutorial_ws/install/py_srv:/home/eecs/tutorial_ws/install/py_pub:/home/eecs/tutorial_ws/install/py_cli:/home/eecs/tutorial_ws/install/camera_calibration:/opt/ros/foxy /usr/bin/cmake --install /home/eecs/tutorial_ws/build/image_view
[1.224s] -- Install configuration: ""
[1.224s] -- Up-to-date: /home/eecs/tutorial_ws/install/image_view/include
[1.225s] -- Up-to-date: /home/eecs/tutorial_ws/install/image_view/include/image_view
[1.225s] -- Up-to-date: /home/eecs/tutorial_ws/install/image_view/include/image_view/disparity_view_node.hpp
[1.225s] -- Up-to-date: /home/eecs/tutorial_ws/install/image_view/include/image_view/video_recorder_node.hpp
[1.225s] -- Up-to-date: /home/eecs/tutorial_ws/install/image_view/include/image_view/image_saver_node.hpp
[1.225s] -- Up-to-date: /home/eecs/tutorial_ws/install/image_view/include/image_view/image_view_node.hpp
[1.226s] -- Up-to-date: /home/eecs/tutorial_ws/install/image_view/include/image_view/stereo_view_node.hpp
[1.226s] -- Up-to-date: /home/eecs/tutorial_ws/install/image_view/include/image_view/extract_images_node.hpp
[1.226s] -- Up-to-date: /home/eecs/tutorial_ws/install/image_view/share/image_view/environment/library_path.sh
[1.226s] -- Up-to-date: /home/eecs/tutorial_ws/install/image_view/share/image_view/environment/library_path.dsv
[1.227s] -- Up-to-date: /home/eecs/tutorial_ws/install/image_view/lib/libimage_view_nodes.so
[1.227s] -- Up-to-date: /home/eecs/tutorial_ws/install/image_view/lib/image_view/disparity_view
[1.227s] -- Up-to-date: /home/eecs/tutorial_ws/install/image_view/lib/image_view/image_view
[1.227s] -- Up-to-date: /home/eecs/tutorial_ws/install/image_view/lib/image_view/stereo_view
[1.228s] -- Up-to-date: /home/eecs/tutorial_ws/install/image_view/lib/image_view/extract_images
[1.228s] -- Up-to-date: /home/eecs/tutorial_ws/install/image_view/lib/image_view/image_saver
[1.229s] -- Up-to-date: /home/eecs/tutorial_ws/install/image_view/lib/image_view/video_recorder
[1.230s] -- Up-to-date: /home/eecs/tutorial_ws/install/image_view/share/ament_index/resource_index/package_run_dependencies/image_view
[1.230s] -- Up-to-date: /home/eecs/tutorial_ws/install/image_view/share/ament_index/resource_index/parent_prefix_path/image_view
[1.230s] -- Up-to-date: /home/eecs/tutorial_ws/install/image_view/share/image_view/environment/ament_prefix_path.sh
[1.230s] -- Up-to-date: /home/eecs/tutorial_ws/install/image_view/share/image_view/environment/ament_prefix_path.dsv
[1.231s] -- Up-to-date: /home/eecs/tutorial_ws/install/image_view/share/image_view/environment/path.sh
[1.231s] -- Up-to-date: /home/eecs/tutorial_ws/install/image_view/share/image_view/environment/path.dsv
[1.231s] -- Up-to-date: /home/eecs/tutorial_ws/install/image_view/share/image_view/local_setup.bash
[1.231s] -- Up-to-date: /home/eecs/tutorial_ws/install/image_view/share/image_view/local_setup.sh
[1.232s] -- Up-to-date: /home/eecs/tutorial_ws/install/image_view/share/image_view/local_setup.zsh
[1.232s] -- Up-to-date: /home/eecs/tutorial_ws/install/image_view/share/image_view/local_setup.dsv
[1.232s] -- Installing: /home/eecs/tutorial_ws/install/image_view/share/image_view/package.dsv
[1.232s] -- Up-to-date: /home/eecs/tutorial_ws/install/image_view/share/ament_index/resource_index/packages/image_view
[1.232s] -- Up-to-date: /home/eecs/tutorial_ws/install/image_view/share/ament_index/resource_index/rclcpp_components/image_view
[1.232s] -- Up-to-date: /home/eecs/tutorial_ws/install/image_view/share/image_view/cmake/ament_cmake_export_dependencies-extras.cmake
[1.233s] -- Up-to-date: /home/eecs/tutorial_ws/install/image_view/share/image_view/cmake/ament_cmake_export_include_directories-extras.cmake
[1.233s] -- Up-to-date: /home/eecs/tutorial_ws/install/image_view/share/image_view/cmake/ament_cmake_export_libraries-extras.cmake
[1.233s] -- Up-to-date: /home/eecs/tutorial_ws/install/image_view/share/image_view/cmake/image_viewConfig.cmake
[1.233s] -- Up-to-date: /home/eecs/tutorial_ws/install/image_view/share/image_view/cmake/image_viewConfig-version.cmake
[1.233s] -- Up-to-date: /home/eecs/tutorial_ws/install/image_view/share/image_view/package.xml
[1.246s] Invoked command in '/home/eecs/tutorial_ws/build/image_view' returned '0': CMAKE_PREFIX_PATH=${CMAKE_PREFIX_PATH}:/home/eecs/tutorial_ws/install/recognizer:/home/eecs/tutorial_ws/install/r2d2_urdf:/home/eecs/tutorial_ws/install/py_sub:/home/eecs/tutorial_ws/install/py_srv:/home/eecs/tutorial_ws/install/py_pub:/home/eecs/tutorial_ws/install/py_cli:/home/eecs/tutorial_ws/install/camera_calibration:/opt/ros/foxy /usr/bin/cmake --install /home/eecs/tutorial_ws/build/image_view
