[0.064s] Invoking command in '/home/eecs/tutorial_ws/build/stereo_image_proc': CMAKE_PREFIX_PATH=/home/eecs/tutorial_ws/install/image_proc:/home/eecs/tutorial_ws/install/tracetools_image_pipeline:/home/eecs/tutorial_ws/install/image_pipeline:/home/eecs/tutorial_ws/install/stereo_image_proc:/home/eecs/tutorial_ws/install/my_interfaces:/home/eecs/tutorial_ws/install/image_view:/home/eecs/tutorial_ws/install/image_rotate:/home/eecs/tutorial_ws/install/image_publisher:/home/eecs/tutorial_ws/install/depth_image_proc:/home/eecs/tutorial_ws/install/recognizer:/home/eecs/tutorial_ws/install/r2d2_urdf:/home/eecs/tutorial_ws/install/py_sub:/home/eecs/tutorial_ws/install/py_srv:/home/eecs/tutorial_ws/install/py_pub:/home/eecs/tutorial_ws/install/py_cli:/home/eecs/tutorial_ws/install/camera_calibration:/opt/ros/foxy LD_LIBRARY_PATH=/home/eecs/tutorial_ws/install/image_proc/lib:/home/eecs/tutorial_ws/install/tracetools_image_pipeline/lib:/home/eecs/tutorial_ws/install/stereo_image_proc/lib:/home/eecs/tutorial_ws/install/my_interfaces/lib:/home/eecs/tutorial_ws/install/image_view/lib:/home/eecs/tutorial_ws/install/image_rotate/lib:/home/eecs/tutorial_ws/install/image_publisher/lib:/home/eecs/tutorial_ws/install/depth_image_proc/lib:/opt/ros/foxy/opt/yaml_cpp_vendor/lib:/opt/ros/foxy/opt/rviz_ogre_vendor/lib:/opt/ros/foxy/lib/x86_64-linux-gnu:/opt/ros/foxy/lib /usr/bin/cmake --build /home/eecs/tutorial_ws/build/stereo_image_proc -- -j4 -l4
[0.202s] [ 25%] Built target point_cloud_node
[0.221s] [ 50%] Built target disparity_node
[0.251s] [100%] Built target stereo_image_proc
[0.457s] Invoked command in '/home/eecs/tutorial_ws/build/stereo_image_proc' returned '0': CMAKE_PREFIX_PATH=/home/eecs/tutorial_ws/install/image_proc:/home/eecs/tutorial_ws/install/tracetools_image_pipeline:/home/eecs/tutorial_ws/install/image_pipeline:/home/eecs/tutorial_ws/install/stereo_image_proc:/home/eecs/tutorial_ws/install/my_interfaces:/home/eecs/tutorial_ws/install/image_view:/home/eecs/tutorial_ws/install/image_rotate:/home/eecs/tutorial_ws/install/image_publisher:/home/eecs/tutorial_ws/install/depth_image_proc:/home/eecs/tutorial_ws/install/recognizer:/home/eecs/tutorial_ws/install/r2d2_urdf:/home/eecs/tutorial_ws/install/py_sub:/home/eecs/tutorial_ws/install/py_srv:/home/eecs/tutorial_ws/install/py_pub:/home/eecs/tutorial_ws/install/py_cli:/home/eecs/tutorial_ws/install/camera_calibration:/opt/ros/foxy LD_LIBRARY_PATH=/home/eecs/tutorial_ws/install/image_proc/lib:/home/eecs/tutorial_ws/install/tracetools_image_pipeline/lib:/home/eecs/tutorial_ws/install/stereo_image_proc/lib:/home/eecs/tutorial_ws/install/my_interfaces/lib:/home/eecs/tutorial_ws/install/image_view/lib:/home/eecs/tutorial_ws/install/image_rotate/lib:/home/eecs/tutorial_ws/install/image_publisher/lib:/home/eecs/tutorial_ws/install/depth_image_proc/lib:/opt/ros/foxy/opt/yaml_cpp_vendor/lib:/opt/ros/foxy/opt/rviz_ogre_vendor/lib:/opt/ros/foxy/lib/x86_64-linux-gnu:/opt/ros/foxy/lib /usr/bin/cmake --build /home/eecs/tutorial_ws/build/stereo_image_proc -- -j4 -l4
[0.542s] Invoking command in '/home/eecs/tutorial_ws/build/stereo_image_proc': CMAKE_PREFIX_PATH=/home/eecs/tutorial_ws/install/image_proc:/home/eecs/tutorial_ws/install/tracetools_image_pipeline:/home/eecs/tutorial_ws/install/image_pipeline:/home/eecs/tutorial_ws/install/stereo_image_proc:/home/eecs/tutorial_ws/install/my_interfaces:/home/eecs/tutorial_ws/install/image_view:/home/eecs/tutorial_ws/install/image_rotate:/home/eecs/tutorial_ws/install/image_publisher:/home/eecs/tutorial_ws/install/depth_image_proc:/home/eecs/tutorial_ws/install/recognizer:/home/eecs/tutorial_ws/install/r2d2_urdf:/home/eecs/tutorial_ws/install/py_sub:/home/eecs/tutorial_ws/install/py_srv:/home/eecs/tutorial_ws/install/py_pub:/home/eecs/tutorial_ws/install/py_cli:/home/eecs/tutorial_ws/install/camera_calibration:/opt/ros/foxy LD_LIBRARY_PATH=/home/eecs/tutorial_ws/install/image_proc/lib:/home/eecs/tutorial_ws/install/tracetools_image_pipeline/lib:/home/eecs/tutorial_ws/install/stereo_image_proc/lib:/home/eecs/tutorial_ws/install/my_interfaces/lib:/home/eecs/tutorial_ws/install/image_view/lib:/home/eecs/tutorial_ws/install/image_rotate/lib:/home/eecs/tutorial_ws/install/image_publisher/lib:/home/eecs/tutorial_ws/install/depth_image_proc/lib:/opt/ros/foxy/opt/yaml_cpp_vendor/lib:/opt/ros/foxy/opt/rviz_ogre_vendor/lib:/opt/ros/foxy/lib/x86_64-linux-gnu:/opt/ros/foxy/lib /usr/bin/cmake --install /home/eecs/tutorial_ws/build/stereo_image_proc
[0.560s] -- Install configuration: ""
[0.560s] -- Up-to-date: /home/eecs/tutorial_ws/install/stereo_image_proc/lib/stereo_image_proc/disparity_node
[0.561s] -- Up-to-date: /home/eecs/tutorial_ws/install/stereo_image_proc/lib/stereo_image_proc/point_cloud_node
[0.561s] -- Up-to-date: /home/eecs/tutorial_ws/install/stereo_image_proc/include
[0.561s] -- Up-to-date: /home/eecs/tutorial_ws/install/stereo_image_proc/include/stereo_image_proc
[0.562s] -- Up-to-date: /home/eecs/tutorial_ws/install/stereo_image_proc/include/stereo_image_proc/stereo_processor.hpp
[0.562s] -- Up-to-date: /home/eecs/tutorial_ws/install/stereo_image_proc/share/stereo_image_proc/environment/library_path.sh
[0.562s] -- Up-to-date: /home/eecs/tutorial_ws/install/stereo_image_proc/share/stereo_image_proc/environment/library_path.dsv
[0.562s] -- Up-to-date: /home/eecs/tutorial_ws/install/stereo_image_proc/lib/libstereo_image_proc.so
[0.563s] -- Up-to-date: /home/eecs/tutorial_ws/install/stereo_image_proc/share/stereo_image_proc/launch
[0.563s] -- Up-to-date: /home/eecs/tutorial_ws/install/stereo_image_proc/share/stereo_image_proc/launch/stereo_image_proc.launch.py
[0.563s] -- Up-to-date: /home/eecs/tutorial_ws/install/stereo_image_proc/share/ament_index/resource_index/package_run_dependencies/stereo_image_proc
[0.563s] -- Up-to-date: /home/eecs/tutorial_ws/install/stereo_image_proc/share/ament_index/resource_index/parent_prefix_path/stereo_image_proc
[0.564s] -- Up-to-date: /home/eecs/tutorial_ws/install/stereo_image_proc/share/stereo_image_proc/environment/ament_prefix_path.sh
[0.564s] -- Up-to-date: /home/eecs/tutorial_ws/install/stereo_image_proc/share/stereo_image_proc/environment/ament_prefix_path.dsv
[0.564s] -- Up-to-date: /home/eecs/tutorial_ws/install/stereo_image_proc/share/stereo_image_proc/environment/path.sh
[0.564s] -- Up-to-date: /home/eecs/tutorial_ws/install/stereo_image_proc/share/stereo_image_proc/environment/path.dsv
[0.564s] -- Up-to-date: /home/eecs/tutorial_ws/install/stereo_image_proc/share/stereo_image_proc/local_setup.bash
[0.565s] -- Up-to-date: /home/eecs/tutorial_ws/install/stereo_image_proc/share/stereo_image_proc/local_setup.sh
[0.565s] -- Up-to-date: /home/eecs/tutorial_ws/install/stereo_image_proc/share/stereo_image_proc/local_setup.zsh
[0.565s] -- Up-to-date: /home/eecs/tutorial_ws/install/stereo_image_proc/share/stereo_image_proc/local_setup.dsv
[0.565s] -- Installing: /home/eecs/tutorial_ws/install/stereo_image_proc/share/stereo_image_proc/package.dsv
[0.565s] -- Up-to-date: /home/eecs/tutorial_ws/install/stereo_image_proc/share/ament_index/resource_index/packages/stereo_image_proc
[0.565s] -- Up-to-date: /home/eecs/tutorial_ws/install/stereo_image_proc/share/ament_index/resource_index/rclcpp_components/stereo_image_proc
[0.566s] -- Up-to-date: /home/eecs/tutorial_ws/install/stereo_image_proc/share/stereo_image_proc/cmake/ament_cmake_export_dependencies-extras.cmake
[0.566s] -- Up-to-date: /home/eecs/tutorial_ws/install/stereo_image_proc/share/stereo_image_proc/cmake/ament_cmake_export_include_directories-extras.cmake
[0.566s] -- Up-to-date: /home/eecs/tutorial_ws/install/stereo_image_proc/share/stereo_image_proc/cmake/ament_cmake_export_libraries-extras.cmake
[0.566s] -- Up-to-date: /home/eecs/tutorial_ws/install/stereo_image_proc/share/stereo_image_proc/cmake/stereo_image_procConfig.cmake
[0.566s] -- Up-to-date: /home/eecs/tutorial_ws/install/stereo_image_proc/share/stereo_image_proc/cmake/stereo_image_procConfig-version.cmake
[0.566s] -- Up-to-date: /home/eecs/tutorial_ws/install/stereo_image_proc/share/stereo_image_proc/package.xml
[0.571s] Invoked command in '/home/eecs/tutorial_ws/build/stereo_image_proc' returned '0': CMAKE_PREFIX_PATH=/home/eecs/tutorial_ws/install/image_proc:/home/eecs/tutorial_ws/install/tracetools_image_pipeline:/home/eecs/tutorial_ws/install/image_pipeline:/home/eecs/tutorial_ws/install/stereo_image_proc:/home/eecs/tutorial_ws/install/my_interfaces:/home/eecs/tutorial_ws/install/image_view:/home/eecs/tutorial_ws/install/image_rotate:/home/eecs/tutorial_ws/install/image_publisher:/home/eecs/tutorial_ws/install/depth_image_proc:/home/eecs/tutorial_ws/install/recognizer:/home/eecs/tutorial_ws/install/r2d2_urdf:/home/eecs/tutorial_ws/install/py_sub:/home/eecs/tutorial_ws/install/py_srv:/home/eecs/tutorial_ws/install/py_pub:/home/eecs/tutorial_ws/install/py_cli:/home/eecs/tutorial_ws/install/camera_calibration:/opt/ros/foxy LD_LIBRARY_PATH=/home/eecs/tutorial_ws/install/image_proc/lib:/home/eecs/tutorial_ws/install/tracetools_image_pipeline/lib:/home/eecs/tutorial_ws/install/stereo_image_proc/lib:/home/eecs/tutorial_ws/install/my_interfaces/lib:/home/eecs/tutorial_ws/install/image_view/lib:/home/eecs/tutorial_ws/install/image_rotate/lib:/home/eecs/tutorial_ws/install/image_publisher/lib:/home/eecs/tutorial_ws/install/depth_image_proc/lib:/opt/ros/foxy/opt/yaml_cpp_vendor/lib:/opt/ros/foxy/opt/rviz_ogre_vendor/lib:/opt/ros/foxy/lib/x86_64-linux-gnu:/opt/ros/foxy/lib /usr/bin/cmake --install /home/eecs/tutorial_ws/build/stereo_image_proc
