[1.700s] Invoking command in '/home/eecs/tutorial_ws/src/r2d2_urdf': PYTHONPATH=/home/eecs/tutorial_ws/install/r2d2_urdf/lib/python3.8/site-packages:${PYTHONPATH} /usr/bin/python3 setup.py egg_info --egg-base ../../build/r2d2_urdf build --build-base /home/eecs/tutorial_ws/build/r2d2_urdf/build install --prefix /home/eecs/tutorial_ws/install/r2d2_urdf --record /home/eecs/tutorial_ws/build/r2d2_urdf/install.log --single-version-externally-managed
[2.219s] running egg_info
[2.220s] writing ../../build/r2d2_urdf/r2d2_urdf.egg-info/PKG-INFO
[2.220s] writing dependency_links to ../../build/r2d2_urdf/r2d2_urdf.egg-info/dependency_links.txt
[2.221s] writing entry points to ../../build/r2d2_urdf/r2d2_urdf.egg-info/entry_points.txt
[2.221s] writing requirements to ../../build/r2d2_urdf/r2d2_urdf.egg-info/requires.txt
[2.221s] writing top-level names to ../../build/r2d2_urdf/r2d2_urdf.egg-info/top_level.txt
[2.293s] reading manifest file '../../build/r2d2_urdf/r2d2_urdf.egg-info/SOURCES.txt'
[2.295s] writing manifest file '../../build/r2d2_urdf/r2d2_urdf.egg-info/SOURCES.txt'
[2.296s] running build
[2.296s] running build_py
[2.297s] running install
[2.298s] running install_lib
[2.301s] running install_data
[2.302s] running install_egg_info
[2.306s] removing '/home/eecs/tutorial_ws/install/r2d2_urdf/lib/python3.8/site-packages/r2d2_urdf-0.0.0-py3.8.egg-info' (and everything under it)
[2.306s] Copying ../../build/r2d2_urdf/r2d2_urdf.egg-info to /home/eecs/tutorial_ws/install/r2d2_urdf/lib/python3.8/site-packages/r2d2_urdf-0.0.0-py3.8.egg-info
[2.308s] running install_scripts
[2.341s] Installing r2d2_state_publisher script to /home/eecs/tutorial_ws/install/r2d2_urdf/lib/r2d2_urdf
[2.342s] writing list of installed files to '/home/eecs/tutorial_ws/build/r2d2_urdf/install.log'
[2.385s] Invoked command in '/home/eecs/tutorial_ws/src/r2d2_urdf' returned '0': PYTHONPATH=/home/eecs/tutorial_ws/install/r2d2_urdf/lib/python3.8/site-packages:${PYTHONPATH} /usr/bin/python3 setup.py egg_info --egg-base ../../build/r2d2_urdf build --build-base /home/eecs/tutorial_ws/build/r2d2_urdf/build install --prefix /home/eecs/tutorial_ws/install/r2d2_urdf --record /home/eecs/tutorial_ws/build/r2d2_urdf/install.log --single-version-externally-managed
