[2.235s] Invoking command in '/home/eecs/tutorial_ws/src/py_cli': PYTHONPATH=/home/eecs/tutorial_ws/install/py_cli/lib/python3.8/site-packages:${PYTHONPATH} /usr/bin/python3 setup.py egg_info --egg-base ../../build/py_cli build --build-base /home/eecs/tutorial_ws/build/py_cli/build install --prefix /home/eecs/tutorial_ws/install/py_cli --record /home/eecs/tutorial_ws/build/py_cli/install.log --single-version-externally-managed
[3.003s] running egg_info
[3.004s] creating ../../build/py_cli/py_cli.egg-info
[3.005s] writing ../../build/py_cli/py_cli.egg-info/PKG-INFO
[3.006s] writing dependency_links to ../../build/py_cli/py_cli.egg-info/dependency_links.txt
[3.007s] writing entry points to ../../build/py_cli/py_cli.egg-info/entry_points.txt
[3.008s] writing requirements to ../../build/py_cli/py_cli.egg-info/requires.txt
[3.009s] writing top-level names to ../../build/py_cli/py_cli.egg-info/top_level.txt
[3.012s] writing manifest file '../../build/py_cli/py_cli.egg-info/SOURCES.txt'
[3.102s] reading manifest file '../../build/py_cli/py_cli.egg-info/SOURCES.txt'
[3.104s] writing manifest file '../../build/py_cli/py_cli.egg-info/SOURCES.txt'
[3.105s] running build
[3.105s] running build_py
[3.106s] creating /home/eecs/tutorial_ws/build/py_cli/build
[3.106s] creating /home/eecs/tutorial_ws/build/py_cli/build/lib
[3.107s] creating /home/eecs/tutorial_ws/build/py_cli/build/lib/py_cli
[3.108s] copying py_cli/client_member_function.py -> /home/eecs/tutorial_ws/build/py_cli/build/lib/py_cli
[3.108s] copying py_cli/__init__.py -> /home/eecs/tutorial_ws/build/py_cli/build/lib/py_cli
[3.109s] running install
[3.111s] running install_lib
[3.115s] creating /home/eecs/tutorial_ws/install/py_cli/lib/python3.8/site-packages/py_cli
[3.115s] copying /home/eecs/tutorial_ws/build/py_cli/build/lib/py_cli/client_member_function.py -> /home/eecs/tutorial_ws/install/py_cli/lib/python3.8/site-packages/py_cli
[3.116s] copying /home/eecs/tutorial_ws/build/py_cli/build/lib/py_cli/__init__.py -> /home/eecs/tutorial_ws/install/py_cli/lib/python3.8/site-packages/py_cli
[3.118s] byte-compiling /home/eecs/tutorial_ws/install/py_cli/lib/python3.8/site-packages/py_cli/client_member_function.py to client_member_function.cpython-38.pyc
[3.122s] byte-compiling /home/eecs/tutorial_ws/install/py_cli/lib/python3.8/site-packages/py_cli/__init__.py to __init__.cpython-38.pyc
[3.123s] running install_data
[3.124s] creating /home/eecs/tutorial_ws/install/py_cli/share/ament_index
[3.125s] creating /home/eecs/tutorial_ws/install/py_cli/share/ament_index/resource_index
[3.125s] creating /home/eecs/tutorial_ws/install/py_cli/share/ament_index/resource_index/packages
[3.126s] copying resource/py_cli -> /home/eecs/tutorial_ws/install/py_cli/share/ament_index/resource_index/packages
[3.127s] copying package.xml -> /home/eecs/tutorial_ws/install/py_cli/share/py_cli
[3.127s] running install_egg_info
[3.131s] Copying ../../build/py_cli/py_cli.egg-info to /home/eecs/tutorial_ws/install/py_cli/lib/python3.8/site-packages/py_cli-0.0.0-py3.8.egg-info
[3.134s] running install_scripts
[3.175s] Installing client script to /home/eecs/tutorial_ws/install/py_cli/lib/py_cli
[3.176s] writing list of installed files to '/home/eecs/tutorial_ws/build/py_cli/install.log'
[3.226s] Invoked command in '/home/eecs/tutorial_ws/src/py_cli' returned '0': PYTHONPATH=/home/eecs/tutorial_ws/install/py_cli/lib/python3.8/site-packages:${PYTHONPATH} /usr/bin/python3 setup.py egg_info --egg-base ../../build/py_cli build --build-base /home/eecs/tutorial_ws/build/py_cli/build install --prefix /home/eecs/tutorial_ws/install/py_cli --record /home/eecs/tutorial_ws/build/py_cli/install.log --single-version-externally-managed
