-- The C compiler identification is GNU 9.4.0
-- The CXX compiler identification is GNU 9.4.0
-- Check for working C compiler: /usr/bin/cc
-- Check for working C compiler: /usr/bin/cc -- works
-- Detecting C compiler ABI info
-- Detecting C compiler ABI info - done
-- Detecting C compile features
-- Detecting C compile features - done
-- Check for working CXX compiler: /usr/bin/c++
-- Check for working CXX compiler: /usr/bin/c++ -- works
-- Detecting CXX compiler ABI info
-- Detecting CXX compiler ABI info - done
-- Detecting CXX compile features
-- Detecting CXX compile features - done
-- Found ament_cmake: 0.9.9 (/opt/ros/foxy/share/ament_cmake/cmake)
-- Found PythonInterp: /usr/bin/python3 (found suitable version "3.8.10", minimum required is "3") 
-- Using PYTHON_EXECUTABLE: /usr/bin/python3
-- Found ament_lint_auto: 0.9.6 (/opt/ros/foxy/share/ament_lint_auto/cmake)
-- Added test 'lint_cmake' to check CMake code style
-- Added test 'xmllint' to check XML markup files
-- Configuring done
-- Generating done
-- Build files have been written to: /home/eecs/tutorial_ws/build/image_pipeline
-- Install configuration: ""
-- Installing: /home/eecs/tutorial_ws/install/image_pipeline/share/ament_index/resource_index/package_run_dependencies/image_pipeline
-- Installing: /home/eecs/tutorial_ws/install/image_pipeline/share/ament_index/resource_index/parent_prefix_path/image_pipeline
-- Installing: /home/eecs/tutorial_ws/install/image_pipeline/share/image_pipeline/environment/ament_prefix_path.sh
-- Installing: /home/eecs/tutorial_ws/install/image_pipeline/share/image_pipeline/environment/ament_prefix_path.dsv
-- Installing: /home/eecs/tutorial_ws/install/image_pipeline/share/image_pipeline/environment/path.sh
-- Installing: /home/eecs/tutorial_ws/install/image_pipeline/share/image_pipeline/environment/path.dsv
-- Installing: /home/eecs/tutorial_ws/install/image_pipeline/share/image_pipeline/local_setup.bash
-- Installing: /home/eecs/tutorial_ws/install/image_pipeline/share/image_pipeline/local_setup.sh
-- Installing: /home/eecs/tutorial_ws/install/image_pipeline/share/image_pipeline/local_setup.zsh
-- Installing: /home/eecs/tutorial_ws/install/image_pipeline/share/image_pipeline/local_setup.dsv
-- Installing: /home/eecs/tutorial_ws/install/image_pipeline/share/image_pipeline/package.dsv
-- Installing: /home/eecs/tutorial_ws/install/image_pipeline/share/ament_index/resource_index/packages/image_pipeline
-- Installing: /home/eecs/tutorial_ws/install/image_pipeline/share/image_pipeline/cmake/image_pipelineConfig.cmake
-- Installing: /home/eecs/tutorial_ws/install/image_pipeline/share/image_pipeline/cmake/image_pipelineConfig-version.cmake
-- Installing: /home/eecs/tutorial_ws/install/image_pipeline/share/image_pipeline/package.xml
