[0.034s] Invoking command in '/home/eecs/tutorial_ws/build/image_pipeline': AMENT_PREFIX_PATH=/home/eecs/tutorial_ws/install/stereo_image_proc:/home/eecs/tutorial_ws/install/image_proc:/home/eecs/tutorial_ws/install/tracetools_image_pipeline:/home/eecs/tutorial_ws/install/image_view:/home/eecs/tutorial_ws/install/image_rotate:/home/eecs/tutorial_ws/install/image_publisher:/home/eecs/tutorial_ws/install/depth_image_proc:/home/eecs/tutorial_ws/install/camera_calibration:${AMENT_PREFIX_PATH} CMAKE_PREFIX_PATH=/home/eecs/tutorial_ws/install/stereo_image_proc:/home/eecs/tutorial_ws/install/image_proc:/home/eecs/tutorial_ws/install/tracetools_image_pipeline:/home/eecs/tutorial_ws/install/image_view:/home/eecs/tutorial_ws/install/image_rotate:/home/eecs/tutorial_ws/install/image_publisher:/home/eecs/tutorial_ws/install/depth_image_proc:/home/eecs/tutorial_ws/install/py_sub:/home/eecs/tutorial_ws/install/py_pub:/opt/ros/foxy LD_LIBRARY_PATH=/home/eecs/tutorial_ws/install/stereo_image_proc/lib:/home/eecs/tutorial_ws/install/image_proc/lib:/home/eecs/tutorial_ws/install/tracetools_image_pipeline/lib:/home/eecs/tutorial_ws/install/image_view/lib:/home/eecs/tutorial_ws/install/image_rotate/lib:/home/eecs/tutorial_ws/install/image_publisher/lib:/home/eecs/tutorial_ws/install/depth_image_proc/lib:${LD_LIBRARY_PATH} PATH=/home/eecs/tutorial_ws/install/image_proc/bin:${PATH} PYTHONPATH=/home/eecs/tutorial_ws/install/camera_calibration/lib/python3.8/site-packages:${PYTHONPATH} /usr/bin/cmake /home/eecs/tutorial_ws/src/image_pipeline/image_pipeline -DCMAKE_INSTALL_PREFIX=/home/eecs/tutorial_ws/install/image_pipeline
[0.108s] -- The C compiler identification is GNU 9.4.0
[0.179s] -- The CXX compiler identification is GNU 9.4.0
[0.185s] -- Check for working C compiler: /usr/bin/cc
[0.279s] -- Check for working C compiler: /usr/bin/cc -- works
[0.280s] -- Detecting C compiler ABI info
[0.368s] -- Detecting C compiler ABI info - done
[0.384s] -- Detecting C compile features
[0.384s] -- Detecting C compile features - done
[0.387s] -- Check for working CXX compiler: /usr/bin/c++
[0.491s] -- Check for working CXX compiler: /usr/bin/c++ -- works
[0.492s] -- Detecting CXX compiler ABI info
[0.598s] -- Detecting CXX compiler ABI info - done
[0.613s] -- Detecting CXX compile features
[0.614s] -- Detecting CXX compile features - done
[0.618s] -- Found ament_cmake: 0.9.9 (/opt/ros/foxy/share/ament_cmake/cmake)
[0.654s] -- Found PythonInterp: /usr/bin/python3 (found suitable version "3.8.10", minimum required is "3") 
[0.654s] -- Using PYTHON_EXECUTABLE: /usr/bin/python3
[0.933s] -- Found ament_lint_auto: 0.9.6 (/opt/ros/foxy/share/ament_lint_auto/cmake)
[1.082s] -- Added test 'lint_cmake' to check CMake code style
[1.083s] -- Added test 'xmllint' to check XML markup files
[1.086s] -- Configuring done
[1.089s] -- Generating done
[1.090s] -- Build files have been written to: /home/eecs/tutorial_ws/build/image_pipeline
[1.094s] Invoked command in '/home/eecs/tutorial_ws/build/image_pipeline' returned '0': AMENT_PREFIX_PATH=/home/eecs/tutorial_ws/install/stereo_image_proc:/home/eecs/tutorial_ws/install/image_proc:/home/eecs/tutorial_ws/install/tracetools_image_pipeline:/home/eecs/tutorial_ws/install/image_view:/home/eecs/tutorial_ws/install/image_rotate:/home/eecs/tutorial_ws/install/image_publisher:/home/eecs/tutorial_ws/install/depth_image_proc:/home/eecs/tutorial_ws/install/camera_calibration:${AMENT_PREFIX_PATH} CMAKE_PREFIX_PATH=/home/eecs/tutorial_ws/install/stereo_image_proc:/home/eecs/tutorial_ws/install/image_proc:/home/eecs/tutorial_ws/install/tracetools_image_pipeline:/home/eecs/tutorial_ws/install/image_view:/home/eecs/tutorial_ws/install/image_rotate:/home/eecs/tutorial_ws/install/image_publisher:/home/eecs/tutorial_ws/install/depth_image_proc:/home/eecs/tutorial_ws/install/py_sub:/home/eecs/tutorial_ws/install/py_pub:/opt/ros/foxy LD_LIBRARY_PATH=/home/eecs/tutorial_ws/install/stereo_image_proc/lib:/home/eecs/tutorial_ws/install/image_proc/lib:/home/eecs/tutorial_ws/install/tracetools_image_pipeline/lib:/home/eecs/tutorial_ws/install/image_view/lib:/home/eecs/tutorial_ws/install/image_rotate/lib:/home/eecs/tutorial_ws/install/image_publisher/lib:/home/eecs/tutorial_ws/install/depth_image_proc/lib:${LD_LIBRARY_PATH} PATH=/home/eecs/tutorial_ws/install/image_proc/bin:${PATH} PYTHONPATH=/home/eecs/tutorial_ws/install/camera_calibration/lib/python3.8/site-packages:${PYTHONPATH} /usr/bin/cmake /home/eecs/tutorial_ws/src/image_pipeline/image_pipeline -DCMAKE_INSTALL_PREFIX=/home/eecs/tutorial_ws/install/image_pipeline
[1.098s] Invoking command in '/home/eecs/tutorial_ws/build/image_pipeline': AMENT_PREFIX_PATH=/home/eecs/tutorial_ws/install/stereo_image_proc:/home/eecs/tutorial_ws/install/image_proc:/home/eecs/tutorial_ws/install/tracetools_image_pipeline:/home/eecs/tutorial_ws/install/image_view:/home/eecs/tutorial_ws/install/image_rotate:/home/eecs/tutorial_ws/install/image_publisher:/home/eecs/tutorial_ws/install/depth_image_proc:/home/eecs/tutorial_ws/install/camera_calibration:${AMENT_PREFIX_PATH} CMAKE_PREFIX_PATH=/home/eecs/tutorial_ws/install/stereo_image_proc:/home/eecs/tutorial_ws/install/image_proc:/home/eecs/tutorial_ws/install/tracetools_image_pipeline:/home/eecs/tutorial_ws/install/image_view:/home/eecs/tutorial_ws/install/image_rotate:/home/eecs/tutorial_ws/install/image_publisher:/home/eecs/tutorial_ws/install/depth_image_proc:/home/eecs/tutorial_ws/install/py_sub:/home/eecs/tutorial_ws/install/py_pub:/opt/ros/foxy LD_LIBRARY_PATH=/home/eecs/tutorial_ws/install/stereo_image_proc/lib:/home/eecs/tutorial_ws/install/image_proc/lib:/home/eecs/tutorial_ws/install/tracetools_image_pipeline/lib:/home/eecs/tutorial_ws/install/image_view/lib:/home/eecs/tutorial_ws/install/image_rotate/lib:/home/eecs/tutorial_ws/install/image_publisher/lib:/home/eecs/tutorial_ws/install/depth_image_proc/lib:${LD_LIBRARY_PATH} PATH=/home/eecs/tutorial_ws/install/image_proc/bin:${PATH} PYTHONPATH=/home/eecs/tutorial_ws/install/camera_calibration/lib/python3.8/site-packages:${PYTHONPATH} /usr/bin/cmake --build /home/eecs/tutorial_ws/build/image_pipeline -- -j4 -l4
[1.153s] Invoked command in '/home/eecs/tutorial_ws/build/image_pipeline' returned '0': AMENT_PREFIX_PATH=/home/eecs/tutorial_ws/install/stereo_image_proc:/home/eecs/tutorial_ws/install/image_proc:/home/eecs/tutorial_ws/install/tracetools_image_pipeline:/home/eecs/tutorial_ws/install/image_view:/home/eecs/tutorial_ws/install/image_rotate:/home/eecs/tutorial_ws/install/image_publisher:/home/eecs/tutorial_ws/install/depth_image_proc:/home/eecs/tutorial_ws/install/camera_calibration:${AMENT_PREFIX_PATH} CMAKE_PREFIX_PATH=/home/eecs/tutorial_ws/install/stereo_image_proc:/home/eecs/tutorial_ws/install/image_proc:/home/eecs/tutorial_ws/install/tracetools_image_pipeline:/home/eecs/tutorial_ws/install/image_view:/home/eecs/tutorial_ws/install/image_rotate:/home/eecs/tutorial_ws/install/image_publisher:/home/eecs/tutorial_ws/install/depth_image_proc:/home/eecs/tutorial_ws/install/py_sub:/home/eecs/tutorial_ws/install/py_pub:/opt/ros/foxy LD_LIBRARY_PATH=/home/eecs/tutorial_ws/install/stereo_image_proc/lib:/home/eecs/tutorial_ws/install/image_proc/lib:/home/eecs/tutorial_ws/install/tracetools_image_pipeline/lib:/home/eecs/tutorial_ws/install/image_view/lib:/home/eecs/tutorial_ws/install/image_rotate/lib:/home/eecs/tutorial_ws/install/image_publisher/lib:/home/eecs/tutorial_ws/install/depth_image_proc/lib:${LD_LIBRARY_PATH} PATH=/home/eecs/tutorial_ws/install/image_proc/bin:${PATH} PYTHONPATH=/home/eecs/tutorial_ws/install/camera_calibration/lib/python3.8/site-packages:${PYTHONPATH} /usr/bin/cmake --build /home/eecs/tutorial_ws/build/image_pipeline -- -j4 -l4
[1.182s] Invoking command in '/home/eecs/tutorial_ws/build/image_pipeline': AMENT_PREFIX_PATH=/home/eecs/tutorial_ws/install/stereo_image_proc:/home/eecs/tutorial_ws/install/image_proc:/home/eecs/tutorial_ws/install/tracetools_image_pipeline:/home/eecs/tutorial_ws/install/image_view:/home/eecs/tutorial_ws/install/image_rotate:/home/eecs/tutorial_ws/install/image_publisher:/home/eecs/tutorial_ws/install/depth_image_proc:/home/eecs/tutorial_ws/install/camera_calibration:${AMENT_PREFIX_PATH} CMAKE_PREFIX_PATH=/home/eecs/tutorial_ws/install/stereo_image_proc:/home/eecs/tutorial_ws/install/image_proc:/home/eecs/tutorial_ws/install/tracetools_image_pipeline:/home/eecs/tutorial_ws/install/image_view:/home/eecs/tutorial_ws/install/image_rotate:/home/eecs/tutorial_ws/install/image_publisher:/home/eecs/tutorial_ws/install/depth_image_proc:/home/eecs/tutorial_ws/install/py_sub:/home/eecs/tutorial_ws/install/py_pub:/opt/ros/foxy LD_LIBRARY_PATH=/home/eecs/tutorial_ws/install/stereo_image_proc/lib:/home/eecs/tutorial_ws/install/image_proc/lib:/home/eecs/tutorial_ws/install/tracetools_image_pipeline/lib:/home/eecs/tutorial_ws/install/image_view/lib:/home/eecs/tutorial_ws/install/image_rotate/lib:/home/eecs/tutorial_ws/install/image_publisher/lib:/home/eecs/tutorial_ws/install/depth_image_proc/lib:${LD_LIBRARY_PATH} PATH=/home/eecs/tutorial_ws/install/image_proc/bin:${PATH} PYTHONPATH=/home/eecs/tutorial_ws/install/camera_calibration/lib/python3.8/site-packages:${PYTHONPATH} /usr/bin/cmake --install /home/eecs/tutorial_ws/build/image_pipeline
[1.194s] -- Install configuration: ""
[1.194s] -- Installing: /home/eecs/tutorial_ws/install/image_pipeline/share/ament_index/resource_index/package_run_dependencies/image_pipeline
[1.194s] -- Installing: /home/eecs/tutorial_ws/install/image_pipeline/share/ament_index/resource_index/parent_prefix_path/image_pipeline
[1.195s] -- Installing: /home/eecs/tutorial_ws/install/image_pipeline/share/image_pipeline/environment/ament_prefix_path.sh
[1.195s] -- Installing: /home/eecs/tutorial_ws/install/image_pipeline/share/image_pipeline/environment/ament_prefix_path.dsv
[1.195s] -- Installing: /home/eecs/tutorial_ws/install/image_pipeline/share/image_pipeline/environment/path.sh
[1.195s] -- Installing: /home/eecs/tutorial_ws/install/image_pipeline/share/image_pipeline/environment/path.dsv
[1.196s] -- Installing: /home/eecs/tutorial_ws/install/image_pipeline/share/image_pipeline/local_setup.bash
[1.196s] -- Installing: /home/eecs/tutorial_ws/install/image_pipeline/share/image_pipeline/local_setup.sh
[1.196s] -- Installing: /home/eecs/tutorial_ws/install/image_pipeline/share/image_pipeline/local_setup.zsh
[1.196s] -- Installing: /home/eecs/tutorial_ws/install/image_pipeline/share/image_pipeline/local_setup.dsv
[1.196s] -- Installing: /home/eecs/tutorial_ws/install/image_pipeline/share/image_pipeline/package.dsv
[1.197s] -- Installing: /home/eecs/tutorial_ws/install/image_pipeline/share/ament_index/resource_index/packages/image_pipeline
[1.197s] -- Installing: /home/eecs/tutorial_ws/install/image_pipeline/share/image_pipeline/cmake/image_pipelineConfig.cmake
[1.197s] -- Installing: /home/eecs/tutorial_ws/install/image_pipeline/share/image_pipeline/cmake/image_pipelineConfig-version.cmake
[1.197s] -- Installing: /home/eecs/tutorial_ws/install/image_pipeline/share/image_pipeline/package.xml
[1.201s] Invoked command in '/home/eecs/tutorial_ws/build/image_pipeline' returned '0': AMENT_PREFIX_PATH=/home/eecs/tutorial_ws/install/stereo_image_proc:/home/eecs/tutorial_ws/install/image_proc:/home/eecs/tutorial_ws/install/tracetools_image_pipeline:/home/eecs/tutorial_ws/install/image_view:/home/eecs/tutorial_ws/install/image_rotate:/home/eecs/tutorial_ws/install/image_publisher:/home/eecs/tutorial_ws/install/depth_image_proc:/home/eecs/tutorial_ws/install/camera_calibration:${AMENT_PREFIX_PATH} CMAKE_PREFIX_PATH=/home/eecs/tutorial_ws/install/stereo_image_proc:/home/eecs/tutorial_ws/install/image_proc:/home/eecs/tutorial_ws/install/tracetools_image_pipeline:/home/eecs/tutorial_ws/install/image_view:/home/eecs/tutorial_ws/install/image_rotate:/home/eecs/tutorial_ws/install/image_publisher:/home/eecs/tutorial_ws/install/depth_image_proc:/home/eecs/tutorial_ws/install/py_sub:/home/eecs/tutorial_ws/install/py_pub:/opt/ros/foxy LD_LIBRARY_PATH=/home/eecs/tutorial_ws/install/stereo_image_proc/lib:/home/eecs/tutorial_ws/install/image_proc/lib:/home/eecs/tutorial_ws/install/tracetools_image_pipeline/lib:/home/eecs/tutorial_ws/install/image_view/lib:/home/eecs/tutorial_ws/install/image_rotate/lib:/home/eecs/tutorial_ws/install/image_publisher/lib:/home/eecs/tutorial_ws/install/depth_image_proc/lib:${LD_LIBRARY_PATH} PATH=/home/eecs/tutorial_ws/install/image_proc/bin:${PATH} PYTHONPATH=/home/eecs/tutorial_ws/install/camera_calibration/lib/python3.8/site-packages:${PYTHONPATH} /usr/bin/cmake --install /home/eecs/tutorial_ws/build/image_pipeline
