[1.568s] Invoking command in '/home/eecs/tutorial_ws/src/py_pub': CMAKE_PREFIX_PATH=/home/eecs/tutorial_ws/install/my_interfaces:/home/eecs/tutorial_ws/install/image_pipeline:/home/eecs/tutorial_ws/install/stereo_image_proc:/home/eecs/tutorial_ws/install/image_proc:/home/eecs/tutorial_ws/install/tracetools_image_pipeline:/home/eecs/tutorial_ws/install/image_view:/home/eecs/tutorial_ws/install/image_rotate:/home/eecs/tutorial_ws/install/image_publisher:/home/eecs/tutorial_ws/install/depth_image_proc LD_LIBRARY_PATH=/home/eecs/tutorial_ws/install/my_interfaces/lib:/home/eecs/tutorial_ws/install/stereo_image_proc/lib:/home/eecs/tutorial_ws/install/image_proc/lib:/home/eecs/tutorial_ws/install/tracetools_image_pipeline/lib:/home/eecs/tutorial_ws/install/image_view/lib:/home/eecs/tutorial_ws/install/image_rotate/lib:/home/eecs/tutorial_ws/install/image_publisher/lib:/home/eecs/tutorial_ws/install/depth_image_proc/lib:/opt/ros/foxy/opt/yaml_cpp_vendor/lib:/opt/ros/foxy/opt/rviz_ogre_vendor/lib:/opt/ros/foxy/lib/x86_64-linux-gnu:/opt/ros/foxy/lib PYTHONPATH=/home/eecs/tutorial_ws/install/py_pub/lib/python3.8/site-packages:/home/eecs/tutorial_ws/install/my_interfaces/lib/python3.8/site-packages:/home/eecs/tutorial_ws/install/recognizer/lib/python3.8/site-packages:/home/eecs/tutorial_ws/install/r2d2_urdf/lib/python3.8/site-packages:/home/eecs/tutorial_ws/install/py_sub/lib/python3.8/site-packages:/home/eecs/tutorial_ws/install/py_srv/lib/python3.8/site-packages:/home/eecs/tutorial_ws/install/py_pub/lib/python3.8/site-packages:/home/eecs/tutorial_ws/install/py_cli/lib/python3.8/site-packages:/home/eecs/tutorial_ws/install/camera_calibration/lib/python3.8/site-packages:/opt/ros/foxy/lib/python3.8/site-packages /usr/bin/python3 setup.py egg_info --egg-base ../../build/py_pub build --build-base /home/eecs/tutorial_ws/build/py_pub/build install --prefix /home/eecs/tutorial_ws/install/py_pub --record /home/eecs/tutorial_ws/build/py_pub/install.log --single-version-externally-managed
[1.935s] running egg_info
[1.935s] writing ../../build/py_pub/py_pub.egg-info/PKG-INFO
[1.936s] writing dependency_links to ../../build/py_pub/py_pub.egg-info/dependency_links.txt
[1.936s] writing entry points to ../../build/py_pub/py_pub.egg-info/entry_points.txt
[1.936s] writing requirements to ../../build/py_pub/py_pub.egg-info/requires.txt
[1.936s] writing top-level names to ../../build/py_pub/py_pub.egg-info/top_level.txt
[1.978s] reading manifest file '../../build/py_pub/py_pub.egg-info/SOURCES.txt'
[1.979s] writing manifest file '../../build/py_pub/py_pub.egg-info/SOURCES.txt'
[1.979s] running build
[1.980s] running build_py
[1.980s] running install
[1.981s] running install_lib
[1.983s] running install_data
[1.984s] running install_egg_info
[1.986s] removing '/home/eecs/tutorial_ws/install/py_pub/lib/python3.8/site-packages/py_pub-0.0.0-py3.8.egg-info' (and everything under it)
[1.986s] Copying ../../build/py_pub/py_pub.egg-info to /home/eecs/tutorial_ws/install/py_pub/lib/python3.8/site-packages/py_pub-0.0.0-py3.8.egg-info
[1.987s] running install_scripts
[2.008s] Installing image_talker script to /home/eecs/tutorial_ws/install/py_pub/lib/py_pub
[2.009s] Installing student_talker script to /home/eecs/tutorial_ws/install/py_pub/lib/py_pub
[2.009s] Installing talker script to /home/eecs/tutorial_ws/install/py_pub/lib/py_pub
[2.009s] Installing tf2_static_broadcaster script to /home/eecs/tutorial_ws/install/py_pub/lib/py_pub
[2.010s] writing list of installed files to '/home/eecs/tutorial_ws/build/py_pub/install.log'
[2.039s] Invoked command in '/home/eecs/tutorial_ws/src/py_pub' returned '0': CMAKE_PREFIX_PATH=/home/eecs/tutorial_ws/install/my_interfaces:/home/eecs/tutorial_ws/install/image_pipeline:/home/eecs/tutorial_ws/install/stereo_image_proc:/home/eecs/tutorial_ws/install/image_proc:/home/eecs/tutorial_ws/install/tracetools_image_pipeline:/home/eecs/tutorial_ws/install/image_view:/home/eecs/tutorial_ws/install/image_rotate:/home/eecs/tutorial_ws/install/image_publisher:/home/eecs/tutorial_ws/install/depth_image_proc LD_LIBRARY_PATH=/home/eecs/tutorial_ws/install/my_interfaces/lib:/home/eecs/tutorial_ws/install/stereo_image_proc/lib:/home/eecs/tutorial_ws/install/image_proc/lib:/home/eecs/tutorial_ws/install/tracetools_image_pipeline/lib:/home/eecs/tutorial_ws/install/image_view/lib:/home/eecs/tutorial_ws/install/image_rotate/lib:/home/eecs/tutorial_ws/install/image_publisher/lib:/home/eecs/tutorial_ws/install/depth_image_proc/lib:/opt/ros/foxy/opt/yaml_cpp_vendor/lib:/opt/ros/foxy/opt/rviz_ogre_vendor/lib:/opt/ros/foxy/lib/x86_64-linux-gnu:/opt/ros/foxy/lib PYTHONPATH=/home/eecs/tutorial_ws/install/py_pub/lib/python3.8/site-packages:/home/eecs/tutorial_ws/install/my_interfaces/lib/python3.8/site-packages:/home/eecs/tutorial_ws/install/recognizer/lib/python3.8/site-packages:/home/eecs/tutorial_ws/install/r2d2_urdf/lib/python3.8/site-packages:/home/eecs/tutorial_ws/install/py_sub/lib/python3.8/site-packages:/home/eecs/tutorial_ws/install/py_srv/lib/python3.8/site-packages:/home/eecs/tutorial_ws/install/py_pub/lib/python3.8/site-packages:/home/eecs/tutorial_ws/install/py_cli/lib/python3.8/site-packages:/home/eecs/tutorial_ws/install/camera_calibration/lib/python3.8/site-packages:/opt/ros/foxy/lib/python3.8/site-packages /usr/bin/python3 setup.py egg_info --egg-base ../../build/py_pub build --build-base /home/eecs/tutorial_ws/build/py_pub/build install --prefix /home/eecs/tutorial_ws/install/py_pub --record /home/eecs/tutorial_ws/build/py_pub/install.log --single-version-externally-managed
