[0.024s] Invoking command in '/home/eecs/tutorial_ws/build/image_publisher': CMAKE_PREFIX_PATH=/opt/ros/foxy /usr/bin/cmake --build /home/eecs/tutorial_ws/build/image_publisher -- -j4 -l4
[0.186s] [ 50%] Built target image_publisher
[0.248s] [100%] Built target image_publisher_node
[0.271s] Invoked command in '/home/eecs/tutorial_ws/build/image_publisher' returned '0': CMAKE_PREFIX_PATH=/opt/ros/foxy /usr/bin/cmake --build /home/eecs/tutorial_ws/build/image_publisher -- -j4 -l4
[0.329s] Invoking command in '/home/eecs/tutorial_ws/build/image_publisher': CMAKE_PREFIX_PATH=/opt/ros/foxy /usr/bin/cmake --install /home/eecs/tutorial_ws/build/image_publisher
[0.346s] -- Install configuration: ""
[0.347s] -- Up-to-date: /home/eecs/tutorial_ws/install/image_publisher/include
[0.347s] -- Up-to-date: /home/eecs/tutorial_ws/install/image_publisher/include/image_publisher
[0.347s] -- Up-to-date: /home/eecs/tutorial_ws/install/image_publisher/include/image_publisher/visibility.h
[0.347s] -- Up-to-date: /home/eecs/tutorial_ws/install/image_publisher/include/image_publisher/image_publisher.hpp
[0.348s] -- Up-to-date: /home/eecs/tutorial_ws/install/image_publisher/share/image_publisher/environment/library_path.sh
[0.348s] -- Up-to-date: /home/eecs/tutorial_ws/install/image_publisher/share/image_publisher/environment/library_path.dsv
[0.350s] -- Up-to-date: /home/eecs/tutorial_ws/install/image_publisher/lib/libimage_publisher.so
[0.352s] -- Up-to-date: /home/eecs/tutorial_ws/install/image_publisher/lib/image_publisher/image_publisher_node
[0.352s] -- Up-to-date: /home/eecs/tutorial_ws/install/image_publisher/share/image_publisher/launch
[0.352s] -- Up-to-date: /home/eecs/tutorial_ws/install/image_publisher/share/image_publisher/launch/image_publisher_file.launch.py
[0.353s] -- Up-to-date: /home/eecs/tutorial_ws/install/image_publisher/share/image_publisher/launch/splash.png
[0.353s] -- Up-to-date: /home/eecs/tutorial_ws/install/image_publisher/share/image_publisher/launch/image_publisher_mono.launch.py
[0.353s] -- Up-to-date: /home/eecs/tutorial_ws/install/image_publisher/share/image_publisher/launch/image_publisher_stereo.launch.py
[0.353s] -- Up-to-date: /home/eecs/tutorial_ws/install/image_publisher/share/ament_index/resource_index/package_run_dependencies/image_publisher
[0.353s] -- Up-to-date: /home/eecs/tutorial_ws/install/image_publisher/share/ament_index/resource_index/parent_prefix_path/image_publisher
[0.354s] -- Up-to-date: /home/eecs/tutorial_ws/install/image_publisher/share/image_publisher/environment/ament_prefix_path.sh
[0.354s] -- Up-to-date: /home/eecs/tutorial_ws/install/image_publisher/share/image_publisher/environment/ament_prefix_path.dsv
[0.354s] -- Up-to-date: /home/eecs/tutorial_ws/install/image_publisher/share/image_publisher/environment/path.sh
[0.354s] -- Up-to-date: /home/eecs/tutorial_ws/install/image_publisher/share/image_publisher/environment/path.dsv
[0.354s] -- Up-to-date: /home/eecs/tutorial_ws/install/image_publisher/share/image_publisher/local_setup.bash
[0.354s] -- Up-to-date: /home/eecs/tutorial_ws/install/image_publisher/share/image_publisher/local_setup.sh
[0.355s] -- Up-to-date: /home/eecs/tutorial_ws/install/image_publisher/share/image_publisher/local_setup.zsh
[0.355s] -- Up-to-date: /home/eecs/tutorial_ws/install/image_publisher/share/image_publisher/local_setup.dsv
[0.355s] -- Installing: /home/eecs/tutorial_ws/install/image_publisher/share/image_publisher/package.dsv
[0.356s] -- Up-to-date: /home/eecs/tutorial_ws/install/image_publisher/share/ament_index/resource_index/packages/image_publisher
[0.356s] -- Up-to-date: /home/eecs/tutorial_ws/install/image_publisher/share/ament_index/resource_index/rclcpp_components/image_publisher
[0.356s] -- Up-to-date: /home/eecs/tutorial_ws/install/image_publisher/share/image_publisher/cmake/ament_cmake_export_dependencies-extras.cmake
[0.357s] -- Up-to-date: /home/eecs/tutorial_ws/install/image_publisher/share/image_publisher/cmake/ament_cmake_export_include_directories-extras.cmake
[0.357s] -- Up-to-date: /home/eecs/tutorial_ws/install/image_publisher/share/image_publisher/cmake/ament_cmake_export_libraries-extras.cmake
[0.357s] -- Up-to-date: /home/eecs/tutorial_ws/install/image_publisher/share/image_publisher/cmake/image_publisherConfig.cmake
[0.357s] -- Up-to-date: /home/eecs/tutorial_ws/install/image_publisher/share/image_publisher/cmake/image_publisherConfig-version.cmake
[0.357s] -- Up-to-date: /home/eecs/tutorial_ws/install/image_publisher/share/image_publisher/package.xml
[0.363s] Invoked command in '/home/eecs/tutorial_ws/build/image_publisher' returned '0': CMAKE_PREFIX_PATH=/opt/ros/foxy /usr/bin/cmake --install /home/eecs/tutorial_ws/build/image_publisher
