[0.052s] Invoking command in '/home/eecs/tutorial_ws/build/tracetools_image_pipeline': CMAKE_PREFIX_PATH=${CMAKE_PREFIX_PATH}:/home/eecs/tutorial_ws/install/recognizer:/home/eecs/tutorial_ws/install/r2d2_urdf:/home/eecs/tutorial_ws/install/py_sub:/home/eecs/tutorial_ws/install/py_srv:/home/eecs/tutorial_ws/install/py_pub:/home/eecs/tutorial_ws/install/py_cli:/home/eecs/tutorial_ws/install/camera_calibration:/opt/ros/foxy /usr/bin/cmake --build /home/eecs/tutorial_ws/build/tracetools_image_pipeline -- -j4 -l4
[0.499s] [ 60%] Built target tracetools_image_pipeline
[0.499s] [100%] Built target status
[0.512s] Invoked command in '/home/eecs/tutorial_ws/build/tracetools_image_pipeline' returned '0': CMAKE_PREFIX_PATH=${CMAKE_PREFIX_PATH}:/home/eecs/tutorial_ws/install/recognizer:/home/eecs/tutorial_ws/install/r2d2_urdf:/home/eecs/tutorial_ws/install/py_sub:/home/eecs/tutorial_ws/install/py_srv:/home/eecs/tutorial_ws/install/py_pub:/home/eecs/tutorial_ws/install/py_cli:/home/eecs/tutorial_ws/install/camera_calibration:/opt/ros/foxy /usr/bin/cmake --build /home/eecs/tutorial_ws/build/tracetools_image_pipeline -- -j4 -l4
[0.597s] Invoking command in '/home/eecs/tutorial_ws/build/tracetools_image_pipeline': CMAKE_PREFIX_PATH=${CMAKE_PREFIX_PATH}:/home/eecs/tutorial_ws/install/recognizer:/home/eecs/tutorial_ws/install/r2d2_urdf:/home/eecs/tutorial_ws/install/py_sub:/home/eecs/tutorial_ws/install/py_srv:/home/eecs/tutorial_ws/install/py_pub:/home/eecs/tutorial_ws/install/py_cli:/home/eecs/tutorial_ws/install/camera_calibration:/opt/ros/foxy /usr/bin/cmake --install /home/eecs/tutorial_ws/build/tracetools_image_pipeline
[0.622s] -- Install configuration: ""
[0.623s] -- Up-to-date: /home/eecs/tutorial_ws/install/tracetools_image_pipeline/share/tracetools_image_pipeline/environment/library_path.sh
[0.623s] -- Up-to-date: /home/eecs/tutorial_ws/install/tracetools_image_pipeline/share/tracetools_image_pipeline/environment/library_path.dsv
[0.624s] -- Up-to-date: /home/eecs/tutorial_ws/install/tracetools_image_pipeline/lib/tracetools_image_pipeline/status
[0.625s] -- Up-to-date: /home/eecs/tutorial_ws/install/tracetools_image_pipeline/include
[0.625s] -- Up-to-date: /home/eecs/tutorial_ws/install/tracetools_image_pipeline/include/tracetools_image_pipeline
[0.626s] -- Up-to-date: /home/eecs/tutorial_ws/install/tracetools_image_pipeline/include/tracetools_image_pipeline/tracetools.h
[0.626s] -- Up-to-date: /home/eecs/tutorial_ws/install/tracetools_image_pipeline/include/tracetools_image_pipeline/visibility_control.hpp
[0.627s] -- Up-to-date: /home/eecs/tutorial_ws/install/tracetools_image_pipeline/include/tracetools_image_pipeline/utils.hpp
[0.627s] -- Up-to-date: /home/eecs/tutorial_ws/install/tracetools_image_pipeline/include/tracetools_image_pipeline/config.h
[0.628s] -- Up-to-date: /home/eecs/tutorial_ws/install/tracetools_image_pipeline/lib/libtracetools_image_pipeline.so
[0.628s] -- Up-to-date: /home/eecs/tutorial_ws/install/tracetools_image_pipeline/share/ament_index/resource_index/package_run_dependencies/tracetools_image_pipeline
[0.629s] -- Up-to-date: /home/eecs/tutorial_ws/install/tracetools_image_pipeline/share/ament_index/resource_index/parent_prefix_path/tracetools_image_pipeline
[0.629s] -- Up-to-date: /home/eecs/tutorial_ws/install/tracetools_image_pipeline/share/tracetools_image_pipeline/environment/ament_prefix_path.sh
[0.630s] -- Up-to-date: /home/eecs/tutorial_ws/install/tracetools_image_pipeline/share/tracetools_image_pipeline/environment/ament_prefix_path.dsv
[0.630s] -- Up-to-date: /home/eecs/tutorial_ws/install/tracetools_image_pipeline/share/tracetools_image_pipeline/environment/path.sh
[0.630s] -- Up-to-date: /home/eecs/tutorial_ws/install/tracetools_image_pipeline/share/tracetools_image_pipeline/environment/path.dsv
[0.631s] -- Up-to-date: /home/eecs/tutorial_ws/install/tracetools_image_pipeline/share/tracetools_image_pipeline/local_setup.bash
[0.631s] -- Up-to-date: /home/eecs/tutorial_ws/install/tracetools_image_pipeline/share/tracetools_image_pipeline/local_setup.sh
[0.632s] -- Up-to-date: /home/eecs/tutorial_ws/install/tracetools_image_pipeline/share/tracetools_image_pipeline/local_setup.zsh
[0.633s] -- Up-to-date: /home/eecs/tutorial_ws/install/tracetools_image_pipeline/share/tracetools_image_pipeline/local_setup.dsv
[0.634s] -- Installing: /home/eecs/tutorial_ws/install/tracetools_image_pipeline/share/tracetools_image_pipeline/package.dsv
[0.635s] -- Up-to-date: /home/eecs/tutorial_ws/install/tracetools_image_pipeline/share/ament_index/resource_index/packages/tracetools_image_pipeline
[0.636s] -- Up-to-date: /home/eecs/tutorial_ws/install/tracetools_image_pipeline/share/tracetools_image_pipeline/cmake/tracetools_image_pipeline_exportExport.cmake
[0.636s] -- Up-to-date: /home/eecs/tutorial_ws/install/tracetools_image_pipeline/share/tracetools_image_pipeline/cmake/tracetools_image_pipeline_exportExport-noconfig.cmake
[0.637s] -- Up-to-date: /home/eecs/tutorial_ws/install/tracetools_image_pipeline/share/tracetools_image_pipeline/cmake/ament_cmake_export_targets-extras.cmake
[0.637s] -- Up-to-date: /home/eecs/tutorial_ws/install/tracetools_image_pipeline/share/tracetools_image_pipeline/cmake/ament_cmake_export_include_directories-extras.cmake
[0.637s] -- Up-to-date: /home/eecs/tutorial_ws/install/tracetools_image_pipeline/share/tracetools_image_pipeline/cmake/ament_cmake_export_libraries-extras.cmake
[0.638s] -- Up-to-date: /home/eecs/tutorial_ws/install/tracetools_image_pipeline/share/tracetools_image_pipeline/cmake/tracetools_image_pipelineConfig.cmake
[0.638s] -- Up-to-date: /home/eecs/tutorial_ws/install/tracetools_image_pipeline/share/tracetools_image_pipeline/cmake/tracetools_image_pipelineConfig-version.cmake
[0.639s] -- Up-to-date: /home/eecs/tutorial_ws/install/tracetools_image_pipeline/share/tracetools_image_pipeline/package.xml
[0.662s] Invoked command in '/home/eecs/tutorial_ws/build/tracetools_image_pipeline' returned '0': CMAKE_PREFIX_PATH=${CMAKE_PREFIX_PATH}:/home/eecs/tutorial_ws/install/recognizer:/home/eecs/tutorial_ws/install/r2d2_urdf:/home/eecs/tutorial_ws/install/py_sub:/home/eecs/tutorial_ws/install/py_srv:/home/eecs/tutorial_ws/install/py_pub:/home/eecs/tutorial_ws/install/py_cli:/home/eecs/tutorial_ws/install/camera_calibration:/opt/ros/foxy /usr/bin/cmake --install /home/eecs/tutorial_ws/build/tracetools_image_pipeline
