[1.805s] Invoking command in '/home/eecs/tutorial_ws/src/recognizer': PYTHONPATH=/home/eecs/tutorial_ws/install/recognizer/lib/python3.8/site-packages:${PYTHONPATH} /usr/bin/python3 setup.py egg_info --egg-base ../../build/recognizer build --build-base /home/eecs/tutorial_ws/build/recognizer/build install --prefix /home/eecs/tutorial_ws/install/recognizer --record /home/eecs/tutorial_ws/build/recognizer/install.log --single-version-externally-managed
[2.326s] running egg_info
[2.327s] writing ../../build/recognizer/recognizer.egg-info/PKG-INFO
[2.328s] writing dependency_links to ../../build/recognizer/recognizer.egg-info/dependency_links.txt
[2.328s] writing entry points to ../../build/recognizer/recognizer.egg-info/entry_points.txt
[2.328s] writing requirements to ../../build/recognizer/recognizer.egg-info/requires.txt
[2.328s] writing top-level names to ../../build/recognizer/recognizer.egg-info/top_level.txt
[2.400s] reading manifest file '../../build/recognizer/recognizer.egg-info/SOURCES.txt'
[2.402s] writing manifest file '../../build/recognizer/recognizer.egg-info/SOURCES.txt'
[2.402s] running build
[2.402s] running build_py
[2.403s] copying recognizer/inference.py -> /home/eecs/tutorial_ws/build/recognizer/build/lib/recognizer
[2.403s] running install
[2.405s] running install_lib
[2.406s] copying /home/eecs/tutorial_ws/build/recognizer/build/lib/recognizer/inference.py -> /home/eecs/tutorial_ws/install/recognizer/lib/python3.8/site-packages/recognizer
[2.407s] byte-compiling /home/eecs/tutorial_ws/install/recognizer/lib/python3.8/site-packages/recognizer/inference.py to inference.cpython-38.pyc
[2.411s] running install_data
[2.412s] running install_egg_info
[2.415s] removing '/home/eecs/tutorial_ws/install/recognizer/lib/python3.8/site-packages/recognizer-0.0.0-py3.8.egg-info' (and everything under it)
[2.415s] Copying ../../build/recognizer/recognizer.egg-info to /home/eecs/tutorial_ws/install/recognizer/lib/python3.8/site-packages/recognizer-0.0.0-py3.8.egg-info
[2.417s] running install_scripts
[2.450s] Installing recognizer script to /home/eecs/tutorial_ws/install/recognizer/lib/recognizer
[2.450s] writing list of installed files to '/home/eecs/tutorial_ws/build/recognizer/install.log'
[2.500s] Invoked command in '/home/eecs/tutorial_ws/src/recognizer' returned '0': PYTHONPATH=/home/eecs/tutorial_ws/install/recognizer/lib/python3.8/site-packages:${PYTHONPATH} /usr/bin/python3 setup.py egg_info --egg-base ../../build/recognizer build --build-base /home/eecs/tutorial_ws/build/recognizer/build install --prefix /home/eecs/tutorial_ws/install/recognizer --record /home/eecs/tutorial_ws/build/recognizer/install.log --single-version-externally-managed
