[0.027s] Invoking command in '/home/eecs/tutorial_ws/build/image_publisher': CMAKE_PREFIX_PATH=/home/eecs/tutorial_ws/install/py_sub:/home/eecs/tutorial_ws/install/py_pub:/opt/ros/foxy /usr/bin/cmake /home/eecs/tutorial_ws/src/image_pipeline/image_publisher -DCMAKE_INSTALL_PREFIX=/home/eecs/tutorial_ws/install/image_publisher
[0.171s] -- The C compiler identification is GNU 9.4.0
[0.284s] -- The CXX compiler identification is GNU 9.4.0
[0.294s] -- Check for working C compiler: /usr/bin/cc
[0.432s] -- Check for working C compiler: /usr/bin/cc -- works
[0.434s] -- Detecting C compiler ABI info
[0.580s] -- Detecting C compiler ABI info - done
[0.612s] -- Detecting C compile features
[0.613s] -- Detecting C compile features - done
[0.619s] -- Check for working CXX compiler: /usr/bin/c++
[0.789s] -- Check for working CXX compiler: /usr/bin/c++ -- works
[0.792s] -- Detecting CXX compiler ABI info
[0.962s] -- Detecting CXX compiler ABI info - done
[0.997s] -- Detecting CXX compile features
[0.999s] -- Detecting CXX compile features - done
[1.003s] -- Found ament_cmake_auto: 0.9.9 (/opt/ros/foxy/share/ament_cmake_auto/cmake)
[1.066s] -- Found PythonInterp: /usr/bin/python3 (found suitable version "3.8.10", minimum required is "3") 
[1.070s] -- Using PYTHON_EXECUTABLE: /usr/bin/python3
[2.172s] -- Using all available rosidl_typesupport_c: rosidl_typesupport_fastrtps_c;rosidl_typesupport_introspection_c
[2.190s] -- Found rosidl_adapter: 1.2.1 (/opt/ros/foxy/share/rosidl_adapter/cmake)
[2.525s] -- Found OpenSSL: /usr/lib/x86_64-linux-gnu/libcrypto.so (found version "1.1.1f")  
[2.686s] -- Found FastRTPS: /opt/ros/foxy/include  
[3.079s] -- Using all available rosidl_typesupport_cpp: rosidl_typesupport_fastrtps_cpp;rosidl_typesupport_introspection_cpp
[3.368s] -- Found rmw_implementation_cmake: 1.0.3 (/opt/ros/foxy/share/rmw_implementation_cmake/cmake)
[3.373s] -- Using RMW implementation 'rmw_fastrtps_cpp' as default
[3.376s] -- Looking for pthread.h
[3.811s] -- Looking for pthread.h - found
[3.813s] -- Performing Test CMAKE_HAVE_LIBC_PTHREAD
[4.156s] -- Performing Test CMAKE_HAVE_LIBC_PTHREAD - Failed
[4.157s] -- Looking for pthread_create in pthreads
[4.327s] -- Looking for pthread_create in pthreads - not found
[4.328s] -- Looking for pthread_create in pthread
[4.471s] -- Looking for pthread_create in pthread - found
[4.475s] -- Found Threads: TRUE  
[5.395s] -- Setting yaml-cpp_DIR to: '/opt/ros/foxy/share/yaml_cpp_vendor/cmake/../../../opt/yaml_cpp_vendor/lib/cmake/yaml-cpp'
[5.904s] -- Found OpenCV: /usr (found version "4.2.0") found components: core imgcodecs videoio 
[5.905s] -- opencv version 4.2.0
[6.412s] -- Found ament_lint_auto: 0.9.6 (/opt/ros/foxy/share/ament_lint_auto/cmake)
[6.479s] -- Added test 'copyright' to check source files copyright and LICENSE
[6.484s] -- Added test 'cppcheck' to perform static code analysis on C / C++ code
[6.485s] -- Configured cppcheck include dirs: /home/eecs/tutorial_ws/src/image_pipeline/image_publisher/include
[6.486s] -- Configured cppcheck exclude dirs and/or files: 
[6.490s] -- Added test 'cpplint' to check C / C++ code against the Google style
[6.490s] -- Configured cpplint exclude dirs and/or files: 
[6.492s] -- Added test 'flake8' to check Python code syntax and style conventions
[6.494s] -- Added test 'lint_cmake' to check CMake code style
[6.495s] -- Added test 'pep257' to check Python code against some of the style conventions in PEP 257
[6.499s] -- Added test 'uncrustify' to check C / C++ code style
[6.499s] -- Configured uncrustify additional arguments: 
[6.501s] -- Added test 'xmllint' to check XML markup files
[6.512s] -- Configuring done
[6.679s] -- Generating done
[6.684s] -- Build files have been written to: /home/eecs/tutorial_ws/build/image_publisher
[6.708s] Invoked command in '/home/eecs/tutorial_ws/build/image_publisher' returned '0': CMAKE_PREFIX_PATH=/home/eecs/tutorial_ws/install/py_sub:/home/eecs/tutorial_ws/install/py_pub:/opt/ros/foxy /usr/bin/cmake /home/eecs/tutorial_ws/src/image_pipeline/image_publisher -DCMAKE_INSTALL_PREFIX=/home/eecs/tutorial_ws/install/image_publisher
[6.710s] Invoking command in '/home/eecs/tutorial_ws/build/image_publisher': CMAKE_PREFIX_PATH=/home/eecs/tutorial_ws/install/py_sub:/home/eecs/tutorial_ws/install/py_pub:/opt/ros/foxy /usr/bin/cmake --build /home/eecs/tutorial_ws/build/image_publisher -- -j4 -l4
[6.798s] [35m[1mScanning dependencies of target image_publisher[0m
[7.185s] [ 25%] [32mBuilding CXX object CMakeFiles/image_publisher.dir/src/image_publisher.cpp.o[0m
[20.647s] [ 50%] [32m[1mLinking CXX shared library libimage_publisher.so[0m
[21.621s] [ 50%] Built target image_publisher
[21.677s] [35m[1mScanning dependencies of target image_publisher_node[0m
[21.893s] [ 75%] [32mBuilding CXX object CMakeFiles/image_publisher_node.dir/src/image_publisher_node.cpp.o[0m
[33.052s] [100%] [32m[1mLinking CXX executable image_publisher_node[0m
[35.201s] [100%] Built target image_publisher_node
[35.254s] Invoked command in '/home/eecs/tutorial_ws/build/image_publisher' returned '0': CMAKE_PREFIX_PATH=/home/eecs/tutorial_ws/install/py_sub:/home/eecs/tutorial_ws/install/py_pub:/opt/ros/foxy /usr/bin/cmake --build /home/eecs/tutorial_ws/build/image_publisher -- -j4 -l4
[35.638s] Invoking command in '/home/eecs/tutorial_ws/build/image_publisher': CMAKE_PREFIX_PATH=/home/eecs/tutorial_ws/install/py_sub:/home/eecs/tutorial_ws/install/py_pub:/opt/ros/foxy /usr/bin/cmake --install /home/eecs/tutorial_ws/build/image_publisher
[35.688s] -- Install configuration: ""
[35.690s] -- Installing: /home/eecs/tutorial_ws/install/image_publisher/include
[35.690s] -- Installing: /home/eecs/tutorial_ws/install/image_publisher/include/image_publisher
[35.691s] -- Installing: /home/eecs/tutorial_ws/install/image_publisher/include/image_publisher/visibility.h
[35.692s] -- Installing: /home/eecs/tutorial_ws/install/image_publisher/include/image_publisher/image_publisher.hpp
[35.693s] -- Installing: /home/eecs/tutorial_ws/install/image_publisher/share/image_publisher/environment/library_path.sh
[35.693s] -- Installing: /home/eecs/tutorial_ws/install/image_publisher/share/image_publisher/environment/library_path.dsv
[35.694s] -- Installing: /home/eecs/tutorial_ws/install/image_publisher/lib/libimage_publisher.so
[35.701s] -- Set runtime path of "/home/eecs/tutorial_ws/install/image_publisher/lib/libimage_publisher.so" to ""
[35.702s] -- Installing: /home/eecs/tutorial_ws/install/image_publisher/lib/image_publisher/image_publisher_node
[35.704s] -- Set runtime path of "/home/eecs/tutorial_ws/install/image_publisher/lib/image_publisher/image_publisher_node" to ""
[35.704s] -- Installing: /home/eecs/tutorial_ws/install/image_publisher/share/image_publisher/launch
[35.705s] -- Installing: /home/eecs/tutorial_ws/install/image_publisher/share/image_publisher/launch/image_publisher_file.launch.py
[35.706s] -- Installing: /home/eecs/tutorial_ws/install/image_publisher/share/image_publisher/launch/splash.png
[35.706s] -- Installing: /home/eecs/tutorial_ws/install/image_publisher/share/image_publisher/launch/image_publisher_mono.launch.py
[35.707s] -- Installing: /home/eecs/tutorial_ws/install/image_publisher/share/image_publisher/launch/image_publisher_stereo.launch.py
[35.709s] -- Installing: /home/eecs/tutorial_ws/install/image_publisher/share/ament_index/resource_index/package_run_dependencies/image_publisher
[35.710s] -- Installing: /home/eecs/tutorial_ws/install/image_publisher/share/ament_index/resource_index/parent_prefix_path/image_publisher
[35.717s] -- Installing: /home/eecs/tutorial_ws/install/image_publisher/share/image_publisher/environment/ament_prefix_path.sh
[35.718s] -- Installing: /home/eecs/tutorial_ws/install/image_publisher/share/image_publisher/environment/ament_prefix_path.dsv
[35.720s] -- Installing: /home/eecs/tutorial_ws/install/image_publisher/share/image_publisher/environment/path.sh
[35.721s] -- Installing: /home/eecs/tutorial_ws/install/image_publisher/share/image_publisher/environment/path.dsv
[35.722s] -- Installing: /home/eecs/tutorial_ws/install/image_publisher/share/image_publisher/local_setup.bash
[35.723s] -- Installing: /home/eecs/tutorial_ws/install/image_publisher/share/image_publisher/local_setup.sh
[35.724s] -- Installing: /home/eecs/tutorial_ws/install/image_publisher/share/image_publisher/local_setup.zsh
[35.724s] -- Installing: /home/eecs/tutorial_ws/install/image_publisher/share/image_publisher/local_setup.dsv
[35.725s] -- Installing: /home/eecs/tutorial_ws/install/image_publisher/share/image_publisher/package.dsv
[35.726s] -- Installing: /home/eecs/tutorial_ws/install/image_publisher/share/ament_index/resource_index/packages/image_publisher
[35.727s] -- Installing: /home/eecs/tutorial_ws/install/image_publisher/share/ament_index/resource_index/rclcpp_components/image_publisher
[35.728s] -- Installing: /home/eecs/tutorial_ws/install/image_publisher/share/image_publisher/cmake/ament_cmake_export_dependencies-extras.cmake
[35.729s] -- Installing: /home/eecs/tutorial_ws/install/image_publisher/share/image_publisher/cmake/ament_cmake_export_include_directories-extras.cmake
[35.730s] -- Installing: /home/eecs/tutorial_ws/install/image_publisher/share/image_publisher/cmake/ament_cmake_export_libraries-extras.cmake
[35.732s] -- Installing: /home/eecs/tutorial_ws/install/image_publisher/share/image_publisher/cmake/image_publisherConfig.cmake
[35.732s] -- Installing: /home/eecs/tutorial_ws/install/image_publisher/share/image_publisher/cmake/image_publisherConfig-version.cmake
[35.745s] -- Installing: /home/eecs/tutorial_ws/install/image_publisher/share/image_publisher/package.xml
[35.757s] Invoked command in '/home/eecs/tutorial_ws/build/image_publisher' returned '0': CMAKE_PREFIX_PATH=/home/eecs/tutorial_ws/install/py_sub:/home/eecs/tutorial_ws/install/py_pub:/opt/ros/foxy /usr/bin/cmake --install /home/eecs/tutorial_ws/build/image_publisher
