[1.157s] Invoking command in '/home/eecs/tutorial_ws/src/r2d2_urdf': PYTHONPATH=/home/eecs/tutorial_ws/install/r2d2_urdf/lib/python3.8/site-packages:${PYTHONPATH} /usr/bin/python3 setup.py egg_info --egg-base ../../build/r2d2_urdf build --build-base /home/eecs/tutorial_ws/build/r2d2_urdf/build install --prefix /home/eecs/tutorial_ws/install/r2d2_urdf --record /home/eecs/tutorial_ws/build/r2d2_urdf/install.log --single-version-externally-managed
[1.685s] running egg_info
[1.686s] writing ../../build/r2d2_urdf/r2d2_urdf.egg-info/PKG-INFO
[1.687s] writing dependency_links to ../../build/r2d2_urdf/r2d2_urdf.egg-info/dependency_links.txt
[1.687s] writing entry points to ../../build/r2d2_urdf/r2d2_urdf.egg-info/entry_points.txt
[1.687s] writing requirements to ../../build/r2d2_urdf/r2d2_urdf.egg-info/requires.txt
[1.687s] writing top-level names to ../../build/r2d2_urdf/r2d2_urdf.egg-info/top_level.txt
[1.767s] reading manifest file '../../build/r2d2_urdf/r2d2_urdf.egg-info/SOURCES.txt'
[1.769s] writing manifest file '../../build/r2d2_urdf/r2d2_urdf.egg-info/SOURCES.txt'
[1.769s] running build
[1.769s] running build_py
[1.769s] running install
[1.769s] running install_lib
[1.771s] running install_data
[1.773s] running install_egg_info
[1.778s] removing '/home/eecs/tutorial_ws/install/r2d2_urdf/lib/python3.8/site-packages/r2d2_urdf-0.0.0-py3.8.egg-info' (and everything under it)
[1.778s] Copying ../../build/r2d2_urdf/r2d2_urdf.egg-info to /home/eecs/tutorial_ws/install/r2d2_urdf/lib/python3.8/site-packages/r2d2_urdf-0.0.0-py3.8.egg-info
[1.779s] running install_scripts
[1.816s] Installing r2d2_state_publisher script to /home/eecs/tutorial_ws/install/r2d2_urdf/lib/r2d2_urdf
[1.821s] writing list of installed files to '/home/eecs/tutorial_ws/build/r2d2_urdf/install.log'
[1.868s] Invoked command in '/home/eecs/tutorial_ws/src/r2d2_urdf' returned '0': PYTHONPATH=/home/eecs/tutorial_ws/install/r2d2_urdf/lib/python3.8/site-packages:${PYTHONPATH} /usr/bin/python3 setup.py egg_info --egg-base ../../build/r2d2_urdf build --build-base /home/eecs/tutorial_ws/build/r2d2_urdf/build install --prefix /home/eecs/tutorial_ws/install/r2d2_urdf --record /home/eecs/tutorial_ws/build/r2d2_urdf/install.log --single-version-externally-managed
