[1.845s] Invoking command in '/home/eecs/tutorial_ws/src/recognizer': PYTHONPATH=/home/eecs/tutorial_ws/install/recognizer/lib/python3.8/site-packages:${PYTHONPATH} /usr/bin/python3 setup.py egg_info --egg-base ../../build/recognizer build --build-base /home/eecs/tutorial_ws/build/recognizer/build install --prefix /home/eecs/tutorial_ws/install/recognizer --record /home/eecs/tutorial_ws/build/recognizer/install.log --single-version-externally-managed
[2.291s] running egg_info
[2.291s] writing ../../build/recognizer/recognizer.egg-info/PKG-INFO
[2.292s] writing dependency_links to ../../build/recognizer/recognizer.egg-info/dependency_links.txt
[2.292s] writing entry points to ../../build/recognizer/recognizer.egg-info/entry_points.txt
[2.292s] writing requirements to ../../build/recognizer/recognizer.egg-info/requires.txt
[2.292s] writing top-level names to ../../build/recognizer/recognizer.egg-info/top_level.txt
[2.337s] reading manifest file '../../build/recognizer/recognizer.egg-info/SOURCES.txt'
[2.338s] writing manifest file '../../build/recognizer/recognizer.egg-info/SOURCES.txt'
[2.338s] running build
[2.338s] running build_py
[2.339s] copying recognizer/inference.py -> /home/eecs/tutorial_ws/build/recognizer/build/lib/recognizer
[2.339s] running install
[2.340s] running install_lib
[2.341s] copying /home/eecs/tutorial_ws/build/recognizer/build/lib/recognizer/inference.py -> /home/eecs/tutorial_ws/install/recognizer/lib/python3.8/site-packages/recognizer
[2.342s] byte-compiling /home/eecs/tutorial_ws/install/recognizer/lib/python3.8/site-packages/recognizer/inference.py to inference.cpython-38.pyc
[2.345s] running install_data
[2.345s] running install_egg_info
[2.348s] removing '/home/eecs/tutorial_ws/install/recognizer/lib/python3.8/site-packages/recognizer-0.0.0-py3.8.egg-info' (and everything under it)
[2.348s] Copying ../../build/recognizer/recognizer.egg-info to /home/eecs/tutorial_ws/install/recognizer/lib/python3.8/site-packages/recognizer-0.0.0-py3.8.egg-info
[2.349s] running install_scripts
[2.372s] Installing recognizer script to /home/eecs/tutorial_ws/install/recognizer/lib/recognizer
[2.373s] writing list of installed files to '/home/eecs/tutorial_ws/build/recognizer/install.log'
[2.404s] Invoked command in '/home/eecs/tutorial_ws/src/recognizer' returned '0': PYTHONPATH=/home/eecs/tutorial_ws/install/recognizer/lib/python3.8/site-packages:${PYTHONPATH} /usr/bin/python3 setup.py egg_info --egg-base ../../build/recognizer build --build-base /home/eecs/tutorial_ws/build/recognizer/build install --prefix /home/eecs/tutorial_ws/install/recognizer --record /home/eecs/tutorial_ws/build/recognizer/install.log --single-version-externally-managed
