[1.169s] Invoking command in '/home/eecs/tutorial_ws/src/py_pub': AMENT_PREFIX_PATH=/home/eecs/tutorial_ws/install/my_interfaces:${AMENT_PREFIX_PATH} CMAKE_PREFIX_PATH=/home/eecs/tutorial_ws/install/my_interfaces LD_LIBRARY_PATH=/home/eecs/tutorial_ws/install/my_interfaces/lib:${LD_LIBRARY_PATH} PYTHONPATH=/home/eecs/tutorial_ws/install/py_pub/lib/python3.8/site-packages:/home/eecs/tutorial_ws/install/my_interfaces/lib/python3.8/site-packages:${PYTHONPATH} /usr/bin/python3 setup.py egg_info --egg-base ../../build/py_pub build --build-base /home/eecs/tutorial_ws/build/py_pub/build install --prefix /home/eecs/tutorial_ws/install/py_pub --record /home/eecs/tutorial_ws/build/py_pub/install.log --single-version-externally-managed
[1.451s] running egg_info
[1.452s] writing ../../build/py_pub/py_pub.egg-info/PKG-INFO
[1.453s] writing dependency_links to ../../build/py_pub/py_pub.egg-info/dependency_links.txt
[1.453s] writing entry points to ../../build/py_pub/py_pub.egg-info/entry_points.txt
[1.453s] writing requirements to ../../build/py_pub/py_pub.egg-info/requires.txt
[1.453s] writing top-level names to ../../build/py_pub/py_pub.egg-info/top_level.txt
[1.497s] reading manifest file '../../build/py_pub/py_pub.egg-info/SOURCES.txt'
[1.498s] writing manifest file '../../build/py_pub/py_pub.egg-info/SOURCES.txt'
[1.498s] running build
[1.498s] running build_py
[1.498s] running install
[1.499s] running install_lib
[1.501s] running install_data
[1.502s] running install_egg_info
[1.504s] removing '/home/eecs/tutorial_ws/install/py_pub/lib/python3.8/site-packages/py_pub-0.0.0-py3.8.egg-info' (and everything under it)
[1.505s] Copying ../../build/py_pub/py_pub.egg-info to /home/eecs/tutorial_ws/install/py_pub/lib/python3.8/site-packages/py_pub-0.0.0-py3.8.egg-info
[1.506s] running install_scripts
[1.529s] Installing image_talker script to /home/eecs/tutorial_ws/install/py_pub/lib/py_pub
[1.529s] Installing student_talker script to /home/eecs/tutorial_ws/install/py_pub/lib/py_pub
[1.530s] Installing talker script to /home/eecs/tutorial_ws/install/py_pub/lib/py_pub
[1.530s] Installing tf2_static_broadcaster script to /home/eecs/tutorial_ws/install/py_pub/lib/py_pub
[1.530s] writing list of installed files to '/home/eecs/tutorial_ws/build/py_pub/install.log'
[1.571s] Invoked command in '/home/eecs/tutorial_ws/src/py_pub' returned '0': AMENT_PREFIX_PATH=/home/eecs/tutorial_ws/install/my_interfaces:${AMENT_PREFIX_PATH} CMAKE_PREFIX_PATH=/home/eecs/tutorial_ws/install/my_interfaces LD_LIBRARY_PATH=/home/eecs/tutorial_ws/install/my_interfaces/lib:${LD_LIBRARY_PATH} PYTHONPATH=/home/eecs/tutorial_ws/install/py_pub/lib/python3.8/site-packages:/home/eecs/tutorial_ws/install/my_interfaces/lib/python3.8/site-packages:${PYTHONPATH} /usr/bin/python3 setup.py egg_info --egg-base ../../build/py_pub build --build-base /home/eecs/tutorial_ws/build/py_pub/build install --prefix /home/eecs/tutorial_ws/install/py_pub --record /home/eecs/tutorial_ws/build/py_pub/install.log --single-version-externally-managed
