[1.826s] Invoking command in '/home/eecs/tutorial_ws/src/recognizer': PYTHONPATH=/home/eecs/tutorial_ws/install/recognizer/lib/python3.8/site-packages:${PYTHONPATH} /usr/bin/python3 setup.py egg_info --egg-base ../../build/recognizer build --build-base /home/eecs/tutorial_ws/build/recognizer/build install --prefix /home/eecs/tutorial_ws/install/recognizer --record /home/eecs/tutorial_ws/build/recognizer/install.log --single-version-externally-managed
[2.356s] running egg_info
[2.357s] writing ../../build/recognizer/recognizer.egg-info/PKG-INFO
[2.358s] writing dependency_links to ../../build/recognizer/recognizer.egg-info/dependency_links.txt
[2.358s] writing entry points to ../../build/recognizer/recognizer.egg-info/entry_points.txt
[2.358s] writing requirements to ../../build/recognizer/recognizer.egg-info/requires.txt
[2.358s] writing top-level names to ../../build/recognizer/recognizer.egg-info/top_level.txt
[2.431s] reading manifest file '../../build/recognizer/recognizer.egg-info/SOURCES.txt'
[2.433s] writing manifest file '../../build/recognizer/recognizer.egg-info/SOURCES.txt'
[2.433s] running build
[2.433s] running build_py
[2.433s] copying recognizer/inference.py -> /home/eecs/tutorial_ws/build/recognizer/build/lib/recognizer
[2.434s] running install
[2.435s] running install_lib
[2.437s] copying /home/eecs/tutorial_ws/build/recognizer/build/lib/recognizer/inference.py -> /home/eecs/tutorial_ws/install/recognizer/lib/python3.8/site-packages/recognizer
[2.439s] byte-compiling /home/eecs/tutorial_ws/install/recognizer/lib/python3.8/site-packages/recognizer/inference.py to inference.cpython-38.pyc
[2.444s] running install_data
[2.444s] running install_egg_info
[2.447s] removing '/home/eecs/tutorial_ws/install/recognizer/lib/python3.8/site-packages/recognizer-0.0.0-py3.8.egg-info' (and everything under it)
[2.447s] Copying ../../build/recognizer/recognizer.egg-info to /home/eecs/tutorial_ws/install/recognizer/lib/python3.8/site-packages/recognizer-0.0.0-py3.8.egg-info
[2.449s] running install_scripts
[2.482s] Installing recognizer script to /home/eecs/tutorial_ws/install/recognizer/lib/recognizer
[2.483s] writing list of installed files to '/home/eecs/tutorial_ws/build/recognizer/install.log'
[2.535s] Invoked command in '/home/eecs/tutorial_ws/src/recognizer' returned '0': PYTHONPATH=/home/eecs/tutorial_ws/install/recognizer/lib/python3.8/site-packages:${PYTHONPATH} /usr/bin/python3 setup.py egg_info --egg-base ../../build/recognizer build --build-base /home/eecs/tutorial_ws/build/recognizer/build install --prefix /home/eecs/tutorial_ws/install/recognizer --record /home/eecs/tutorial_ws/build/recognizer/install.log --single-version-externally-managed
