[1.807s] Invoking command in '/home/eecs/tutorial_ws/src/py_srv': PYTHONPATH=/home/eecs/tutorial_ws/install/py_srv/lib/python3.8/site-packages:${PYTHONPATH} /usr/bin/python3 setup.py egg_info --egg-base ../../build/py_srv build --build-base /home/eecs/tutorial_ws/build/py_srv/build install --prefix /home/eecs/tutorial_ws/install/py_srv --record /home/eecs/tutorial_ws/build/py_srv/install.log --single-version-externally-managed
[2.325s] running egg_info
[2.326s] writing ../../build/py_srv/py_srv.egg-info/PKG-INFO
[2.327s] writing dependency_links to ../../build/py_srv/py_srv.egg-info/dependency_links.txt
[2.327s] writing entry points to ../../build/py_srv/py_srv.egg-info/entry_points.txt
[2.327s] writing requirements to ../../build/py_srv/py_srv.egg-info/requires.txt
[2.327s] writing top-level names to ../../build/py_srv/py_srv.egg-info/top_level.txt
[2.402s] reading manifest file '../../build/py_srv/py_srv.egg-info/SOURCES.txt'
[2.403s] writing manifest file '../../build/py_srv/py_srv.egg-info/SOURCES.txt'
[2.404s] running build
[2.404s] running build_py
[2.404s] running install
[2.406s] running install_lib
[2.408s] running install_data
[2.409s] running install_egg_info
[2.412s] removing '/home/eecs/tutorial_ws/install/py_srv/lib/python3.8/site-packages/py_srv-0.0.0-py3.8.egg-info' (and everything under it)
[2.413s] Copying ../../build/py_srv/py_srv.egg-info to /home/eecs/tutorial_ws/install/py_srv/lib/python3.8/site-packages/py_srv-0.0.0-py3.8.egg-info
[2.414s] running install_scripts
[2.448s] Installing service script to /home/eecs/tutorial_ws/install/py_srv/lib/py_srv
[2.448s] writing list of installed files to '/home/eecs/tutorial_ws/build/py_srv/install.log'
[2.500s] Invoked command in '/home/eecs/tutorial_ws/src/py_srv' returned '0': PYTHONPATH=/home/eecs/tutorial_ws/install/py_srv/lib/python3.8/site-packages:${PYTHONPATH} /usr/bin/python3 setup.py egg_info --egg-base ../../build/py_srv build --build-base /home/eecs/tutorial_ws/build/py_srv/build install --prefix /home/eecs/tutorial_ws/install/py_srv --record /home/eecs/tutorial_ws/build/py_srv/install.log --single-version-externally-managed
