[1.513s] Invoking command in '/home/eecs/tutorial_ws/src/py_srv': PYTHONPATH=/home/eecs/tutorial_ws/install/py_srv/lib/python3.8/site-packages:${PYTHONPATH} /usr/bin/python3 setup.py egg_info --egg-base ../../build/py_srv build --build-base /home/eecs/tutorial_ws/build/py_srv/build install --prefix /home/eecs/tutorial_ws/install/py_srv --record /home/eecs/tutorial_ws/build/py_srv/install.log --single-version-externally-managed
[2.031s] running egg_info
[2.032s] writing ../../build/py_srv/py_srv.egg-info/PKG-INFO
[2.033s] writing dependency_links to ../../build/py_srv/py_srv.egg-info/dependency_links.txt
[2.033s] writing entry points to ../../build/py_srv/py_srv.egg-info/entry_points.txt
[2.033s] writing requirements to ../../build/py_srv/py_srv.egg-info/requires.txt
[2.033s] writing top-level names to ../../build/py_srv/py_srv.egg-info/top_level.txt
[2.105s] reading manifest file '../../build/py_srv/py_srv.egg-info/SOURCES.txt'
[2.106s] writing manifest file '../../build/py_srv/py_srv.egg-info/SOURCES.txt'
[2.106s] running build
[2.107s] running build_py
[2.107s] running install
[2.109s] running install_lib
[2.111s] running install_data
[2.112s] running install_egg_info
[2.115s] removing '/home/eecs/tutorial_ws/install/py_srv/lib/python3.8/site-packages/py_srv-0.0.0-py3.8.egg-info' (and everything under it)
[2.116s] Copying ../../build/py_srv/py_srv.egg-info to /home/eecs/tutorial_ws/install/py_srv/lib/python3.8/site-packages/py_srv-0.0.0-py3.8.egg-info
[2.117s] running install_scripts
[2.151s] Installing service script to /home/eecs/tutorial_ws/install/py_srv/lib/py_srv
[2.151s] writing list of installed files to '/home/eecs/tutorial_ws/build/py_srv/install.log'
[2.207s] Invoked command in '/home/eecs/tutorial_ws/src/py_srv' returned '0': PYTHONPATH=/home/eecs/tutorial_ws/install/py_srv/lib/python3.8/site-packages:${PYTHONPATH} /usr/bin/python3 setup.py egg_info --egg-base ../../build/py_srv build --build-base /home/eecs/tutorial_ws/build/py_srv/build install --prefix /home/eecs/tutorial_ws/install/py_srv --record /home/eecs/tutorial_ws/build/py_srv/install.log --single-version-externally-managed
