[0.050s] Invoking command in '/home/eecs/tutorial_ws/build/tracetools_image_pipeline': CMAKE_PREFIX_PATH=/home/eecs/tutorial_ws/install/py_sub:/home/eecs/tutorial_ws/install/py_pub:/opt/ros/foxy /usr/bin/cmake /home/eecs/tutorial_ws/src/image_pipeline/tracetools_image_pipeline -DCMAKE_INSTALL_PREFIX=/home/eecs/tutorial_ws/install/tracetools_image_pipeline
[0.493s] -- The C compiler identification is GNU 9.4.0
[0.516s] -- The CXX compiler identification is GNU 9.4.0
[0.534s] -- Check for working C compiler: /usr/bin/cc
[0.681s] -- Check for working C compiler: /usr/bin/cc -- works
[0.684s] -- Detecting C compiler ABI info
[0.837s] -- Detecting C compiler ABI info - done
[0.864s] -- Detecting C compile features
[0.866s] -- Detecting C compile features - done
[0.874s] -- Check for working CXX compiler: /usr/bin/c++
[1.049s] -- Check for working CXX compiler: /usr/bin/c++ -- works
[1.052s] -- Detecting CXX compiler ABI info
[1.228s] -- Detecting CXX compiler ABI info - done
[1.262s] -- Detecting CXX compile features
[1.264s] -- Detecting CXX compile features - done
[1.268s] -- Found ament_cmake_ros: 0.9.2 (/opt/ros/foxy/share/ament_cmake_ros/cmake)
[1.351s] -- Found PythonInterp: /usr/bin/python3 (found suitable version "3.8.10", minimum required is "3") 
[1.351s] -- Using PYTHON_EXECUTABLE: /usr/bin/python3
[1.892s] -- Found PkgConfig: /usr/bin/pkg-config (found version "0.29.1") 
[1.895s] -- Checking for module 'lttng-ust'
[1.908s] --   No package 'lttng-ust' found
[1.920s] -- Found ament_lint_auto: 0.9.6 (/opt/ros/foxy/share/ament_lint_auto/cmake)
[2.259s] -- Added test 'copyright' to check source files copyright and LICENSE
[2.262s] -- Added test 'cppcheck' to perform static code analysis on C / C++ code
[2.263s] -- Configured cppcheck include dirs: 
[2.263s] -- Configured cppcheck exclude dirs and/or files: 
[2.265s] -- Added test 'cpplint' to check C / C++ code against the Google style
[2.265s] -- Configured cpplint exclude dirs and/or files: 
[2.267s] -- Added test 'lint_cmake' to check CMake code style
[2.271s] -- Added test 'uncrustify' to check C / C++ code style
[2.271s] -- Configured uncrustify additional arguments: 
[2.272s] -- Added test 'xmllint' to check XML markup files
[2.279s] -- Configuring done
[2.304s] -- Generating done
[2.308s] -- Build files have been written to: /home/eecs/tutorial_ws/build/tracetools_image_pipeline
[2.321s] Invoked command in '/home/eecs/tutorial_ws/build/tracetools_image_pipeline' returned '0': CMAKE_PREFIX_PATH=/home/eecs/tutorial_ws/install/py_sub:/home/eecs/tutorial_ws/install/py_pub:/opt/ros/foxy /usr/bin/cmake /home/eecs/tutorial_ws/src/image_pipeline/tracetools_image_pipeline -DCMAKE_INSTALL_PREFIX=/home/eecs/tutorial_ws/install/tracetools_image_pipeline
[2.327s] Invoking command in '/home/eecs/tutorial_ws/build/tracetools_image_pipeline': CMAKE_PREFIX_PATH=/home/eecs/tutorial_ws/install/py_sub:/home/eecs/tutorial_ws/install/py_pub:/opt/ros/foxy /usr/bin/cmake --build /home/eecs/tutorial_ws/build/tracetools_image_pipeline -- -j4 -l4
[2.403s] [35m[1mScanning dependencies of target tracetools_image_pipeline[0m
[2.427s] [ 40%] [32mBuilding CXX object CMakeFiles/tracetools_image_pipeline.dir/src/utils.cpp.o[0m
[2.439s] [ 40%] [32mBuilding C object CMakeFiles/tracetools_image_pipeline.dir/src/tracetools.c.o[0m
[2.980s] [ 60%] [32m[1mLinking CXX shared library libtracetools_image_pipeline.so[0m
[3.058s] [ 60%] Built target tracetools_image_pipeline
[3.077s] [35m[1mScanning dependencies of target status[0m
[3.097s] [ 80%] [32mBuilding C object CMakeFiles/status.dir/src/status.c.o[0m
[3.162s] [100%] [32m[1mLinking C executable status[0m
[3.235s] [100%] Built target status
[3.257s] Invoked command in '/home/eecs/tutorial_ws/build/tracetools_image_pipeline' returned '0': CMAKE_PREFIX_PATH=/home/eecs/tutorial_ws/install/py_sub:/home/eecs/tutorial_ws/install/py_pub:/opt/ros/foxy /usr/bin/cmake --build /home/eecs/tutorial_ws/build/tracetools_image_pipeline -- -j4 -l4
[3.339s] Invoking command in '/home/eecs/tutorial_ws/build/tracetools_image_pipeline': CMAKE_PREFIX_PATH=/home/eecs/tutorial_ws/install/py_sub:/home/eecs/tutorial_ws/install/py_pub:/opt/ros/foxy /usr/bin/cmake --install /home/eecs/tutorial_ws/build/tracetools_image_pipeline
[3.363s] -- Install configuration: ""
[3.364s] -- Installing: /home/eecs/tutorial_ws/install/tracetools_image_pipeline/share/tracetools_image_pipeline/environment/library_path.sh
[3.365s] -- Installing: /home/eecs/tutorial_ws/install/tracetools_image_pipeline/share/tracetools_image_pipeline/environment/library_path.dsv
[3.366s] -- Installing: /home/eecs/tutorial_ws/install/tracetools_image_pipeline/lib/tracetools_image_pipeline/status
[3.367s] -- Set runtime path of "/home/eecs/tutorial_ws/install/tracetools_image_pipeline/lib/tracetools_image_pipeline/status" to ""
[3.368s] -- Installing: /home/eecs/tutorial_ws/install/tracetools_image_pipeline/include
[3.368s] -- Installing: /home/eecs/tutorial_ws/install/tracetools_image_pipeline/include/tracetools_image_pipeline
[3.369s] -- Installing: /home/eecs/tutorial_ws/install/tracetools_image_pipeline/include/tracetools_image_pipeline/tracetools.h
[3.370s] -- Installing: /home/eecs/tutorial_ws/install/tracetools_image_pipeline/include/tracetools_image_pipeline/visibility_control.hpp
[3.370s] -- Installing: /home/eecs/tutorial_ws/install/tracetools_image_pipeline/include/tracetools_image_pipeline/utils.hpp
[3.371s] -- Installing: /home/eecs/tutorial_ws/install/tracetools_image_pipeline/include/tracetools_image_pipeline/config.h
[3.371s] -- Installing: /home/eecs/tutorial_ws/install/tracetools_image_pipeline/lib/libtracetools_image_pipeline.so
[3.373s] -- Installing: /home/eecs/tutorial_ws/install/tracetools_image_pipeline/share/ament_index/resource_index/package_run_dependencies/tracetools_image_pipeline
[3.374s] -- Installing: /home/eecs/tutorial_ws/install/tracetools_image_pipeline/share/ament_index/resource_index/parent_prefix_path/tracetools_image_pipeline
[3.374s] -- Installing: /home/eecs/tutorial_ws/install/tracetools_image_pipeline/share/tracetools_image_pipeline/environment/ament_prefix_path.sh
[3.375s] -- Installing: /home/eecs/tutorial_ws/install/tracetools_image_pipeline/share/tracetools_image_pipeline/environment/ament_prefix_path.dsv
[3.376s] -- Installing: /home/eecs/tutorial_ws/install/tracetools_image_pipeline/share/tracetools_image_pipeline/environment/path.sh
[3.377s] -- Installing: /home/eecs/tutorial_ws/install/tracetools_image_pipeline/share/tracetools_image_pipeline/environment/path.dsv
[3.378s] -- Installing: /home/eecs/tutorial_ws/install/tracetools_image_pipeline/share/tracetools_image_pipeline/local_setup.bash
[3.379s] -- Installing: /home/eecs/tutorial_ws/install/tracetools_image_pipeline/share/tracetools_image_pipeline/local_setup.sh
[3.379s] -- Installing: /home/eecs/tutorial_ws/install/tracetools_image_pipeline/share/tracetools_image_pipeline/local_setup.zsh
[3.379s] -- Installing: /home/eecs/tutorial_ws/install/tracetools_image_pipeline/share/tracetools_image_pipeline/local_setup.dsv
[3.379s] -- Installing: /home/eecs/tutorial_ws/install/tracetools_image_pipeline/share/tracetools_image_pipeline/package.dsv
[3.380s] -- Installing: /home/eecs/tutorial_ws/install/tracetools_image_pipeline/share/ament_index/resource_index/packages/tracetools_image_pipeline
[3.380s] -- Installing: /home/eecs/tutorial_ws/install/tracetools_image_pipeline/share/tracetools_image_pipeline/cmake/tracetools_image_pipeline_exportExport.cmake
[3.381s] -- Installing: /home/eecs/tutorial_ws/install/tracetools_image_pipeline/share/tracetools_image_pipeline/cmake/tracetools_image_pipeline_exportExport-noconfig.cmake
[3.381s] -- Installing: /home/eecs/tutorial_ws/install/tracetools_image_pipeline/share/tracetools_image_pipeline/cmake/ament_cmake_export_targets-extras.cmake
[3.381s] -- Installing: /home/eecs/tutorial_ws/install/tracetools_image_pipeline/share/tracetools_image_pipeline/cmake/ament_cmake_export_include_directories-extras.cmake
[3.382s] -- Installing: /home/eecs/tutorial_ws/install/tracetools_image_pipeline/share/tracetools_image_pipeline/cmake/ament_cmake_export_libraries-extras.cmake
[3.382s] -- Installing: /home/eecs/tutorial_ws/install/tracetools_image_pipeline/share/tracetools_image_pipeline/cmake/tracetools_image_pipelineConfig.cmake
[3.382s] -- Installing: /home/eecs/tutorial_ws/install/tracetools_image_pipeline/share/tracetools_image_pipeline/cmake/tracetools_image_pipelineConfig-version.cmake
[3.383s] -- Installing: /home/eecs/tutorial_ws/install/tracetools_image_pipeline/share/tracetools_image_pipeline/package.xml
[3.395s] Invoked command in '/home/eecs/tutorial_ws/build/tracetools_image_pipeline' returned '0': CMAKE_PREFIX_PATH=/home/eecs/tutorial_ws/install/py_sub:/home/eecs/tutorial_ws/install/py_pub:/opt/ros/foxy /usr/bin/cmake --install /home/eecs/tutorial_ws/build/tracetools_image_pipeline
