[1.735s] Invoking command in '/home/eecs/tutorial_ws/src/py_pub': CMAKE_PREFIX_PATH=/home/eecs/tutorial_ws/install/my_interfaces:/home/eecs/tutorial_ws/install/image_pipeline:/home/eecs/tutorial_ws/install/stereo_image_proc:/home/eecs/tutorial_ws/install/image_proc:/home/eecs/tutorial_ws/install/tracetools_image_pipeline:/home/eecs/tutorial_ws/install/image_view:/home/eecs/tutorial_ws/install/image_rotate:/home/eecs/tutorial_ws/install/image_publisher:/home/eecs/tutorial_ws/install/depth_image_proc LD_LIBRARY_PATH=/home/eecs/tutorial_ws/install/my_interfaces/lib:/home/eecs/tutorial_ws/install/stereo_image_proc/lib:/home/eecs/tutorial_ws/install/image_proc/lib:/home/eecs/tutorial_ws/install/tracetools_image_pipeline/lib:/home/eecs/tutorial_ws/install/image_view/lib:/home/eecs/tutorial_ws/install/image_rotate/lib:/home/eecs/tutorial_ws/install/image_publisher/lib:/home/eecs/tutorial_ws/install/depth_image_proc/lib:/opt/ros/foxy/opt/yaml_cpp_vendor/lib:/opt/ros/foxy/opt/rviz_ogre_vendor/lib:/opt/ros/foxy/lib/x86_64-linux-gnu:/opt/ros/foxy/lib PYTHONPATH=/home/eecs/tutorial_ws/install/py_pub/lib/python3.8/site-packages:/home/eecs/tutorial_ws/install/my_interfaces/lib/python3.8/site-packages:/home/eecs/tutorial_ws/install/r2d2_urdf/lib/python3.8/site-packages:/home/eecs/tutorial_ws/install/py_sub/lib/python3.8/site-packages:/home/eecs/tutorial_ws/install/py_srv/lib/python3.8/site-packages:/home/eecs/tutorial_ws/install/py_pub/lib/python3.8/site-packages:/home/eecs/tutorial_ws/install/py_cli/lib/python3.8/site-packages:/home/eecs/tutorial_ws/install/camera_calibration/lib/python3.8/site-packages:/opt/ros/foxy/lib/python3.8/site-packages /usr/bin/python3 setup.py egg_info --egg-base ../../build/py_pub build --build-base /home/eecs/tutorial_ws/build/py_pub/build install --prefix /home/eecs/tutorial_ws/install/py_pub --record /home/eecs/tutorial_ws/build/py_pub/install.log --single-version-externally-managed
[2.248s] running egg_info
[2.249s] writing ../../build/py_pub/py_pub.egg-info/PKG-INFO
[2.250s] writing dependency_links to ../../build/py_pub/py_pub.egg-info/dependency_links.txt
[2.250s] writing entry points to ../../build/py_pub/py_pub.egg-info/entry_points.txt
[2.250s] writing requirements to ../../build/py_pub/py_pub.egg-info/requires.txt
[2.251s] writing top-level names to ../../build/py_pub/py_pub.egg-info/top_level.txt
[2.299s] reading manifest file '../../build/py_pub/py_pub.egg-info/SOURCES.txt'
[2.300s] writing manifest file '../../build/py_pub/py_pub.egg-info/SOURCES.txt'
[2.301s] running build
[2.301s] running build_py
[2.302s] copying py_pub/image_publisher_function.py -> /home/eecs/tutorial_ws/build/py_pub/build/lib/py_pub
[2.302s] running install
[2.303s] running install_lib
[2.305s] copying /home/eecs/tutorial_ws/build/py_pub/build/lib/py_pub/image_publisher_function.py -> /home/eecs/tutorial_ws/install/py_pub/lib/python3.8/site-packages/py_pub
[2.305s] byte-compiling /home/eecs/tutorial_ws/install/py_pub/lib/python3.8/site-packages/py_pub/image_publisher_function.py to image_publisher_function.cpython-38.pyc
[2.307s] running install_data
[2.308s] running install_egg_info
[2.311s] removing '/home/eecs/tutorial_ws/install/py_pub/lib/python3.8/site-packages/py_pub-0.0.0-py3.8.egg-info' (and everything under it)
[2.311s] Copying ../../build/py_pub/py_pub.egg-info to /home/eecs/tutorial_ws/install/py_pub/lib/python3.8/site-packages/py_pub-0.0.0-py3.8.egg-info
[2.313s] running install_scripts
[2.336s] Installing image_talker script to /home/eecs/tutorial_ws/install/py_pub/lib/py_pub
[2.336s] Installing student_talker script to /home/eecs/tutorial_ws/install/py_pub/lib/py_pub
[2.336s] Installing talker script to /home/eecs/tutorial_ws/install/py_pub/lib/py_pub
[2.337s] Installing tf2_static_broadcaster script to /home/eecs/tutorial_ws/install/py_pub/lib/py_pub
[2.337s] writing list of installed files to '/home/eecs/tutorial_ws/build/py_pub/install.log'
[2.375s] Invoked command in '/home/eecs/tutorial_ws/src/py_pub' returned '0': CMAKE_PREFIX_PATH=/home/eecs/tutorial_ws/install/my_interfaces:/home/eecs/tutorial_ws/install/image_pipeline:/home/eecs/tutorial_ws/install/stereo_image_proc:/home/eecs/tutorial_ws/install/image_proc:/home/eecs/tutorial_ws/install/tracetools_image_pipeline:/home/eecs/tutorial_ws/install/image_view:/home/eecs/tutorial_ws/install/image_rotate:/home/eecs/tutorial_ws/install/image_publisher:/home/eecs/tutorial_ws/install/depth_image_proc LD_LIBRARY_PATH=/home/eecs/tutorial_ws/install/my_interfaces/lib:/home/eecs/tutorial_ws/install/stereo_image_proc/lib:/home/eecs/tutorial_ws/install/image_proc/lib:/home/eecs/tutorial_ws/install/tracetools_image_pipeline/lib:/home/eecs/tutorial_ws/install/image_view/lib:/home/eecs/tutorial_ws/install/image_rotate/lib:/home/eecs/tutorial_ws/install/image_publisher/lib:/home/eecs/tutorial_ws/install/depth_image_proc/lib:/opt/ros/foxy/opt/yaml_cpp_vendor/lib:/opt/ros/foxy/opt/rviz_ogre_vendor/lib:/opt/ros/foxy/lib/x86_64-linux-gnu:/opt/ros/foxy/lib PYTHONPATH=/home/eecs/tutorial_ws/install/py_pub/lib/python3.8/site-packages:/home/eecs/tutorial_ws/install/my_interfaces/lib/python3.8/site-packages:/home/eecs/tutorial_ws/install/r2d2_urdf/lib/python3.8/site-packages:/home/eecs/tutorial_ws/install/py_sub/lib/python3.8/site-packages:/home/eecs/tutorial_ws/install/py_srv/lib/python3.8/site-packages:/home/eecs/tutorial_ws/install/py_pub/lib/python3.8/site-packages:/home/eecs/tutorial_ws/install/py_cli/lib/python3.8/site-packages:/home/eecs/tutorial_ws/install/camera_calibration/lib/python3.8/site-packages:/opt/ros/foxy/lib/python3.8/site-packages /usr/bin/python3 setup.py egg_info --egg-base ../../build/py_pub build --build-base /home/eecs/tutorial_ws/build/py_pub/build install --prefix /home/eecs/tutorial_ws/install/py_pub --record /home/eecs/tutorial_ws/build/py_pub/install.log --single-version-externally-managed
