[0.044s] Invoking command in '/home/eecs/tutorial_ws/build/image_publisher': CMAKE_PREFIX_PATH=${CMAKE_PREFIX_PATH}:/home/eecs/tutorial_ws/install/r2d2_urdf:/home/eecs/tutorial_ws/install/py_sub:/home/eecs/tutorial_ws/install/py_srv:/home/eecs/tutorial_ws/install/py_pub:/home/eecs/tutorial_ws/install/py_cli:/home/eecs/tutorial_ws/install/camera_calibration:/opt/ros/foxy /usr/bin/cmake --build /home/eecs/tutorial_ws/build/image_publisher -- -j4 -l4
[0.186s] [ 50%] Built target image_publisher
[0.259s] [100%] Built target image_publisher_node
[0.282s] Invoked command in '/home/eecs/tutorial_ws/build/image_publisher' returned '0': CMAKE_PREFIX_PATH=${CMAKE_PREFIX_PATH}:/home/eecs/tutorial_ws/install/r2d2_urdf:/home/eecs/tutorial_ws/install/py_sub:/home/eecs/tutorial_ws/install/py_srv:/home/eecs/tutorial_ws/install/py_pub:/home/eecs/tutorial_ws/install/py_cli:/home/eecs/tutorial_ws/install/camera_calibration:/opt/ros/foxy /usr/bin/cmake --build /home/eecs/tutorial_ws/build/image_publisher -- -j4 -l4
[0.345s] Invoking command in '/home/eecs/tutorial_ws/build/image_publisher': CMAKE_PREFIX_PATH=${CMAKE_PREFIX_PATH}:/home/eecs/tutorial_ws/install/r2d2_urdf:/home/eecs/tutorial_ws/install/py_sub:/home/eecs/tutorial_ws/install/py_srv:/home/eecs/tutorial_ws/install/py_pub:/home/eecs/tutorial_ws/install/py_cli:/home/eecs/tutorial_ws/install/camera_calibration:/opt/ros/foxy /usr/bin/cmake --install /home/eecs/tutorial_ws/build/image_publisher
[0.386s] -- Install configuration: ""
[0.386s] -- Up-to-date: /home/eecs/tutorial_ws/install/image_publisher/include
[0.387s] -- Up-to-date: /home/eecs/tutorial_ws/install/image_publisher/include/image_publisher
[0.387s] -- Up-to-date: /home/eecs/tutorial_ws/install/image_publisher/include/image_publisher/visibility.h
[0.387s] -- Up-to-date: /home/eecs/tutorial_ws/install/image_publisher/include/image_publisher/image_publisher.hpp
[0.387s] -- Up-to-date: /home/eecs/tutorial_ws/install/image_publisher/share/image_publisher/environment/library_path.sh
[0.387s] -- Up-to-date: /home/eecs/tutorial_ws/install/image_publisher/share/image_publisher/environment/library_path.dsv
[0.387s] -- Up-to-date: /home/eecs/tutorial_ws/install/image_publisher/lib/libimage_publisher.so
[0.387s] -- Up-to-date: /home/eecs/tutorial_ws/install/image_publisher/lib/image_publisher/image_publisher_node
[0.388s] -- Up-to-date: /home/eecs/tutorial_ws/install/image_publisher/share/image_publisher/launch
[0.388s] -- Up-to-date: /home/eecs/tutorial_ws/install/image_publisher/share/image_publisher/launch/image_publisher_file.launch.py
[0.388s] -- Up-to-date: /home/eecs/tutorial_ws/install/image_publisher/share/image_publisher/launch/splash.png
[0.389s] -- Up-to-date: /home/eecs/tutorial_ws/install/image_publisher/share/image_publisher/launch/image_publisher_mono.launch.py
[0.389s] -- Up-to-date: /home/eecs/tutorial_ws/install/image_publisher/share/image_publisher/launch/image_publisher_stereo.launch.py
[0.389s] -- Up-to-date: /home/eecs/tutorial_ws/install/image_publisher/share/ament_index/resource_index/package_run_dependencies/image_publisher
[0.389s] -- Up-to-date: /home/eecs/tutorial_ws/install/image_publisher/share/ament_index/resource_index/parent_prefix_path/image_publisher
[0.389s] -- Up-to-date: /home/eecs/tutorial_ws/install/image_publisher/share/image_publisher/environment/ament_prefix_path.sh
[0.390s] -- Up-to-date: /home/eecs/tutorial_ws/install/image_publisher/share/image_publisher/environment/ament_prefix_path.dsv
[0.390s] -- Up-to-date: /home/eecs/tutorial_ws/install/image_publisher/share/image_publisher/environment/path.sh
[0.390s] -- Up-to-date: /home/eecs/tutorial_ws/install/image_publisher/share/image_publisher/environment/path.dsv
[0.390s] -- Up-to-date: /home/eecs/tutorial_ws/install/image_publisher/share/image_publisher/local_setup.bash
[0.390s] -- Up-to-date: /home/eecs/tutorial_ws/install/image_publisher/share/image_publisher/local_setup.sh
[0.391s] -- Up-to-date: /home/eecs/tutorial_ws/install/image_publisher/share/image_publisher/local_setup.zsh
[0.391s] -- Up-to-date: /home/eecs/tutorial_ws/install/image_publisher/share/image_publisher/local_setup.dsv
[0.391s] -- Installing: /home/eecs/tutorial_ws/install/image_publisher/share/image_publisher/package.dsv
[0.391s] -- Up-to-date: /home/eecs/tutorial_ws/install/image_publisher/share/ament_index/resource_index/packages/image_publisher
[0.391s] -- Up-to-date: /home/eecs/tutorial_ws/install/image_publisher/share/ament_index/resource_index/rclcpp_components/image_publisher
[0.391s] -- Up-to-date: /home/eecs/tutorial_ws/install/image_publisher/share/image_publisher/cmake/ament_cmake_export_dependencies-extras.cmake
[0.391s] -- Up-to-date: /home/eecs/tutorial_ws/install/image_publisher/share/image_publisher/cmake/ament_cmake_export_include_directories-extras.cmake
[0.392s] -- Up-to-date: /home/eecs/tutorial_ws/install/image_publisher/share/image_publisher/cmake/ament_cmake_export_libraries-extras.cmake
[0.392s] -- Up-to-date: /home/eecs/tutorial_ws/install/image_publisher/share/image_publisher/cmake/image_publisherConfig.cmake
[0.392s] -- Up-to-date: /home/eecs/tutorial_ws/install/image_publisher/share/image_publisher/cmake/image_publisherConfig-version.cmake
[0.392s] -- Up-to-date: /home/eecs/tutorial_ws/install/image_publisher/share/image_publisher/package.xml
[0.409s] Invoked command in '/home/eecs/tutorial_ws/build/image_publisher' returned '0': CMAKE_PREFIX_PATH=${CMAKE_PREFIX_PATH}:/home/eecs/tutorial_ws/install/r2d2_urdf:/home/eecs/tutorial_ws/install/py_sub:/home/eecs/tutorial_ws/install/py_srv:/home/eecs/tutorial_ws/install/py_pub:/home/eecs/tutorial_ws/install/py_cli:/home/eecs/tutorial_ws/install/camera_calibration:/opt/ros/foxy /usr/bin/cmake --install /home/eecs/tutorial_ws/build/image_publisher
