running egg_info
creating ../../build/r2d2_urdf/r2d2_urdf.egg-info
writing ../../build/r2d2_urdf/r2d2_urdf.egg-info/PKG-INFO
writing dependency_links to ../../build/r2d2_urdf/r2d2_urdf.egg-info/dependency_links.txt
writing entry points to ../../build/r2d2_urdf/r2d2_urdf.egg-info/entry_points.txt
writing requirements to ../../build/r2d2_urdf/r2d2_urdf.egg-info/requires.txt
writing top-level names to ../../build/r2d2_urdf/r2d2_urdf.egg-info/top_level.txt
writing manifest file '../../build/r2d2_urdf/r2d2_urdf.egg-info/SOURCES.txt'
reading manifest file '../../build/r2d2_urdf/r2d2_urdf.egg-info/SOURCES.txt'
writing manifest file '../../build/r2d2_urdf/r2d2_urdf.egg-info/SOURCES.txt'
running build
running build_py
creating /home/eecs/tutorial_ws/build/r2d2_urdf/build
creating /home/eecs/tutorial_ws/build/r2d2_urdf/build/lib
creating /home/eecs/tutorial_ws/build/r2d2_urdf/build/lib/r2d2_urdf
copying r2d2_urdf/r2d2_state_publisher.py -> /home/eecs/tutorial_ws/build/r2d2_urdf/build/lib/r2d2_urdf
copying r2d2_urdf/__init__.py -> /home/eecs/tutorial_ws/build/r2d2_urdf/build/lib/r2d2_urdf
running install
running install_lib
creating /home/eecs/tutorial_ws/install/r2d2_urdf/lib/python3.8/site-packages/r2d2_urdf
copying /home/eecs/tutorial_ws/build/r2d2_urdf/build/lib/r2d2_urdf/r2d2_state_publisher.py -> /home/eecs/tutorial_ws/install/r2d2_urdf/lib/python3.8/site-packages/r2d2_urdf
copying /home/eecs/tutorial_ws/build/r2d2_urdf/build/lib/r2d2_urdf/__init__.py -> /home/eecs/tutorial_ws/install/r2d2_urdf/lib/python3.8/site-packages/r2d2_urdf
byte-compiling /home/eecs/tutorial_ws/install/r2d2_urdf/lib/python3.8/site-packages/r2d2_urdf/r2d2_state_publisher.py to r2d2_state_publisher.cpython-38.pyc
byte-compiling /home/eecs/tutorial_ws/install/r2d2_urdf/lib/python3.8/site-packages/r2d2_urdf/__init__.py to __init__.cpython-38.pyc
running install_data
creating /home/eecs/tutorial_ws/install/r2d2_urdf/share/ament_index
creating /home/eecs/tutorial_ws/install/r2d2_urdf/share/ament_index/resource_index
creating /home/eecs/tutorial_ws/install/r2d2_urdf/share/ament_index/resource_index/packages
copying resource/r2d2_urdf -> /home/eecs/tutorial_ws/install/r2d2_urdf/share/ament_index/resource_index/packages
copying package.xml -> /home/eecs/tutorial_ws/install/r2d2_urdf/share/r2d2_urdf
copying launch/demo.launch.py -> /home/eecs/tutorial_ws/install/r2d2_urdf/share/r2d2_urdf
copying urdf/r2d2.rviz -> /home/eecs/tutorial_ws/install/r2d2_urdf/share/r2d2_urdf
copying urdf/r2d2.urdf.xml -> /home/eecs/tutorial_ws/install/r2d2_urdf/share/r2d2_urdf
running install_egg_info
Copying ../../build/r2d2_urdf/r2d2_urdf.egg-info to /home/eecs/tutorial_ws/install/r2d2_urdf/lib/python3.8/site-packages/r2d2_urdf-0.0.0-py3.8.egg-info
running install_scripts
Installing r2d2_state_publisher script to /home/eecs/tutorial_ws/install/r2d2_urdf/lib/r2d2_urdf
writing list of installed files to '/home/eecs/tutorial_ws/build/r2d2_urdf/install.log'
