[2.064s] Invoking command in '/home/eecs/tutorial_ws/src/r2d2_urdf': PYTHONPATH=/home/eecs/tutorial_ws/install/r2d2_urdf/lib/python3.8/site-packages:${PYTHONPATH} /usr/bin/python3 setup.py egg_info --egg-base ../../build/r2d2_urdf build --build-base /home/eecs/tutorial_ws/build/r2d2_urdf/build install --prefix /home/eecs/tutorial_ws/install/r2d2_urdf --record /home/eecs/tutorial_ws/build/r2d2_urdf/install.log --single-version-externally-managed
[2.884s] running egg_info
[2.885s] creating ../../build/r2d2_urdf/r2d2_urdf.egg-info
[2.885s] writing ../../build/r2d2_urdf/r2d2_urdf.egg-info/PKG-INFO
[2.886s] writing dependency_links to ../../build/r2d2_urdf/r2d2_urdf.egg-info/dependency_links.txt
[2.886s] writing entry points to ../../build/r2d2_urdf/r2d2_urdf.egg-info/entry_points.txt
[2.887s] writing requirements to ../../build/r2d2_urdf/r2d2_urdf.egg-info/requires.txt
[2.887s] writing top-level names to ../../build/r2d2_urdf/r2d2_urdf.egg-info/top_level.txt
[2.890s] writing manifest file '../../build/r2d2_urdf/r2d2_urdf.egg-info/SOURCES.txt'
[2.981s] reading manifest file '../../build/r2d2_urdf/r2d2_urdf.egg-info/SOURCES.txt'
[2.983s] writing manifest file '../../build/r2d2_urdf/r2d2_urdf.egg-info/SOURCES.txt'
[2.983s] running build
[2.984s] running build_py
[2.984s] creating /home/eecs/tutorial_ws/build/r2d2_urdf/build
[2.985s] creating /home/eecs/tutorial_ws/build/r2d2_urdf/build/lib
[2.985s] creating /home/eecs/tutorial_ws/build/r2d2_urdf/build/lib/r2d2_urdf
[2.986s] copying r2d2_urdf/r2d2_state_publisher.py -> /home/eecs/tutorial_ws/build/r2d2_urdf/build/lib/r2d2_urdf
[2.986s] copying r2d2_urdf/__init__.py -> /home/eecs/tutorial_ws/build/r2d2_urdf/build/lib/r2d2_urdf
[2.987s] running install
[2.989s] running install_lib
[2.992s] creating /home/eecs/tutorial_ws/install/r2d2_urdf/lib/python3.8/site-packages/r2d2_urdf
[2.992s] copying /home/eecs/tutorial_ws/build/r2d2_urdf/build/lib/r2d2_urdf/r2d2_state_publisher.py -> /home/eecs/tutorial_ws/install/r2d2_urdf/lib/python3.8/site-packages/r2d2_urdf
[2.994s] copying /home/eecs/tutorial_ws/build/r2d2_urdf/build/lib/r2d2_urdf/__init__.py -> /home/eecs/tutorial_ws/install/r2d2_urdf/lib/python3.8/site-packages/r2d2_urdf
[2.996s] byte-compiling /home/eecs/tutorial_ws/install/r2d2_urdf/lib/python3.8/site-packages/r2d2_urdf/r2d2_state_publisher.py to r2d2_state_publisher.cpython-38.pyc
[3.001s] byte-compiling /home/eecs/tutorial_ws/install/r2d2_urdf/lib/python3.8/site-packages/r2d2_urdf/__init__.py to __init__.cpython-38.pyc
[3.001s] running install_data
[3.003s] creating /home/eecs/tutorial_ws/install/r2d2_urdf/share/ament_index
[3.004s] creating /home/eecs/tutorial_ws/install/r2d2_urdf/share/ament_index/resource_index
[3.004s] creating /home/eecs/tutorial_ws/install/r2d2_urdf/share/ament_index/resource_index/packages
[3.005s] copying resource/r2d2_urdf -> /home/eecs/tutorial_ws/install/r2d2_urdf/share/ament_index/resource_index/packages
[3.005s] copying package.xml -> /home/eecs/tutorial_ws/install/r2d2_urdf/share/r2d2_urdf
[3.006s] copying launch/demo.launch.py -> /home/eecs/tutorial_ws/install/r2d2_urdf/share/r2d2_urdf
[3.007s] copying urdf/r2d2.rviz -> /home/eecs/tutorial_ws/install/r2d2_urdf/share/r2d2_urdf
[3.007s] copying urdf/r2d2.urdf.xml -> /home/eecs/tutorial_ws/install/r2d2_urdf/share/r2d2_urdf
[3.008s] running install_egg_info
[3.012s] Copying ../../build/r2d2_urdf/r2d2_urdf.egg-info to /home/eecs/tutorial_ws/install/r2d2_urdf/lib/python3.8/site-packages/r2d2_urdf-0.0.0-py3.8.egg-info
[3.014s] running install_scripts
[3.064s] Installing r2d2_state_publisher script to /home/eecs/tutorial_ws/install/r2d2_urdf/lib/r2d2_urdf
[3.065s] writing list of installed files to '/home/eecs/tutorial_ws/build/r2d2_urdf/install.log'
[3.148s] Invoked command in '/home/eecs/tutorial_ws/src/r2d2_urdf' returned '0': PYTHONPATH=/home/eecs/tutorial_ws/install/r2d2_urdf/lib/python3.8/site-packages:${PYTHONPATH} /usr/bin/python3 setup.py egg_info --egg-base ../../build/r2d2_urdf build --build-base /home/eecs/tutorial_ws/build/r2d2_urdf/build install --prefix /home/eecs/tutorial_ws/install/r2d2_urdf --record /home/eecs/tutorial_ws/build/r2d2_urdf/install.log --single-version-externally-managed
