running egg_info
creating ../../build/recognizer/recognizer.egg-info
writing ../../build/recognizer/recognizer.egg-info/PKG-INFO
writing dependency_links to ../../build/recognizer/recognizer.egg-info/dependency_links.txt
writing entry points to ../../build/recognizer/recognizer.egg-info/entry_points.txt
writing requirements to ../../build/recognizer/recognizer.egg-info/requires.txt
writing top-level names to ../../build/recognizer/recognizer.egg-info/top_level.txt
writing manifest file '../../build/recognizer/recognizer.egg-info/SOURCES.txt'
reading manifest file '../../build/recognizer/recognizer.egg-info/SOURCES.txt'
writing manifest file '../../build/recognizer/recognizer.egg-info/SOURCES.txt'
running build
running build_py
creating /home/eecs/tutorial_ws/build/recognizer/build
creating /home/eecs/tutorial_ws/build/recognizer/build/lib
creating /home/eecs/tutorial_ws/build/recognizer/build/lib/recognizer
copying recognizer/inference.py -> /home/eecs/tutorial_ws/build/recognizer/build/lib/recognizer
copying recognizer/__init__.py -> /home/eecs/tutorial_ws/build/recognizer/build/lib/recognizer
running install
running install_lib
creating /home/eecs/tutorial_ws/install/recognizer/lib/python3.8/site-packages/recognizer
copying /home/eecs/tutorial_ws/build/recognizer/build/lib/recognizer/inference.py -> /home/eecs/tutorial_ws/install/recognizer/lib/python3.8/site-packages/recognizer
copying /home/eecs/tutorial_ws/build/recognizer/build/lib/recognizer/__init__.py -> /home/eecs/tutorial_ws/install/recognizer/lib/python3.8/site-packages/recognizer
byte-compiling /home/eecs/tutorial_ws/install/recognizer/lib/python3.8/site-packages/recognizer/inference.py to inference.cpython-38.pyc
Sorry: IndentationError: unindent does not match any outer indentation level (inference.py, line 39)
byte-compiling /home/eecs/tutorial_ws/install/recognizer/lib/python3.8/site-packages/recognizer/__init__.py to __init__.cpython-38.pyc
running install_data
creating /home/eecs/tutorial_ws/install/recognizer/share/ament_index
creating /home/eecs/tutorial_ws/install/recognizer/share/ament_index/resource_index
creating /home/eecs/tutorial_ws/install/recognizer/share/ament_index/resource_index/packages
copying resource/recognizer -> /home/eecs/tutorial_ws/install/recognizer/share/ament_index/resource_index/packages
copying package.xml -> /home/eecs/tutorial_ws/install/recognizer/share/recognizer
running install_egg_info
Copying ../../build/recognizer/recognizer.egg-info to /home/eecs/tutorial_ws/install/recognizer/lib/python3.8/site-packages/recognizer-0.0.0-py3.8.egg-info
running install_scripts
Installing recognizer script to /home/eecs/tutorial_ws/install/recognizer/lib/recognizer
writing list of installed files to '/home/eecs/tutorial_ws/build/recognizer/install.log'
