[0.038s] Invoking command in '/home/eecs/tutorial_ws/build/image_proc': AMENT_PREFIX_PATH=/home/eecs/tutorial_ws/install/tracetools_image_pipeline:${AMENT_PREFIX_PATH} CMAKE_PREFIX_PATH=/home/eecs/tutorial_ws/install/tracetools_image_pipeline:/home/eecs/tutorial_ws/install/py_sub:/home/eecs/tutorial_ws/install/py_pub:/opt/ros/foxy LD_LIBRARY_PATH=/home/eecs/tutorial_ws/install/tracetools_image_pipeline/lib:${LD_LIBRARY_PATH} /usr/bin/cmake /home/eecs/tutorial_ws/src/image_pipeline/image_proc -DCMAKE_INSTALL_PREFIX=/home/eecs/tutorial_ws/install/image_proc
[0.165s] -- The C compiler identification is GNU 9.4.0
[0.292s] -- The CXX compiler identification is GNU 9.4.0
[0.303s] -- Check for working C compiler: /usr/bin/cc
[0.499s] -- Check for working C compiler: /usr/bin/cc -- works
[0.501s] -- Detecting C compiler ABI info
[0.660s] -- Detecting C compiler ABI info - done
[0.684s] -- Detecting C compile features
[0.686s] -- Detecting C compile features - done
[0.692s] -- Check for working CXX compiler: /usr/bin/c++
[0.861s] -- Check for working CXX compiler: /usr/bin/c++ -- works
[0.864s] -- Detecting CXX compiler ABI info
[1.034s] -- Detecting CXX compiler ABI info - done
[1.075s] -- Detecting CXX compile features
[1.077s] -- Detecting CXX compile features - done
[1.081s] -- Found ament_cmake_auto: 0.9.9 (/opt/ros/foxy/share/ament_cmake_auto/cmake)
[1.192s] -- Found PythonInterp: /usr/bin/python3 (found suitable version "3.8.10", minimum required is "3") 
[1.193s] -- Using PYTHON_EXECUTABLE: /usr/bin/python3
[2.677s] -- Using all available rosidl_typesupport_c: rosidl_typesupport_fastrtps_c;rosidl_typesupport_introspection_c
[2.695s] -- Found rosidl_adapter: 1.2.1 (/opt/ros/foxy/share/rosidl_adapter/cmake)
[3.084s] -- Found OpenSSL: /usr/lib/x86_64-linux-gnu/libcrypto.so (found version "1.1.1f")  
[3.177s] -- Found FastRTPS: /opt/ros/foxy/include  
[3.380s] -- Using all available rosidl_typesupport_cpp: rosidl_typesupport_fastrtps_cpp;rosidl_typesupport_introspection_cpp
[3.576s] -- Found rmw_implementation_cmake: 1.0.3 (/opt/ros/foxy/share/rmw_implementation_cmake/cmake)
[3.580s] -- Using RMW implementation 'rmw_fastrtps_cpp' as default
[3.583s] -- Looking for pthread.h
[3.824s] -- Looking for pthread.h - found
[3.824s] -- Performing Test CMAKE_HAVE_LIBC_PTHREAD
[4.058s] -- Performing Test CMAKE_HAVE_LIBC_PTHREAD - Failed
[4.059s] -- Looking for pthread_create in pthreads
[4.178s] -- Looking for pthread_create in pthreads - not found
[4.179s] -- Looking for pthread_create in pthread
[4.325s] -- Looking for pthread_create in pthread - found
[4.328s] -- Found Threads: TRUE  
[5.290s] -- Found OpenCV: /usr (found version "4.2.0") 
[6.184s] -- Found ament_lint_auto: 0.9.6 (/opt/ros/foxy/share/ament_lint_auto/cmake)
[6.308s] -- Added test 'copyright' to check source files copyright and LICENSE
[6.317s] -- Added test 'cppcheck' to perform static code analysis on C / C++ code
[6.319s] -- Configured cppcheck include dirs: /home/eecs/tutorial_ws/src/image_pipeline/image_proc/include
[6.320s] -- Configured cppcheck exclude dirs and/or files: 
[6.328s] -- Added test 'cpplint' to check C / C++ code against the Google style
[6.329s] -- Configured cpplint exclude dirs and/or files: 
[6.336s] -- Added test 'flake8' to check Python code syntax and style conventions
[6.338s] -- Added test 'lint_cmake' to check CMake code style
[6.340s] -- Added test 'pep257' to check Python code against some of the style conventions in PEP 257
[6.348s] -- Added test 'uncrustify' to check C / C++ code style
[6.349s] -- Configured uncrustify additional arguments: 
[6.350s] -- Added test 'xmllint' to check XML markup files
[6.375s] -- Configuring done
[7.656s] -- Generating done
[7.661s] -- Build files have been written to: /home/eecs/tutorial_ws/build/image_proc
[7.719s] Invoked command in '/home/eecs/tutorial_ws/build/image_proc' returned '0': AMENT_PREFIX_PATH=/home/eecs/tutorial_ws/install/tracetools_image_pipeline:${AMENT_PREFIX_PATH} CMAKE_PREFIX_PATH=/home/eecs/tutorial_ws/install/tracetools_image_pipeline:/home/eecs/tutorial_ws/install/py_sub:/home/eecs/tutorial_ws/install/py_pub:/opt/ros/foxy LD_LIBRARY_PATH=/home/eecs/tutorial_ws/install/tracetools_image_pipeline/lib:${LD_LIBRARY_PATH} /usr/bin/cmake /home/eecs/tutorial_ws/src/image_pipeline/image_proc -DCMAKE_INSTALL_PREFIX=/home/eecs/tutorial_ws/install/image_proc
[7.720s] Invoking command in '/home/eecs/tutorial_ws/build/image_proc': AMENT_PREFIX_PATH=/home/eecs/tutorial_ws/install/tracetools_image_pipeline:${AMENT_PREFIX_PATH} CMAKE_PREFIX_PATH=/home/eecs/tutorial_ws/install/tracetools_image_pipeline:/home/eecs/tutorial_ws/install/py_sub:/home/eecs/tutorial_ws/install/py_pub:/opt/ros/foxy LD_LIBRARY_PATH=/home/eecs/tutorial_ws/install/tracetools_image_pipeline/lib:${LD_LIBRARY_PATH} /usr/bin/cmake --build /home/eecs/tutorial_ws/build/image_proc -- -j4 -l4
[8.008s] [35m[1mScanning dependencies of target image_proc[0m
[8.210s] [  6%] [32mBuilding CXX object CMakeFiles/image_proc.dir/src/image_proc/processor.cpp.o[0m
[12.488s] [ 13%] [32m[1mLinking CXX shared library libimage_proc.so[0m
[13.180s] [ 13%] Built target image_proc
[13.242s] [35m[1mScanning dependencies of target rectify[0m
[13.540s] [ 20%] [32mBuilding CXX object CMakeFiles/rectify.dir/src/rectify.cpp.o[0m
[24.565s] [ 26%] [32m[1mLinking CXX shared library librectify.so[0m
[25.723s] [ 26%] Built target rectify
[25.808s] [35m[1mScanning dependencies of target debayer[0m
[26.122s] [ 33%] [32mBuilding CXX object CMakeFiles/debayer.dir/src/debayer.cpp.o[0m
[26.141s] [ 40%] [32mBuilding CXX object CMakeFiles/debayer.dir/src/edge_aware.cpp.o[0m
[38.880s] [ 46%] [32m[1mLinking CXX shared library libdebayer.so[0m
[40.334s] [ 46%] Built target debayer
[40.400s] [35m[1mScanning dependencies of target resize[0m
[40.691s] [ 53%] [32mBuilding CXX object CMakeFiles/resize.dir/src/resize.cpp.o[0m
[51.202s] [ 60%] [32m[1mLinking CXX shared library libresize.so[0m
[52.159s] [ 60%] Built target resize
[52.216s] [35m[1mScanning dependencies of target crop_decimate[0m
[52.422s] [ 66%] [32mBuilding CXX object CMakeFiles/crop_decimate.dir/src/crop_decimate.cpp.o[0m
[59.675s] [ 73%] [32m[1mLinking CXX shared library libcrop_decimate.so[0m
[60.852s] [ 73%] Built target crop_decimate
[60.924s] [35m[1mScanning dependencies of target crop_non_zero[0m
[61.194s] [ 80%] [32mBuilding CXX object CMakeFiles/crop_non_zero.dir/src/crop_non_zero.cpp.o[0m
[67.719s] [ 86%] [32m[1mLinking CXX shared library libcrop_non_zero.so[0m
[68.199s] [ 86%] Built target crop_non_zero
[68.214s] [35m[1mScanning dependencies of target image_proc_exe[0m
[68.299s] [ 93%] [32mBuilding CXX object CMakeFiles/image_proc_exe.dir/src/image_proc.cpp.o[0m
[73.369s] [100%] [32m[1mLinking CXX executable image_proc[0m
[74.310s] [100%] Built target image_proc_exe
[74.333s] Invoked command in '/home/eecs/tutorial_ws/build/image_proc' returned '0': AMENT_PREFIX_PATH=/home/eecs/tutorial_ws/install/tracetools_image_pipeline:${AMENT_PREFIX_PATH} CMAKE_PREFIX_PATH=/home/eecs/tutorial_ws/install/tracetools_image_pipeline:/home/eecs/tutorial_ws/install/py_sub:/home/eecs/tutorial_ws/install/py_pub:/opt/ros/foxy LD_LIBRARY_PATH=/home/eecs/tutorial_ws/install/tracetools_image_pipeline/lib:${LD_LIBRARY_PATH} /usr/bin/cmake --build /home/eecs/tutorial_ws/build/image_proc -- -j4 -l4
[74.412s] Invoking command in '/home/eecs/tutorial_ws/build/image_proc': AMENT_PREFIX_PATH=/home/eecs/tutorial_ws/install/tracetools_image_pipeline:${AMENT_PREFIX_PATH} CMAKE_PREFIX_PATH=/home/eecs/tutorial_ws/install/tracetools_image_pipeline:/home/eecs/tutorial_ws/install/py_sub:/home/eecs/tutorial_ws/install/py_pub:/opt/ros/foxy LD_LIBRARY_PATH=/home/eecs/tutorial_ws/install/tracetools_image_pipeline/lib:${LD_LIBRARY_PATH} /usr/bin/cmake --install /home/eecs/tutorial_ws/build/image_proc
[74.431s] -- Install configuration: ""
[74.431s] -- Installing: /home/eecs/tutorial_ws/install/image_proc/bin/image_proc
[74.432s] -- Set runtime path of "/home/eecs/tutorial_ws/install/image_proc/bin/image_proc" to ""
[74.433s] -- Installing: /home/eecs/tutorial_ws/install/image_proc/include
[74.433s] -- Installing: /home/eecs/tutorial_ws/install/image_proc/include/image_proc
[74.433s] -- Installing: /home/eecs/tutorial_ws/install/image_proc/include/image_proc/rectify.hpp
[74.433s] -- Installing: /home/eecs/tutorial_ws/install/image_proc/include/image_proc/edge_aware.hpp
[74.434s] -- Installing: /home/eecs/tutorial_ws/install/image_proc/include/image_proc/crop_decimate.hpp
[74.434s] -- Installing: /home/eecs/tutorial_ws/install/image_proc/include/image_proc/crop_non_zero.hpp
[74.434s] -- Installing: /home/eecs/tutorial_ws/install/image_proc/include/image_proc/debayer.hpp
[74.434s] -- Installing: /home/eecs/tutorial_ws/install/image_proc/include/image_proc/processor.hpp
[74.434s] -- Installing: /home/eecs/tutorial_ws/install/image_proc/include/image_proc/resize.hpp
[74.435s] -- Installing: /home/eecs/tutorial_ws/install/image_proc/share/image_proc/environment/library_path.sh
[74.435s] -- Installing: /home/eecs/tutorial_ws/install/image_proc/share/image_proc/environment/library_path.dsv
[74.435s] -- Installing: /home/eecs/tutorial_ws/install/image_proc/lib/libimage_proc.so
[74.436s] -- Set runtime path of "/home/eecs/tutorial_ws/install/image_proc/lib/libimage_proc.so" to ""
[74.436s] -- Installing: /home/eecs/tutorial_ws/install/image_proc/lib/librectify.so
[74.437s] -- Set runtime path of "/home/eecs/tutorial_ws/install/image_proc/lib/librectify.so" to ""
[74.438s] -- Installing: /home/eecs/tutorial_ws/install/image_proc/lib/libdebayer.so
[74.439s] -- Set runtime path of "/home/eecs/tutorial_ws/install/image_proc/lib/libdebayer.so" to ""
[74.440s] -- Installing: /home/eecs/tutorial_ws/install/image_proc/lib/libresize.so
[74.441s] -- Set runtime path of "/home/eecs/tutorial_ws/install/image_proc/lib/libresize.so" to ""
[74.441s] -- Installing: /home/eecs/tutorial_ws/install/image_proc/lib/libcrop_decimate.so
[74.443s] -- Set runtime path of "/home/eecs/tutorial_ws/install/image_proc/lib/libcrop_decimate.so" to ""
[74.443s] -- Installing: /home/eecs/tutorial_ws/install/image_proc/lib/libcrop_non_zero.so
[74.444s] -- Set runtime path of "/home/eecs/tutorial_ws/install/image_proc/lib/libcrop_non_zero.so" to ""
[74.445s] -- Installing: /home/eecs/tutorial_ws/install/image_proc/lib/image_proc/image_proc
[74.446s] -- Set runtime path of "/home/eecs/tutorial_ws/install/image_proc/lib/image_proc/image_proc" to ""
[74.446s] -- Installing: /home/eecs/tutorial_ws/install/image_proc/share/image_proc/launch
[74.446s] -- Installing: /home/eecs/tutorial_ws/install/image_proc/share/image_proc/launch/image_proc.launch.py
[74.447s] -- Installing: /home/eecs/tutorial_ws/install/image_proc/share/ament_index/resource_index/package_run_dependencies/image_proc
[74.447s] -- Installing: /home/eecs/tutorial_ws/install/image_proc/share/ament_index/resource_index/parent_prefix_path/image_proc
[74.447s] -- Installing: /home/eecs/tutorial_ws/install/image_proc/share/image_proc/environment/ament_prefix_path.sh
[74.447s] -- Installing: /home/eecs/tutorial_ws/install/image_proc/share/image_proc/environment/ament_prefix_path.dsv
[74.448s] -- Installing: /home/eecs/tutorial_ws/install/image_proc/share/image_proc/environment/path.sh
[74.448s] -- Installing: /home/eecs/tutorial_ws/install/image_proc/share/image_proc/environment/path.dsv
[74.448s] -- Installing: /home/eecs/tutorial_ws/install/image_proc/share/image_proc/local_setup.bash
[74.449s] -- Installing: /home/eecs/tutorial_ws/install/image_proc/share/image_proc/local_setup.sh
[74.449s] -- Installing: /home/eecs/tutorial_ws/install/image_proc/share/image_proc/local_setup.zsh
[74.449s] -- Installing: /home/eecs/tutorial_ws/install/image_proc/share/image_proc/local_setup.dsv
[74.449s] -- Installing: /home/eecs/tutorial_ws/install/image_proc/share/image_proc/package.dsv
[74.450s] -- Installing: /home/eecs/tutorial_ws/install/image_proc/share/ament_index/resource_index/packages/image_proc
[74.450s] -- Installing: /home/eecs/tutorial_ws/install/image_proc/share/ament_index/resource_index/rclcpp_components/image_proc
[74.450s] -- Installing: /home/eecs/tutorial_ws/install/image_proc/share/image_proc/cmake/ament_cmake_export_dependencies-extras.cmake
[74.451s] -- Installing: /home/eecs/tutorial_ws/install/image_proc/share/image_proc/cmake/ament_cmake_export_include_directories-extras.cmake
[74.451s] -- Installing: /home/eecs/tutorial_ws/install/image_proc/share/image_proc/cmake/ament_cmake_export_libraries-extras.cmake
[74.451s] -- Installing: /home/eecs/tutorial_ws/install/image_proc/share/image_proc/cmake/image_procConfig.cmake
[74.452s] -- Installing: /home/eecs/tutorial_ws/install/image_proc/share/image_proc/cmake/image_procConfig-version.cmake
[74.452s] -- Installing: /home/eecs/tutorial_ws/install/image_proc/share/image_proc/package.xml
[74.458s] Invoked command in '/home/eecs/tutorial_ws/build/image_proc' returned '0': AMENT_PREFIX_PATH=/home/eecs/tutorial_ws/install/tracetools_image_pipeline:${AMENT_PREFIX_PATH} CMAKE_PREFIX_PATH=/home/eecs/tutorial_ws/install/tracetools_image_pipeline:/home/eecs/tutorial_ws/install/py_sub:/home/eecs/tutorial_ws/install/py_pub:/opt/ros/foxy LD_LIBRARY_PATH=/home/eecs/tutorial_ws/install/tracetools_image_pipeline/lib:${LD_LIBRARY_PATH} /usr/bin/cmake --install /home/eecs/tutorial_ws/build/image_proc
