[1.814s] Invoking command in '/home/eecs/tutorial_ws/src/py_srv': PYTHONPATH=/home/eecs/tutorial_ws/install/py_srv/lib/python3.8/site-packages:${PYTHONPATH} /usr/bin/python3 setup.py egg_info --egg-base ../../build/py_srv build --build-base /home/eecs/tutorial_ws/build/py_srv/build install --prefix /home/eecs/tutorial_ws/install/py_srv --record /home/eecs/tutorial_ws/build/py_srv/install.log --single-version-externally-managed
[2.202s] running egg_info
[2.202s] writing ../../build/py_srv/py_srv.egg-info/PKG-INFO
[2.202s] writing dependency_links to ../../build/py_srv/py_srv.egg-info/dependency_links.txt
[2.202s] writing entry points to ../../build/py_srv/py_srv.egg-info/entry_points.txt
[2.202s] writing requirements to ../../build/py_srv/py_srv.egg-info/requires.txt
[2.203s] writing top-level names to ../../build/py_srv/py_srv.egg-info/top_level.txt
[2.244s] reading manifest file '../../build/py_srv/py_srv.egg-info/SOURCES.txt'
[2.245s] writing manifest file '../../build/py_srv/py_srv.egg-info/SOURCES.txt'
[2.246s] running build
[2.246s] running build_py
[2.246s] running install
[2.247s] running install_lib
[2.249s] running install_data
[2.250s] running install_egg_info
[2.252s] removing '/home/eecs/tutorial_ws/install/py_srv/lib/python3.8/site-packages/py_srv-0.0.0-py3.8.egg-info' (and everything under it)
[2.253s] Copying ../../build/py_srv/py_srv.egg-info to /home/eecs/tutorial_ws/install/py_srv/lib/python3.8/site-packages/py_srv-0.0.0-py3.8.egg-info
[2.254s] running install_scripts
[2.278s] Installing service script to /home/eecs/tutorial_ws/install/py_srv/lib/py_srv
[2.278s] writing list of installed files to '/home/eecs/tutorial_ws/build/py_srv/install.log'
[2.392s] Invoked command in '/home/eecs/tutorial_ws/src/py_srv' returned '0': PYTHONPATH=/home/eecs/tutorial_ws/install/py_srv/lib/python3.8/site-packages:${PYTHONPATH} /usr/bin/python3 setup.py egg_info --egg-base ../../build/py_srv build --build-base /home/eecs/tutorial_ws/build/py_srv/build install --prefix /home/eecs/tutorial_ws/install/py_srv --record /home/eecs/tutorial_ws/build/py_srv/install.log --single-version-externally-managed
