[1.607s] Invoking command in '/home/eecs/tutorial_ws/src/recognizer': PYTHONPATH=/home/eecs/tutorial_ws/install/recognizer/lib/python3.8/site-packages:${PYTHONPATH} /usr/bin/python3 setup.py egg_info --egg-base ../../build/recognizer build --build-base /home/eecs/tutorial_ws/build/recognizer/build install --prefix /home/eecs/tutorial_ws/install/recognizer --record /home/eecs/tutorial_ws/build/recognizer/install.log --single-version-externally-managed
[2.123s] running egg_info
[2.124s] writing ../../build/recognizer/recognizer.egg-info/PKG-INFO
[2.125s] writing dependency_links to ../../build/recognizer/recognizer.egg-info/dependency_links.txt
[2.125s] writing entry points to ../../build/recognizer/recognizer.egg-info/entry_points.txt
[2.125s] writing requirements to ../../build/recognizer/recognizer.egg-info/requires.txt
[2.126s] writing top-level names to ../../build/recognizer/recognizer.egg-info/top_level.txt
[2.198s] reading manifest file '../../build/recognizer/recognizer.egg-info/SOURCES.txt'
[2.199s] writing manifest file '../../build/recognizer/recognizer.egg-info/SOURCES.txt'
[2.200s] running build
[2.200s] running build_py
[2.200s] copying recognizer/inference.py -> /home/eecs/tutorial_ws/build/recognizer/build/lib/recognizer
[2.200s] running install
[2.202s] running install_lib
[2.204s] copying /home/eecs/tutorial_ws/build/recognizer/build/lib/recognizer/inference.py -> /home/eecs/tutorial_ws/install/recognizer/lib/python3.8/site-packages/recognizer
[2.205s] byte-compiling /home/eecs/tutorial_ws/install/recognizer/lib/python3.8/site-packages/recognizer/inference.py to inference.cpython-38.pyc
[2.207s] Sorry: TabError: inconsistent use of tabs and spaces in indentation (inference.py, line 92)
[2.207s] running install_data
[2.209s] running install_egg_info
[2.212s] removing '/home/eecs/tutorial_ws/install/recognizer/lib/python3.8/site-packages/recognizer-0.0.0-py3.8.egg-info' (and everything under it)
[2.212s] Copying ../../build/recognizer/recognizer.egg-info to /home/eecs/tutorial_ws/install/recognizer/lib/python3.8/site-packages/recognizer-0.0.0-py3.8.egg-info
[2.214s] running install_scripts
[2.247s] Installing recognizer script to /home/eecs/tutorial_ws/install/recognizer/lib/recognizer
[2.248s] writing list of installed files to '/home/eecs/tutorial_ws/build/recognizer/install.log'
[2.299s] Invoked command in '/home/eecs/tutorial_ws/src/recognizer' returned '0': PYTHONPATH=/home/eecs/tutorial_ws/install/recognizer/lib/python3.8/site-packages:${PYTHONPATH} /usr/bin/python3 setup.py egg_info --egg-base ../../build/recognizer build --build-base /home/eecs/tutorial_ws/build/recognizer/build install --prefix /home/eecs/tutorial_ws/install/recognizer --record /home/eecs/tutorial_ws/build/recognizer/install.log --single-version-externally-managed
