[1.277s] Invoking command in '/home/eecs/tutorial_ws/src/recognizer': PYTHONPATH=/home/eecs/tutorial_ws/install/recognizer/lib/python3.8/site-packages:${PYTHONPATH} /usr/bin/python3 setup.py egg_info --egg-base ../../build/recognizer build --build-base /home/eecs/tutorial_ws/build/recognizer/build install --prefix /home/eecs/tutorial_ws/install/recognizer --record /home/eecs/tutorial_ws/build/recognizer/install.log --single-version-externally-managed
[1.795s] running egg_info
[1.797s] writing ../../build/recognizer/recognizer.egg-info/PKG-INFO
[1.797s] writing dependency_links to ../../build/recognizer/recognizer.egg-info/dependency_links.txt
[1.798s] writing entry points to ../../build/recognizer/recognizer.egg-info/entry_points.txt
[1.799s] writing requirements to ../../build/recognizer/recognizer.egg-info/requires.txt
[1.799s] writing top-level names to ../../build/recognizer/recognizer.egg-info/top_level.txt
[1.872s] reading manifest file '../../build/recognizer/recognizer.egg-info/SOURCES.txt'
[1.874s] writing manifest file '../../build/recognizer/recognizer.egg-info/SOURCES.txt'
[1.874s] running build
[1.874s] running build_py
[1.874s] copying recognizer/inference.py -> /home/eecs/tutorial_ws/build/recognizer/build/lib/recognizer
[1.875s] running install
[1.876s] running install_lib
[1.878s] copying /home/eecs/tutorial_ws/build/recognizer/build/lib/recognizer/inference.py -> /home/eecs/tutorial_ws/install/recognizer/lib/python3.8/site-packages/recognizer
[1.881s] byte-compiling /home/eecs/tutorial_ws/install/recognizer/lib/python3.8/site-packages/recognizer/inference.py to inference.cpython-38.pyc
[1.882s] Sorry: TabError: inconsistent use of tabs and spaces in indentation (inference.py, line 92)
[1.882s] running install_data
[1.883s] running install_egg_info
[1.887s] removing '/home/eecs/tutorial_ws/install/recognizer/lib/python3.8/site-packages/recognizer-0.0.0-py3.8.egg-info' (and everything under it)
[1.888s] Copying ../../build/recognizer/recognizer.egg-info to /home/eecs/tutorial_ws/install/recognizer/lib/python3.8/site-packages/recognizer-0.0.0-py3.8.egg-info
[1.889s] running install_scripts
[1.923s] Installing recognizer script to /home/eecs/tutorial_ws/install/recognizer/lib/recognizer
[1.924s] writing list of installed files to '/home/eecs/tutorial_ws/build/recognizer/install.log'
[1.993s] Invoked command in '/home/eecs/tutorial_ws/src/recognizer' returned '0': PYTHONPATH=/home/eecs/tutorial_ws/install/recognizer/lib/python3.8/site-packages:${PYTHONPATH} /usr/bin/python3 setup.py egg_info --egg-base ../../build/recognizer build --build-base /home/eecs/tutorial_ws/build/recognizer/build install --prefix /home/eecs/tutorial_ws/install/recognizer --record /home/eecs/tutorial_ws/build/recognizer/install.log --single-version-externally-managed
