[1.582s] Invoking command in '/home/eecs/tutorial_ws/src/py_sub': AMENT_PREFIX_PATH=/home/eecs/tutorial_ws/install/my_interfaces:${AMENT_PREFIX_PATH} CMAKE_PREFIX_PATH=/home/eecs/tutorial_ws/install/my_interfaces LD_LIBRARY_PATH=/home/eecs/tutorial_ws/install/my_interfaces/lib:${LD_LIBRARY_PATH} PYTHONPATH=/home/eecs/tutorial_ws/install/py_sub/lib/python3.8/site-packages:/home/eecs/tutorial_ws/install/my_interfaces/lib/python3.8/site-packages:${PYTHONPATH} /usr/bin/python3 setup.py egg_info --egg-base ../../build/py_sub build --build-base /home/eecs/tutorial_ws/build/py_sub/build install --prefix /home/eecs/tutorial_ws/install/py_sub --record /home/eecs/tutorial_ws/build/py_sub/install.log --single-version-externally-managed
[2.088s] running egg_info
[2.089s] writing ../../build/py_sub/py_sub.egg-info/PKG-INFO
[2.090s] writing dependency_links to ../../build/py_sub/py_sub.egg-info/dependency_links.txt
[2.091s] writing entry points to ../../build/py_sub/py_sub.egg-info/entry_points.txt
[2.092s] writing requirements to ../../build/py_sub/py_sub.egg-info/requires.txt
[2.093s] writing top-level names to ../../build/py_sub/py_sub.egg-info/top_level.txt
[2.174s] reading manifest file '../../build/py_sub/py_sub.egg-info/SOURCES.txt'
[2.176s] writing manifest file '../../build/py_sub/py_sub.egg-info/SOURCES.txt'
[2.177s] running build
[2.177s] running build_py
[2.178s] copying py_sub/student_subscriber_function.py -> /home/eecs/tutorial_ws/build/py_sub/build/lib/py_sub
[2.179s] copying py_sub/subscriber_member_function.py -> /home/eecs/tutorial_ws/build/py_sub/build/lib/py_sub
[2.179s] copying py_sub/image_subscriber_function.py -> /home/eecs/tutorial_ws/build/py_sub/build/lib/py_sub
[2.180s] copying py_sub/image_subscriber_processing_function.py -> /home/eecs/tutorial_ws/build/py_sub/build/lib/py_sub
[2.181s] copying py_sub/image_subscriber_aruco_function.py -> /home/eecs/tutorial_ws/build/py_sub/build/lib/py_sub
[2.181s] copying py_sub/image_subscriber_aruco_tf2_broadcast_function.py -> /home/eecs/tutorial_ws/build/py_sub/build/lib/py_sub
[2.182s] running install
[2.184s] running install_lib
[2.187s] copying /home/eecs/tutorial_ws/build/py_sub/build/lib/py_sub/student_subscriber_function.py -> /home/eecs/tutorial_ws/install/py_sub/lib/python3.8/site-packages/py_sub
[2.188s] copying /home/eecs/tutorial_ws/build/py_sub/build/lib/py_sub/subscriber_member_function.py -> /home/eecs/tutorial_ws/install/py_sub/lib/python3.8/site-packages/py_sub
[2.188s] copying /home/eecs/tutorial_ws/build/py_sub/build/lib/py_sub/image_subscriber_function.py -> /home/eecs/tutorial_ws/install/py_sub/lib/python3.8/site-packages/py_sub
[2.189s] copying /home/eecs/tutorial_ws/build/py_sub/build/lib/py_sub/image_subscriber_processing_function.py -> /home/eecs/tutorial_ws/install/py_sub/lib/python3.8/site-packages/py_sub
[2.190s] copying /home/eecs/tutorial_ws/build/py_sub/build/lib/py_sub/image_subscriber_aruco_function.py -> /home/eecs/tutorial_ws/install/py_sub/lib/python3.8/site-packages/py_sub
[2.190s] copying /home/eecs/tutorial_ws/build/py_sub/build/lib/py_sub/image_subscriber_aruco_tf2_broadcast_function.py -> /home/eecs/tutorial_ws/install/py_sub/lib/python3.8/site-packages/py_sub
[2.192s] byte-compiling /home/eecs/tutorial_ws/install/py_sub/lib/python3.8/site-packages/py_sub/student_subscriber_function.py to student_subscriber_function.cpython-38.pyc
[2.196s] byte-compiling /home/eecs/tutorial_ws/install/py_sub/lib/python3.8/site-packages/py_sub/subscriber_member_function.py to subscriber_member_function.cpython-38.pyc
[2.197s] byte-compiling /home/eecs/tutorial_ws/install/py_sub/lib/python3.8/site-packages/py_sub/image_subscriber_function.py to image_subscriber_function.cpython-38.pyc
[2.199s] byte-compiling /home/eecs/tutorial_ws/install/py_sub/lib/python3.8/site-packages/py_sub/image_subscriber_processing_function.py to image_subscriber_processing_function.cpython-38.pyc
[2.201s] byte-compiling /home/eecs/tutorial_ws/install/py_sub/lib/python3.8/site-packages/py_sub/image_subscriber_aruco_function.py to image_subscriber_aruco_function.cpython-38.pyc
[2.204s] byte-compiling /home/eecs/tutorial_ws/install/py_sub/lib/python3.8/site-packages/py_sub/image_subscriber_aruco_tf2_broadcast_function.py to image_subscriber_aruco_tf2_broadcast_function.cpython-38.pyc
[2.207s] running install_data
[2.209s] running install_egg_info
[2.212s] removing '/home/eecs/tutorial_ws/install/py_sub/lib/python3.8/site-packages/py_sub-0.0.0-py3.8.egg-info' (and everything under it)
[2.213s] Copying ../../build/py_sub/py_sub.egg-info to /home/eecs/tutorial_ws/install/py_sub/lib/python3.8/site-packages/py_sub-0.0.0-py3.8.egg-info
[2.215s] running install_scripts
[2.257s] Installing image_aruco_estimator script to /home/eecs/tutorial_ws/install/py_sub/lib/py_sub
[2.258s] Installing image_aruco_tf2_broadcaster script to /home/eecs/tutorial_ws/install/py_sub/lib/py_sub
[2.259s] Installing image_listener script to /home/eecs/tutorial_ws/install/py_sub/lib/py_sub
[2.259s] Installing image_listener_processor script to /home/eecs/tutorial_ws/install/py_sub/lib/py_sub
[2.260s] Installing listener script to /home/eecs/tutorial_ws/install/py_sub/lib/py_sub
[2.261s] Installing student_listener script to /home/eecs/tutorial_ws/install/py_sub/lib/py_sub
[2.262s] writing list of installed files to '/home/eecs/tutorial_ws/build/py_sub/install.log'
[2.321s] Invoked command in '/home/eecs/tutorial_ws/src/py_sub' returned '0': AMENT_PREFIX_PATH=/home/eecs/tutorial_ws/install/my_interfaces:${AMENT_PREFIX_PATH} CMAKE_PREFIX_PATH=/home/eecs/tutorial_ws/install/my_interfaces LD_LIBRARY_PATH=/home/eecs/tutorial_ws/install/my_interfaces/lib:${LD_LIBRARY_PATH} PYTHONPATH=/home/eecs/tutorial_ws/install/py_sub/lib/python3.8/site-packages:/home/eecs/tutorial_ws/install/my_interfaces/lib/python3.8/site-packages:${PYTHONPATH} /usr/bin/python3 setup.py egg_info --egg-base ../../build/py_sub build --build-base /home/eecs/tutorial_ws/build/py_sub/build install --prefix /home/eecs/tutorial_ws/install/py_sub --record /home/eecs/tutorial_ws/build/py_sub/install.log --single-version-externally-managed
