[0.026s] Invoking command in '/home/eecs/tutorial_ws/build/image_rotate': CMAKE_PREFIX_PATH=/opt/ros/foxy /usr/bin/cmake --build /home/eecs/tutorial_ws/build/image_rotate -- -j4 -l4
[0.191s] [ 50%] Built target image_rotate
[0.261s] [100%] Built target image_rotate_bin
[0.290s] Invoked command in '/home/eecs/tutorial_ws/build/image_rotate' returned '0': CMAKE_PREFIX_PATH=/opt/ros/foxy /usr/bin/cmake --build /home/eecs/tutorial_ws/build/image_rotate -- -j4 -l4
[0.352s] Invoking command in '/home/eecs/tutorial_ws/build/image_rotate': CMAKE_PREFIX_PATH=/opt/ros/foxy /usr/bin/cmake --install /home/eecs/tutorial_ws/build/image_rotate
[0.370s] -- Install configuration: ""
[0.370s] -- Up-to-date: /home/eecs/tutorial_ws/install/image_rotate/include
[0.371s] -- Up-to-date: /home/eecs/tutorial_ws/install/image_rotate/include/image_rotate
[0.371s] -- Up-to-date: /home/eecs/tutorial_ws/install/image_rotate/include/image_rotate/visibility.h
[0.371s] -- Up-to-date: /home/eecs/tutorial_ws/install/image_rotate/include/image_rotate/image_rotate_node.hpp
[0.371s] -- Up-to-date: /home/eecs/tutorial_ws/install/image_rotate/share/image_rotate/environment/library_path.sh
[0.371s] -- Up-to-date: /home/eecs/tutorial_ws/install/image_rotate/share/image_rotate/environment/library_path.dsv
[0.374s] -- Up-to-date: /home/eecs/tutorial_ws/install/image_rotate/lib/libimage_rotate.so
[0.376s] -- Up-to-date: /home/eecs/tutorial_ws/install/image_rotate/lib/image_rotate/image_rotate
[0.377s] -- Up-to-date: /home/eecs/tutorial_ws/install/image_rotate/share/image_rotate/launch
[0.377s] -- Up-to-date: /home/eecs/tutorial_ws/install/image_rotate/share/image_rotate/launch/image_rotate.launch.py
[0.379s] -- Up-to-date: /home/eecs/tutorial_ws/install/image_rotate/share/ament_index/resource_index/package_run_dependencies/image_rotate
[0.380s] -- Up-to-date: /home/eecs/tutorial_ws/install/image_rotate/share/ament_index/resource_index/parent_prefix_path/image_rotate
[0.380s] -- Up-to-date: /home/eecs/tutorial_ws/install/image_rotate/share/image_rotate/environment/ament_prefix_path.sh
[0.381s] -- Up-to-date: /home/eecs/tutorial_ws/install/image_rotate/share/image_rotate/environment/ament_prefix_path.dsv
[0.381s] -- Up-to-date: /home/eecs/tutorial_ws/install/image_rotate/share/image_rotate/environment/path.sh
[0.381s] -- Up-to-date: /home/eecs/tutorial_ws/install/image_rotate/share/image_rotate/environment/path.dsv
[0.382s] -- Up-to-date: /home/eecs/tutorial_ws/install/image_rotate/share/image_rotate/local_setup.bash
[0.382s] -- Up-to-date: /home/eecs/tutorial_ws/install/image_rotate/share/image_rotate/local_setup.sh
[0.389s] -- Up-to-date: /home/eecs/tutorial_ws/install/image_rotate/share/image_rotate/local_setup.zsh
[0.390s] -- Up-to-date: /home/eecs/tutorial_ws/install/image_rotate/share/image_rotate/local_setup.dsv
[0.390s] -- Installing: /home/eecs/tutorial_ws/install/image_rotate/share/image_rotate/package.dsv
[0.390s] -- Up-to-date: /home/eecs/tutorial_ws/install/image_rotate/share/ament_index/resource_index/packages/image_rotate
[0.390s] -- Up-to-date: /home/eecs/tutorial_ws/install/image_rotate/share/ament_index/resource_index/rclcpp_components/image_rotate
[0.391s] -- Up-to-date: /home/eecs/tutorial_ws/install/image_rotate/share/image_rotate/cmake/ament_cmake_export_dependencies-extras.cmake
[0.391s] -- Up-to-date: /home/eecs/tutorial_ws/install/image_rotate/share/image_rotate/cmake/ament_cmake_export_include_directories-extras.cmake
[0.391s] -- Up-to-date: /home/eecs/tutorial_ws/install/image_rotate/share/image_rotate/cmake/ament_cmake_export_libraries-extras.cmake
[0.392s] -- Up-to-date: /home/eecs/tutorial_ws/install/image_rotate/share/image_rotate/cmake/image_rotateConfig.cmake
[0.392s] -- Up-to-date: /home/eecs/tutorial_ws/install/image_rotate/share/image_rotate/cmake/image_rotateConfig-version.cmake
[0.392s] -- Up-to-date: /home/eecs/tutorial_ws/install/image_rotate/share/image_rotate/package.xml
[0.405s] Invoked command in '/home/eecs/tutorial_ws/build/image_rotate' returned '0': CMAKE_PREFIX_PATH=/opt/ros/foxy /usr/bin/cmake --install /home/eecs/tutorial_ws/build/image_rotate
