[1.613s] Invoking command in '/home/eecs/tutorial_ws/src/py_cli': PYTHONPATH=/home/eecs/tutorial_ws/install/py_cli/lib/python3.8/site-packages:${PYTHONPATH} /usr/bin/python3 setup.py egg_info --egg-base ../../build/py_cli build --build-base /home/eecs/tutorial_ws/build/py_cli/build install --prefix /home/eecs/tutorial_ws/install/py_cli --record /home/eecs/tutorial_ws/build/py_cli/install.log --single-version-externally-managed
[2.117s] running egg_info
[2.118s] writing ../../build/py_cli/py_cli.egg-info/PKG-INFO
[2.119s] writing dependency_links to ../../build/py_cli/py_cli.egg-info/dependency_links.txt
[2.119s] writing entry points to ../../build/py_cli/py_cli.egg-info/entry_points.txt
[2.119s] writing requirements to ../../build/py_cli/py_cli.egg-info/requires.txt
[2.119s] writing top-level names to ../../build/py_cli/py_cli.egg-info/top_level.txt
[2.183s] reading manifest file '../../build/py_cli/py_cli.egg-info/SOURCES.txt'
[2.185s] writing manifest file '../../build/py_cli/py_cli.egg-info/SOURCES.txt'
[2.185s] running build
[2.186s] running build_py
[2.187s] running install
[2.188s] running install_lib
[2.191s] running install_data
[2.194s] running install_egg_info
[2.197s] removing '/home/eecs/tutorial_ws/install/py_cli/lib/python3.8/site-packages/py_cli-0.0.0-py3.8.egg-info' (and everything under it)
[2.198s] Copying ../../build/py_cli/py_cli.egg-info to /home/eecs/tutorial_ws/install/py_cli/lib/python3.8/site-packages/py_cli-0.0.0-py3.8.egg-info
[2.200s] running install_scripts
[2.234s] Installing client script to /home/eecs/tutorial_ws/install/py_cli/lib/py_cli
[2.235s] writing list of installed files to '/home/eecs/tutorial_ws/build/py_cli/install.log'
[2.290s] Invoked command in '/home/eecs/tutorial_ws/src/py_cli' returned '0': PYTHONPATH=/home/eecs/tutorial_ws/install/py_cli/lib/python3.8/site-packages:${PYTHONPATH} /usr/bin/python3 setup.py egg_info --egg-base ../../build/py_cli build --build-base /home/eecs/tutorial_ws/build/py_cli/build install --prefix /home/eecs/tutorial_ws/install/py_cli --record /home/eecs/tutorial_ws/build/py_cli/install.log --single-version-externally-managed
