[1.776s] Invoking command in '/home/eecs/tutorial_ws/src/py_cli': PYTHONPATH=/home/eecs/tutorial_ws/install/py_cli/lib/python3.8/site-packages:${PYTHONPATH} /usr/bin/python3 setup.py egg_info --egg-base ../../build/py_cli build --build-base /home/eecs/tutorial_ws/build/py_cli/build install --prefix /home/eecs/tutorial_ws/install/py_cli --record /home/eecs/tutorial_ws/build/py_cli/install.log --single-version-externally-managed
[2.280s] running egg_info
[2.281s] writing ../../build/py_cli/py_cli.egg-info/PKG-INFO
[2.281s] writing dependency_links to ../../build/py_cli/py_cli.egg-info/dependency_links.txt
[2.282s] writing entry points to ../../build/py_cli/py_cli.egg-info/entry_points.txt
[2.282s] writing requirements to ../../build/py_cli/py_cli.egg-info/requires.txt
[2.282s] writing top-level names to ../../build/py_cli/py_cli.egg-info/top_level.txt
[2.352s] reading manifest file '../../build/py_cli/py_cli.egg-info/SOURCES.txt'
[2.354s] writing manifest file '../../build/py_cli/py_cli.egg-info/SOURCES.txt'
[2.354s] running build
[2.354s] running build_py
[2.355s] running install
[2.355s] running install_lib
[2.358s] running install_data
[2.359s] running install_egg_info
[2.365s] removing '/home/eecs/tutorial_ws/install/py_cli/lib/python3.8/site-packages/py_cli-0.0.0-py3.8.egg-info' (and everything under it)
[2.365s] Copying ../../build/py_cli/py_cli.egg-info to /home/eecs/tutorial_ws/install/py_cli/lib/python3.8/site-packages/py_cli-0.0.0-py3.8.egg-info
[2.365s] running install_scripts
[2.400s] Installing client script to /home/eecs/tutorial_ws/install/py_cli/lib/py_cli
[2.401s] writing list of installed files to '/home/eecs/tutorial_ws/build/py_cli/install.log'
[2.448s] Invoked command in '/home/eecs/tutorial_ws/src/py_cli' returned '0': PYTHONPATH=/home/eecs/tutorial_ws/install/py_cli/lib/python3.8/site-packages:${PYTHONPATH} /usr/bin/python3 setup.py egg_info --egg-base ../../build/py_cli build --build-base /home/eecs/tutorial_ws/build/py_cli/build install --prefix /home/eecs/tutorial_ws/install/py_cli --record /home/eecs/tutorial_ws/build/py_cli/install.log --single-version-externally-managed
