[0.876s] Invoking command in '/home/eecs/tutorial_ws/src/recognizer': PYTHONPATH=/home/eecs/tutorial_ws/install/recognizer/lib/python3.8/site-packages:${PYTHONPATH} /usr/bin/python3 setup.py egg_info --egg-base ../../build/recognizer build --build-base /home/eecs/tutorial_ws/build/recognizer/build install --prefix /home/eecs/tutorial_ws/install/recognizer --record /home/eecs/tutorial_ws/build/recognizer/install.log --single-version-externally-managed
[1.176s] running egg_info
[1.176s] writing ../../build/recognizer/recognizer.egg-info/PKG-INFO
[1.177s] writing dependency_links to ../../build/recognizer/recognizer.egg-info/dependency_links.txt
[1.177s] writing entry points to ../../build/recognizer/recognizer.egg-info/entry_points.txt
[1.177s] writing requirements to ../../build/recognizer/recognizer.egg-info/requires.txt
[1.177s] writing top-level names to ../../build/recognizer/recognizer.egg-info/top_level.txt
[1.218s] reading manifest file '../../build/recognizer/recognizer.egg-info/SOURCES.txt'
[1.219s] writing manifest file '../../build/recognizer/recognizer.egg-info/SOURCES.txt'
[1.219s] running build
[1.219s] running build_py
[1.219s] copying recognizer/inference.py -> /home/eecs/tutorial_ws/build/recognizer/build/lib/recognizer
[1.220s] running install
[1.221s] running install_lib
[1.222s] copying /home/eecs/tutorial_ws/build/recognizer/build/lib/recognizer/inference.py -> /home/eecs/tutorial_ws/install/recognizer/lib/python3.8/site-packages/recognizer
[1.223s] byte-compiling /home/eecs/tutorial_ws/install/recognizer/lib/python3.8/site-packages/recognizer/inference.py to inference.cpython-38.pyc
[1.225s] running install_data
[1.226s] running install_egg_info
[1.228s] removing '/home/eecs/tutorial_ws/install/recognizer/lib/python3.8/site-packages/recognizer-0.0.0-py3.8.egg-info' (and everything under it)
[1.229s] Copying ../../build/recognizer/recognizer.egg-info to /home/eecs/tutorial_ws/install/recognizer/lib/python3.8/site-packages/recognizer-0.0.0-py3.8.egg-info
[1.230s] running install_scripts
[1.251s] Installing recognizer script to /home/eecs/tutorial_ws/install/recognizer/lib/recognizer
[1.251s] writing list of installed files to '/home/eecs/tutorial_ws/build/recognizer/install.log'
[1.277s] Invoked command in '/home/eecs/tutorial_ws/src/recognizer' returned '0': PYTHONPATH=/home/eecs/tutorial_ws/install/recognizer/lib/python3.8/site-packages:${PYTHONPATH} /usr/bin/python3 setup.py egg_info --egg-base ../../build/recognizer build --build-base /home/eecs/tutorial_ws/build/recognizer/build install --prefix /home/eecs/tutorial_ws/install/recognizer --record /home/eecs/tutorial_ws/build/recognizer/install.log --single-version-externally-managed
