[1.664s] Invoking command in '/home/eecs/tutorial_ws/src/py_cli': PYTHONPATH=/home/eecs/tutorial_ws/install/py_cli/lib/python3.8/site-packages:${PYTHONPATH} /usr/bin/python3 setup.py egg_info --egg-base ../../build/py_cli build --build-base /home/eecs/tutorial_ws/build/py_cli/build install --prefix /home/eecs/tutorial_ws/install/py_cli --record /home/eecs/tutorial_ws/build/py_cli/install.log --single-version-externally-managed
[2.178s] running egg_info
[2.179s] writing ../../build/py_cli/py_cli.egg-info/PKG-INFO
[2.179s] writing dependency_links to ../../build/py_cli/py_cli.egg-info/dependency_links.txt
[2.180s] writing entry points to ../../build/py_cli/py_cli.egg-info/entry_points.txt
[2.180s] writing requirements to ../../build/py_cli/py_cli.egg-info/requires.txt
[2.180s] writing top-level names to ../../build/py_cli/py_cli.egg-info/top_level.txt
[2.254s] reading manifest file '../../build/py_cli/py_cli.egg-info/SOURCES.txt'
[2.256s] writing manifest file '../../build/py_cli/py_cli.egg-info/SOURCES.txt'
[2.256s] running build
[2.256s] running build_py
[2.257s] running install
[2.258s] running install_lib
[2.261s] running install_data
[2.262s] running install_egg_info
[2.265s] removing '/home/eecs/tutorial_ws/install/py_cli/lib/python3.8/site-packages/py_cli-0.0.0-py3.8.egg-info' (and everything under it)
[2.266s] Copying ../../build/py_cli/py_cli.egg-info to /home/eecs/tutorial_ws/install/py_cli/lib/python3.8/site-packages/py_cli-0.0.0-py3.8.egg-info
[2.267s] running install_scripts
[2.300s] Installing client script to /home/eecs/tutorial_ws/install/py_cli/lib/py_cli
[2.301s] writing list of installed files to '/home/eecs/tutorial_ws/build/py_cli/install.log'
[2.494s] Invoked command in '/home/eecs/tutorial_ws/src/py_cli' returned '0': PYTHONPATH=/home/eecs/tutorial_ws/install/py_cli/lib/python3.8/site-packages:${PYTHONPATH} /usr/bin/python3 setup.py egg_info --egg-base ../../build/py_cli build --build-base /home/eecs/tutorial_ws/build/py_cli/build install --prefix /home/eecs/tutorial_ws/install/py_cli --record /home/eecs/tutorial_ws/build/py_cli/install.log --single-version-externally-managed
