[1.794s] Invoking command in '/home/eecs/tutorial_ws/src/recognizer': PYTHONPATH=/home/eecs/tutorial_ws/install/recognizer/lib/python3.8/site-packages:${PYTHONPATH} /usr/bin/python3 setup.py egg_info --egg-base ../../build/recognizer build --build-base /home/eecs/tutorial_ws/build/recognizer/build install --prefix /home/eecs/tutorial_ws/install/recognizer --record /home/eecs/tutorial_ws/build/recognizer/install.log --single-version-externally-managed
[2.298s] running egg_info
[2.299s] writing ../../build/recognizer/recognizer.egg-info/PKG-INFO
[2.299s] writing dependency_links to ../../build/recognizer/recognizer.egg-info/dependency_links.txt
[2.300s] writing entry points to ../../build/recognizer/recognizer.egg-info/entry_points.txt
[2.300s] writing requirements to ../../build/recognizer/recognizer.egg-info/requires.txt
[2.300s] writing top-level names to ../../build/recognizer/recognizer.egg-info/top_level.txt
[2.342s] reading manifest file '../../build/recognizer/recognizer.egg-info/SOURCES.txt'
[2.344s] writing manifest file '../../build/recognizer/recognizer.egg-info/SOURCES.txt'
[2.344s] running build
[2.344s] running build_py
[2.344s] running install
[2.346s] running install_lib
[2.347s] running install_data
[2.348s] running install_egg_info
[2.350s] removing '/home/eecs/tutorial_ws/install/recognizer/lib/python3.8/site-packages/recognizer-0.0.0-py3.8.egg-info' (and everything under it)
[2.351s] Copying ../../build/recognizer/recognizer.egg-info to /home/eecs/tutorial_ws/install/recognizer/lib/python3.8/site-packages/recognizer-0.0.0-py3.8.egg-info
[2.352s] running install_scripts
[2.374s] Installing recognizer script to /home/eecs/tutorial_ws/install/recognizer/lib/recognizer
[2.374s] writing list of installed files to '/home/eecs/tutorial_ws/build/recognizer/install.log'
[2.405s] Invoked command in '/home/eecs/tutorial_ws/src/recognizer' returned '0': PYTHONPATH=/home/eecs/tutorial_ws/install/recognizer/lib/python3.8/site-packages:${PYTHONPATH} /usr/bin/python3 setup.py egg_info --egg-base ../../build/recognizer build --build-base /home/eecs/tutorial_ws/build/recognizer/build install --prefix /home/eecs/tutorial_ws/install/recognizer --record /home/eecs/tutorial_ws/build/recognizer/install.log --single-version-externally-managed
