[0.028s] Invoking command in '/home/eecs/tutorial_ws/build/image_proc': CMAKE_PREFIX_PATH=/home/eecs/tutorial_ws/install/tracetools_image_pipeline:/home/eecs/tutorial_ws/install/image_pipeline:/home/eecs/tutorial_ws/install/stereo_image_proc:/home/eecs/tutorial_ws/install/image_proc:/home/eecs/tutorial_ws/install/my_interfaces:/home/eecs/tutorial_ws/install/image_view:/home/eecs/tutorial_ws/install/image_rotate:/home/eecs/tutorial_ws/install/image_publisher:/home/eecs/tutorial_ws/install/depth_image_proc:/home/eecs/tutorial_ws/install/recognizer:/home/eecs/tutorial_ws/install/r2d2_urdf:/home/eecs/tutorial_ws/install/py_sub:/home/eecs/tutorial_ws/install/py_srv:/home/eecs/tutorial_ws/install/py_pub:/home/eecs/tutorial_ws/install/py_cli:/home/eecs/tutorial_ws/install/camera_calibration:/opt/ros/foxy LD_LIBRARY_PATH=/home/eecs/tutorial_ws/install/tracetools_image_pipeline/lib:/home/eecs/tutorial_ws/install/stereo_image_proc/lib:/home/eecs/tutorial_ws/install/image_proc/lib:/home/eecs/tutorial_ws/install/my_interfaces/lib:/home/eecs/tutorial_ws/install/image_view/lib:/home/eecs/tutorial_ws/install/image_rotate/lib:/home/eecs/tutorial_ws/install/image_publisher/lib:/home/eecs/tutorial_ws/install/depth_image_proc/lib:/opt/ros/foxy/opt/yaml_cpp_vendor/lib:/opt/ros/foxy/opt/rviz_ogre_vendor/lib:/opt/ros/foxy/lib/x86_64-linux-gnu:/opt/ros/foxy/lib /usr/bin/cmake --build /home/eecs/tutorial_ws/build/image_proc -- -j4 -l4
[0.169s] [ 13%] Built target image_proc
[0.238s] [ 26%] Built target rectify
[0.315s] [ 46%] Built target debayer
[0.387s] [ 60%] Built target resize
[0.460s] [ 73%] Built target crop_decimate
[0.534s] [ 86%] Built target crop_non_zero
[0.607s] [100%] Built target image_proc_exe
[0.661s] Invoked command in '/home/eecs/tutorial_ws/build/image_proc' returned '0': CMAKE_PREFIX_PATH=/home/eecs/tutorial_ws/install/tracetools_image_pipeline:/home/eecs/tutorial_ws/install/image_pipeline:/home/eecs/tutorial_ws/install/stereo_image_proc:/home/eecs/tutorial_ws/install/image_proc:/home/eecs/tutorial_ws/install/my_interfaces:/home/eecs/tutorial_ws/install/image_view:/home/eecs/tutorial_ws/install/image_rotate:/home/eecs/tutorial_ws/install/image_publisher:/home/eecs/tutorial_ws/install/depth_image_proc:/home/eecs/tutorial_ws/install/recognizer:/home/eecs/tutorial_ws/install/r2d2_urdf:/home/eecs/tutorial_ws/install/py_sub:/home/eecs/tutorial_ws/install/py_srv:/home/eecs/tutorial_ws/install/py_pub:/home/eecs/tutorial_ws/install/py_cli:/home/eecs/tutorial_ws/install/camera_calibration:/opt/ros/foxy LD_LIBRARY_PATH=/home/eecs/tutorial_ws/install/tracetools_image_pipeline/lib:/home/eecs/tutorial_ws/install/stereo_image_proc/lib:/home/eecs/tutorial_ws/install/image_proc/lib:/home/eecs/tutorial_ws/install/my_interfaces/lib:/home/eecs/tutorial_ws/install/image_view/lib:/home/eecs/tutorial_ws/install/image_rotate/lib:/home/eecs/tutorial_ws/install/image_publisher/lib:/home/eecs/tutorial_ws/install/depth_image_proc/lib:/opt/ros/foxy/opt/yaml_cpp_vendor/lib:/opt/ros/foxy/opt/rviz_ogre_vendor/lib:/opt/ros/foxy/lib/x86_64-linux-gnu:/opt/ros/foxy/lib /usr/bin/cmake --build /home/eecs/tutorial_ws/build/image_proc -- -j4 -l4
[1.209s] Invoking command in '/home/eecs/tutorial_ws/build/image_proc': CMAKE_PREFIX_PATH=/home/eecs/tutorial_ws/install/tracetools_image_pipeline:/home/eecs/tutorial_ws/install/image_pipeline:/home/eecs/tutorial_ws/install/stereo_image_proc:/home/eecs/tutorial_ws/install/image_proc:/home/eecs/tutorial_ws/install/my_interfaces:/home/eecs/tutorial_ws/install/image_view:/home/eecs/tutorial_ws/install/image_rotate:/home/eecs/tutorial_ws/install/image_publisher:/home/eecs/tutorial_ws/install/depth_image_proc:/home/eecs/tutorial_ws/install/recognizer:/home/eecs/tutorial_ws/install/r2d2_urdf:/home/eecs/tutorial_ws/install/py_sub:/home/eecs/tutorial_ws/install/py_srv:/home/eecs/tutorial_ws/install/py_pub:/home/eecs/tutorial_ws/install/py_cli:/home/eecs/tutorial_ws/install/camera_calibration:/opt/ros/foxy LD_LIBRARY_PATH=/home/eecs/tutorial_ws/install/tracetools_image_pipeline/lib:/home/eecs/tutorial_ws/install/stereo_image_proc/lib:/home/eecs/tutorial_ws/install/image_proc/lib:/home/eecs/tutorial_ws/install/my_interfaces/lib:/home/eecs/tutorial_ws/install/image_view/lib:/home/eecs/tutorial_ws/install/image_rotate/lib:/home/eecs/tutorial_ws/install/image_publisher/lib:/home/eecs/tutorial_ws/install/depth_image_proc/lib:/opt/ros/foxy/opt/yaml_cpp_vendor/lib:/opt/ros/foxy/opt/rviz_ogre_vendor/lib:/opt/ros/foxy/lib/x86_64-linux-gnu:/opt/ros/foxy/lib /usr/bin/cmake --install /home/eecs/tutorial_ws/build/image_proc
[1.231s] -- Install configuration: ""
[1.233s] -- Up-to-date: /home/eecs/tutorial_ws/install/image_proc/bin/image_proc
[1.233s] -- Up-to-date: /home/eecs/tutorial_ws/install/image_proc/include
[1.233s] -- Up-to-date: /home/eecs/tutorial_ws/install/image_proc/include/image_proc
[1.233s] -- Up-to-date: /home/eecs/tutorial_ws/install/image_proc/include/image_proc/rectify.hpp
[1.233s] -- Up-to-date: /home/eecs/tutorial_ws/install/image_proc/include/image_proc/edge_aware.hpp
[1.233s] -- Up-to-date: /home/eecs/tutorial_ws/install/image_proc/include/image_proc/crop_decimate.hpp
[1.234s] -- Up-to-date: /home/eecs/tutorial_ws/install/image_proc/include/image_proc/crop_non_zero.hpp
[1.234s] -- Up-to-date: /home/eecs/tutorial_ws/install/image_proc/include/image_proc/debayer.hpp
[1.234s] -- Up-to-date: /home/eecs/tutorial_ws/install/image_proc/include/image_proc/processor.hpp
[1.234s] -- Up-to-date: /home/eecs/tutorial_ws/install/image_proc/include/image_proc/resize.hpp
[1.234s] -- Up-to-date: /home/eecs/tutorial_ws/install/image_proc/share/image_proc/environment/library_path.sh
[1.235s] -- Up-to-date: /home/eecs/tutorial_ws/install/image_proc/share/image_proc/environment/library_path.dsv
[1.235s] -- Up-to-date: /home/eecs/tutorial_ws/install/image_proc/lib/libimage_proc.so
[1.235s] -- Up-to-date: /home/eecs/tutorial_ws/install/image_proc/lib/librectify.so
[1.235s] -- Up-to-date: /home/eecs/tutorial_ws/install/image_proc/lib/libdebayer.so
[1.235s] -- Up-to-date: /home/eecs/tutorial_ws/install/image_proc/lib/libresize.so
[1.236s] -- Up-to-date: /home/eecs/tutorial_ws/install/image_proc/lib/libcrop_decimate.so
[1.237s] -- Up-to-date: /home/eecs/tutorial_ws/install/image_proc/lib/libcrop_non_zero.so
[1.238s] -- Up-to-date: /home/eecs/tutorial_ws/install/image_proc/lib/image_proc/image_proc
[1.238s] -- Up-to-date: /home/eecs/tutorial_ws/install/image_proc/share/image_proc/launch
[1.239s] -- Up-to-date: /home/eecs/tutorial_ws/install/image_proc/share/image_proc/launch/image_proc.launch.py
[1.239s] -- Up-to-date: /home/eecs/tutorial_ws/install/image_proc/share/ament_index/resource_index/package_run_dependencies/image_proc
[1.239s] -- Up-to-date: /home/eecs/tutorial_ws/install/image_proc/share/ament_index/resource_index/parent_prefix_path/image_proc
[1.239s] -- Up-to-date: /home/eecs/tutorial_ws/install/image_proc/share/image_proc/environment/ament_prefix_path.sh
[1.239s] -- Up-to-date: /home/eecs/tutorial_ws/install/image_proc/share/image_proc/environment/ament_prefix_path.dsv
[1.240s] -- Up-to-date: /home/eecs/tutorial_ws/install/image_proc/share/image_proc/environment/path.sh
[1.240s] -- Up-to-date: /home/eecs/tutorial_ws/install/image_proc/share/image_proc/environment/path.dsv
[1.240s] -- Up-to-date: /home/eecs/tutorial_ws/install/image_proc/share/image_proc/local_setup.bash
[1.240s] -- Up-to-date: /home/eecs/tutorial_ws/install/image_proc/share/image_proc/local_setup.sh
[1.241s] -- Up-to-date: /home/eecs/tutorial_ws/install/image_proc/share/image_proc/local_setup.zsh
[1.241s] -- Up-to-date: /home/eecs/tutorial_ws/install/image_proc/share/image_proc/local_setup.dsv
[1.241s] -- Installing: /home/eecs/tutorial_ws/install/image_proc/share/image_proc/package.dsv
[1.241s] -- Up-to-date: /home/eecs/tutorial_ws/install/image_proc/share/ament_index/resource_index/packages/image_proc
[1.241s] -- Up-to-date: /home/eecs/tutorial_ws/install/image_proc/share/ament_index/resource_index/rclcpp_components/image_proc
[1.242s] -- Up-to-date: /home/eecs/tutorial_ws/install/image_proc/share/image_proc/cmake/ament_cmake_export_dependencies-extras.cmake
[1.242s] -- Up-to-date: /home/eecs/tutorial_ws/install/image_proc/share/image_proc/cmake/ament_cmake_export_include_directories-extras.cmake
[1.242s] -- Up-to-date: /home/eecs/tutorial_ws/install/image_proc/share/image_proc/cmake/ament_cmake_export_libraries-extras.cmake
[1.242s] -- Up-to-date: /home/eecs/tutorial_ws/install/image_proc/share/image_proc/cmake/image_procConfig.cmake
[1.242s] -- Up-to-date: /home/eecs/tutorial_ws/install/image_proc/share/image_proc/cmake/image_procConfig-version.cmake
[1.253s] -- Up-to-date: /home/eecs/tutorial_ws/install/image_proc/share/image_proc/package.xml
[1.254s] Invoked command in '/home/eecs/tutorial_ws/build/image_proc' returned '0': CMAKE_PREFIX_PATH=/home/eecs/tutorial_ws/install/tracetools_image_pipeline:/home/eecs/tutorial_ws/install/image_pipeline:/home/eecs/tutorial_ws/install/stereo_image_proc:/home/eecs/tutorial_ws/install/image_proc:/home/eecs/tutorial_ws/install/my_interfaces:/home/eecs/tutorial_ws/install/image_view:/home/eecs/tutorial_ws/install/image_rotate:/home/eecs/tutorial_ws/install/image_publisher:/home/eecs/tutorial_ws/install/depth_image_proc:/home/eecs/tutorial_ws/install/recognizer:/home/eecs/tutorial_ws/install/r2d2_urdf:/home/eecs/tutorial_ws/install/py_sub:/home/eecs/tutorial_ws/install/py_srv:/home/eecs/tutorial_ws/install/py_pub:/home/eecs/tutorial_ws/install/py_cli:/home/eecs/tutorial_ws/install/camera_calibration:/opt/ros/foxy LD_LIBRARY_PATH=/home/eecs/tutorial_ws/install/tracetools_image_pipeline/lib:/home/eecs/tutorial_ws/install/stereo_image_proc/lib:/home/eecs/tutorial_ws/install/image_proc/lib:/home/eecs/tutorial_ws/install/my_interfaces/lib:/home/eecs/tutorial_ws/install/image_view/lib:/home/eecs/tutorial_ws/install/image_rotate/lib:/home/eecs/tutorial_ws/install/image_publisher/lib:/home/eecs/tutorial_ws/install/depth_image_proc/lib:/opt/ros/foxy/opt/yaml_cpp_vendor/lib:/opt/ros/foxy/opt/rviz_ogre_vendor/lib:/opt/ros/foxy/lib/x86_64-linux-gnu:/opt/ros/foxy/lib /usr/bin/cmake --install /home/eecs/tutorial_ws/build/image_proc
