[1.505s] Invoking command in '/home/eecs/tutorial_ws/src/py_srv': PYTHONPATH=/home/eecs/tutorial_ws/install/py_srv/lib/python3.8/site-packages:${PYTHONPATH} /usr/bin/python3 setup.py egg_info --egg-base ../../build/py_srv build --build-base /home/eecs/tutorial_ws/build/py_srv/build install --prefix /home/eecs/tutorial_ws/install/py_srv --record /home/eecs/tutorial_ws/build/py_srv/install.log --single-version-externally-managed
[2.024s] running egg_info
[2.025s] writing ../../build/py_srv/py_srv.egg-info/PKG-INFO
[2.026s] writing dependency_links to ../../build/py_srv/py_srv.egg-info/dependency_links.txt
[2.026s] writing entry points to ../../build/py_srv/py_srv.egg-info/entry_points.txt
[2.026s] writing requirements to ../../build/py_srv/py_srv.egg-info/requires.txt
[2.027s] writing top-level names to ../../build/py_srv/py_srv.egg-info/top_level.txt
[2.101s] reading manifest file '../../build/py_srv/py_srv.egg-info/SOURCES.txt'
[2.102s] writing manifest file '../../build/py_srv/py_srv.egg-info/SOURCES.txt'
[2.102s] running build
[2.103s] running build_py
[2.103s] running install
[2.104s] running install_lib
[2.107s] running install_data
[2.108s] running install_egg_info
[2.111s] removing '/home/eecs/tutorial_ws/install/py_srv/lib/python3.8/site-packages/py_srv-0.0.0-py3.8.egg-info' (and everything under it)
[2.112s] Copying ../../build/py_srv/py_srv.egg-info to /home/eecs/tutorial_ws/install/py_srv/lib/python3.8/site-packages/py_srv-0.0.0-py3.8.egg-info
[2.113s] running install_scripts
[2.147s] Installing service script to /home/eecs/tutorial_ws/install/py_srv/lib/py_srv
[2.147s] writing list of installed files to '/home/eecs/tutorial_ws/build/py_srv/install.log'
[2.205s] Invoked command in '/home/eecs/tutorial_ws/src/py_srv' returned '0': PYTHONPATH=/home/eecs/tutorial_ws/install/py_srv/lib/python3.8/site-packages:${PYTHONPATH} /usr/bin/python3 setup.py egg_info --egg-base ../../build/py_srv build --build-base /home/eecs/tutorial_ws/build/py_srv/build install --prefix /home/eecs/tutorial_ws/install/py_srv --record /home/eecs/tutorial_ws/build/py_srv/install.log --single-version-externally-managed
