[1.740s] Invoking command in '/home/eecs/tutorial_ws/src/py_cli': PYTHONPATH=/home/eecs/tutorial_ws/install/py_cli/lib/python3.8/site-packages:${PYTHONPATH} /usr/bin/python3 setup.py egg_info --egg-base ../../build/py_cli build --build-base /home/eecs/tutorial_ws/build/py_cli/build install --prefix /home/eecs/tutorial_ws/install/py_cli --record /home/eecs/tutorial_ws/build/py_cli/install.log --single-version-externally-managed
[2.258s] running egg_info
[2.259s] writing ../../build/py_cli/py_cli.egg-info/PKG-INFO
[2.260s] writing dependency_links to ../../build/py_cli/py_cli.egg-info/dependency_links.txt
[2.260s] writing entry points to ../../build/py_cli/py_cli.egg-info/entry_points.txt
[2.261s] writing requirements to ../../build/py_cli/py_cli.egg-info/requires.txt
[2.261s] writing top-level names to ../../build/py_cli/py_cli.egg-info/top_level.txt
[2.335s] reading manifest file '../../build/py_cli/py_cli.egg-info/SOURCES.txt'
[2.337s] writing manifest file '../../build/py_cli/py_cli.egg-info/SOURCES.txt'
[2.337s] running build
[2.337s] running build_py
[2.338s] running install
[2.340s] running install_lib
[2.343s] running install_data
[2.344s] running install_egg_info
[2.348s] removing '/home/eecs/tutorial_ws/install/py_cli/lib/python3.8/site-packages/py_cli-0.0.0-py3.8.egg-info' (and everything under it)
[2.348s] Copying ../../build/py_cli/py_cli.egg-info to /home/eecs/tutorial_ws/install/py_cli/lib/python3.8/site-packages/py_cli-0.0.0-py3.8.egg-info
[2.350s] running install_scripts
[2.384s] Installing client script to /home/eecs/tutorial_ws/install/py_cli/lib/py_cli
[2.385s] writing list of installed files to '/home/eecs/tutorial_ws/build/py_cli/install.log'
[2.511s] Invoked command in '/home/eecs/tutorial_ws/src/py_cli' returned '0': PYTHONPATH=/home/eecs/tutorial_ws/install/py_cli/lib/python3.8/site-packages:${PYTHONPATH} /usr/bin/python3 setup.py egg_info --egg-base ../../build/py_cli build --build-base /home/eecs/tutorial_ws/build/py_cli/build install --prefix /home/eecs/tutorial_ws/install/py_cli --record /home/eecs/tutorial_ws/build/py_cli/install.log --single-version-externally-managed
