[0.051s] Invoking command in '/home/eecs/tutorial_ws/build/my_interfaces': CMAKE_PREFIX_PATH=${CMAKE_PREFIX_PATH}:/home/eecs/tutorial_ws/install/r2d2_urdf:/home/eecs/tutorial_ws/install/py_sub:/home/eecs/tutorial_ws/install/py_srv:/home/eecs/tutorial_ws/install/py_pub:/home/eecs/tutorial_ws/install/py_cli:/home/eecs/tutorial_ws/install/camera_calibration:/opt/ros/foxy /usr/bin/cmake --build /home/eecs/tutorial_ws/build/my_interfaces -- -j4 -l4
[0.478s] [  3%] Built target my_interfaces__cpp
[0.479s] [ 12%] Built target my_interfaces__rosidl_generator_c
[0.479s] [ 22%] Built target my_interfaces__rosidl_typesupport_fastrtps_cpp
[0.479s] [ 41%] Built target my_interfaces__rosidl_typesupport_cpp
[0.480s] [ 41%] Built target my_interfaces__rosidl_typesupport_c
[0.480s] [ 51%] Built target my_interfaces__rosidl_typesupport_introspection_cpp
[0.482s] [ 61%] Built target my_interfaces__rosidl_typesupport_introspection_c
[0.482s] [ 70%] Built target my_interfaces__rosidl_typesupport_fastrtps_c
[0.482s] [ 70%] Built target my_interfaces
[0.483s] [ 74%] Built target my_interfaces__py
[0.484s] [ 80%] Built target my_interfaces__python
[0.485s] [100%] Built target my_interfaces__rosidl_typesupport_c__pyext
[0.486s] [100%] Built target my_interfaces__rosidl_typesupport_introspection_c__pyext
[0.488s] [100%] Built target my_interfaces__rosidl_typesupport_fastrtps_c__pyext
[0.496s] Invoked command in '/home/eecs/tutorial_ws/build/my_interfaces' returned '0': CMAKE_PREFIX_PATH=${CMAKE_PREFIX_PATH}:/home/eecs/tutorial_ws/install/r2d2_urdf:/home/eecs/tutorial_ws/install/py_sub:/home/eecs/tutorial_ws/install/py_srv:/home/eecs/tutorial_ws/install/py_pub:/home/eecs/tutorial_ws/install/py_cli:/home/eecs/tutorial_ws/install/camera_calibration:/opt/ros/foxy /usr/bin/cmake --build /home/eecs/tutorial_ws/build/my_interfaces -- -j4 -l4
[0.610s] Invoking command in '/home/eecs/tutorial_ws/build/my_interfaces': CMAKE_PREFIX_PATH=${CMAKE_PREFIX_PATH}:/home/eecs/tutorial_ws/install/r2d2_urdf:/home/eecs/tutorial_ws/install/py_sub:/home/eecs/tutorial_ws/install/py_srv:/home/eecs/tutorial_ws/install/py_pub:/home/eecs/tutorial_ws/install/py_cli:/home/eecs/tutorial_ws/install/camera_calibration:/opt/ros/foxy /usr/bin/cmake --install /home/eecs/tutorial_ws/build/my_interfaces
[0.625s] -- Install configuration: ""
[0.626s] -- Up-to-date: /home/eecs/tutorial_ws/install/my_interfaces/share/ament_index/resource_index/rosidl_interfaces/my_interfaces
[0.626s] -- Up-to-date: /home/eecs/tutorial_ws/install/my_interfaces/include/my_interfaces
[0.626s] -- Up-to-date: /home/eecs/tutorial_ws/install/my_interfaces/include/my_interfaces/msg
[0.627s] -- Up-to-date: /home/eecs/tutorial_ws/install/my_interfaces/include/my_interfaces/msg/detail
[0.627s] -- Up-to-date: /home/eecs/tutorial_ws/install/my_interfaces/include/my_interfaces/msg/detail/student__functions.c
[0.627s] -- Up-to-date: /home/eecs/tutorial_ws/install/my_interfaces/include/my_interfaces/msg/detail/student__type_support.h
[0.627s] -- Up-to-date: /home/eecs/tutorial_ws/install/my_interfaces/include/my_interfaces/msg/detail/student__struct.h
[0.627s] -- Up-to-date: /home/eecs/tutorial_ws/install/my_interfaces/include/my_interfaces/msg/detail/student__functions.h
[0.627s] -- Up-to-date: /home/eecs/tutorial_ws/install/my_interfaces/include/my_interfaces/msg/rosidl_generator_c__visibility_control.h
[0.627s] -- Up-to-date: /home/eecs/tutorial_ws/install/my_interfaces/include/my_interfaces/msg/student.h
[0.628s] -- Up-to-date: /home/eecs/tutorial_ws/install/my_interfaces/share/my_interfaces/environment/library_path.sh
[0.628s] -- Up-to-date: /home/eecs/tutorial_ws/install/my_interfaces/share/my_interfaces/environment/library_path.dsv
[0.628s] -- Up-to-date: /home/eecs/tutorial_ws/install/my_interfaces/lib/libmy_interfaces__rosidl_generator_c.so
[0.628s] -- Up-to-date: /home/eecs/tutorial_ws/install/my_interfaces/include/my_interfaces
[0.628s] -- Up-to-date: /home/eecs/tutorial_ws/install/my_interfaces/include/my_interfaces/msg
[0.628s] -- Up-to-date: /home/eecs/tutorial_ws/install/my_interfaces/include/my_interfaces/msg/rosidl_typesupport_fastrtps_c__visibility_control.h
[0.629s] -- Up-to-date: /home/eecs/tutorial_ws/install/my_interfaces/include/my_interfaces/msg/detail
[0.629s] -- Up-to-date: /home/eecs/tutorial_ws/install/my_interfaces/include/my_interfaces/msg/detail/student__rosidl_typesupport_fastrtps_c.h
[0.629s] -- Up-to-date: /home/eecs/tutorial_ws/install/my_interfaces/lib/libmy_interfaces__rosidl_typesupport_fastrtps_c.so
[0.629s] -- Up-to-date: /home/eecs/tutorial_ws/install/my_interfaces/include/my_interfaces
[0.630s] -- Up-to-date: /home/eecs/tutorial_ws/install/my_interfaces/include/my_interfaces/msg
[0.630s] -- Up-to-date: /home/eecs/tutorial_ws/install/my_interfaces/include/my_interfaces/msg/detail
[0.630s] -- Up-to-date: /home/eecs/tutorial_ws/install/my_interfaces/include/my_interfaces/msg/detail/dds_fastrtps
[0.630s] -- Up-to-date: /home/eecs/tutorial_ws/install/my_interfaces/include/my_interfaces/msg/detail/student__rosidl_typesupport_fastrtps_cpp.hpp
[0.630s] -- Up-to-date: /home/eecs/tutorial_ws/install/my_interfaces/include/my_interfaces/msg/rosidl_typesupport_fastrtps_cpp__visibility_control.h
[0.631s] -- Up-to-date: /home/eecs/tutorial_ws/install/my_interfaces/lib/libmy_interfaces__rosidl_typesupport_fastrtps_cpp.so
[0.631s] -- Up-to-date: /home/eecs/tutorial_ws/install/my_interfaces/include/my_interfaces
[0.631s] -- Up-to-date: /home/eecs/tutorial_ws/install/my_interfaces/include/my_interfaces/msg
[0.632s] -- Up-to-date: /home/eecs/tutorial_ws/install/my_interfaces/include/my_interfaces/msg/rosidl_typesupport_introspection_c__visibility_control.h
[0.632s] -- Up-to-date: /home/eecs/tutorial_ws/install/my_interfaces/include/my_interfaces/msg/detail
[0.632s] -- Up-to-date: /home/eecs/tutorial_ws/install/my_interfaces/include/my_interfaces/msg/detail/student__type_support.c
[0.632s] -- Up-to-date: /home/eecs/tutorial_ws/install/my_interfaces/include/my_interfaces/msg/detail/student__rosidl_typesupport_introspection_c.h
[0.632s] -- Up-to-date: /home/eecs/tutorial_ws/install/my_interfaces/lib/libmy_interfaces__rosidl_typesupport_introspection_c.so
[0.632s] -- Up-to-date: /home/eecs/tutorial_ws/install/my_interfaces/lib/libmy_interfaces__rosidl_typesupport_c.so
[0.633s] -- Up-to-date: /home/eecs/tutorial_ws/install/my_interfaces/include/my_interfaces
[0.633s] -- Up-to-date: /home/eecs/tutorial_ws/install/my_interfaces/include/my_interfaces/msg
[0.633s] -- Up-to-date: /home/eecs/tutorial_ws/install/my_interfaces/include/my_interfaces/msg/student.hpp
[0.633s] -- Up-to-date: /home/eecs/tutorial_ws/install/my_interfaces/include/my_interfaces/msg/detail
[0.633s] -- Up-to-date: /home/eecs/tutorial_ws/install/my_interfaces/include/my_interfaces/msg/detail/student__traits.hpp
[0.633s] -- Up-to-date: /home/eecs/tutorial_ws/install/my_interfaces/include/my_interfaces/msg/detail/student__struct.hpp
[0.633s] -- Up-to-date: /home/eecs/tutorial_ws/install/my_interfaces/include/my_interfaces/msg/detail/student__builder.hpp
[0.634s] -- Up-to-date: /home/eecs/tutorial_ws/install/my_interfaces/include/my_interfaces
[0.634s] -- Up-to-date: /home/eecs/tutorial_ws/install/my_interfaces/include/my_interfaces/msg
[0.634s] -- Up-to-date: /home/eecs/tutorial_ws/install/my_interfaces/include/my_interfaces/msg/detail
[0.634s] -- Up-to-date: /home/eecs/tutorial_ws/install/my_interfaces/include/my_interfaces/msg/detail/student__rosidl_typesupport_introspection_cpp.hpp
[0.634s] -- Up-to-date: /home/eecs/tutorial_ws/install/my_interfaces/include/my_interfaces/msg/detail/student__type_support.cpp
[0.634s] -- Up-to-date: /home/eecs/tutorial_ws/install/my_interfaces/lib/libmy_interfaces__rosidl_typesupport_introspection_cpp.so
[0.635s] -- Up-to-date: /home/eecs/tutorial_ws/install/my_interfaces/lib/libmy_interfaces__rosidl_typesupport_cpp.so
[0.635s] -- Up-to-date: /home/eecs/tutorial_ws/install/my_interfaces/share/my_interfaces/environment/pythonpath.sh
[0.635s] -- Up-to-date: /home/eecs/tutorial_ws/install/my_interfaces/share/my_interfaces/environment/pythonpath.dsv
[0.635s] -- Up-to-date: /home/eecs/tutorial_ws/install/my_interfaces/lib/python3.8/site-packages/my_interfaces/__init__.py
[0.714s] -- Up-to-date: /home/eecs/tutorial_ws/install/my_interfaces/lib/python3.8/site-packages/my_interfaces/msg
[0.714s] -- Up-to-date: /home/eecs/tutorial_ws/install/my_interfaces/lib/python3.8/site-packages/my_interfaces/msg/_student.py
[0.714s] -- Up-to-date: /home/eecs/tutorial_ws/install/my_interfaces/lib/python3.8/site-packages/my_interfaces/msg/_student_s.c
[0.715s] -- Up-to-date: /home/eecs/tutorial_ws/install/my_interfaces/lib/python3.8/site-packages/my_interfaces/msg/__init__.py
[0.715s] -- Up-to-date: /home/eecs/tutorial_ws/install/my_interfaces/lib/python3.8/site-packages/my_interfaces/my_interfaces_s__rosidl_typesupport_fastrtps_c.cpython-38-x86_64-linux-gnu.so
[0.716s] -- Up-to-date: /home/eecs/tutorial_ws/install/my_interfaces/lib/python3.8/site-packages/my_interfaces/my_interfaces_s__rosidl_typesupport_introspection_c.cpython-38-x86_64-linux-gnu.so
[0.717s] -- Up-to-date: /home/eecs/tutorial_ws/install/my_interfaces/lib/python3.8/site-packages/my_interfaces/my_interfaces_s__rosidl_typesupport_c.cpython-38-x86_64-linux-gnu.so
[0.719s] -- Up-to-date: /home/eecs/tutorial_ws/install/my_interfaces/lib/libmy_interfaces__python.so
[0.724s] -- Up-to-date: /home/eecs/tutorial_ws/install/my_interfaces/share/my_interfaces/msg/Student.idl
[0.725s] -- Up-to-date: /home/eecs/tutorial_ws/install/my_interfaces/share/my_interfaces/msg/Student.msg
[0.725s] -- Up-to-date: /home/eecs/tutorial_ws/install/my_interfaces/share/ament_index/resource_index/package_run_dependencies/my_interfaces
[0.726s] -- Up-to-date: /home/eecs/tutorial_ws/install/my_interfaces/share/ament_index/resource_index/parent_prefix_path/my_interfaces
[0.726s] -- Up-to-date: /home/eecs/tutorial_ws/install/my_interfaces/share/my_interfaces/environment/ament_prefix_path.sh
[0.726s] -- Up-to-date: /home/eecs/tutorial_ws/install/my_interfaces/share/my_interfaces/environment/ament_prefix_path.dsv
[0.726s] -- Up-to-date: /home/eecs/tutorial_ws/install/my_interfaces/share/my_interfaces/environment/path.sh
[0.727s] -- Up-to-date: /home/eecs/tutorial_ws/install/my_interfaces/share/my_interfaces/environment/path.dsv
[0.727s] -- Up-to-date: /home/eecs/tutorial_ws/install/my_interfaces/share/my_interfaces/local_setup.bash
[0.727s] -- Up-to-date: /home/eecs/tutorial_ws/install/my_interfaces/share/my_interfaces/local_setup.sh
[0.727s] -- Up-to-date: /home/eecs/tutorial_ws/install/my_interfaces/share/my_interfaces/local_setup.zsh
[0.730s] -- Up-to-date: /home/eecs/tutorial_ws/install/my_interfaces/share/my_interfaces/local_setup.dsv
[0.731s] -- Installing: /home/eecs/tutorial_ws/install/my_interfaces/share/my_interfaces/package.dsv
[0.731s] -- Up-to-date: /home/eecs/tutorial_ws/install/my_interfaces/share/ament_index/resource_index/packages/my_interfaces
[0.732s] -- Up-to-date: /home/eecs/tutorial_ws/install/my_interfaces/share/my_interfaces/cmake/my_interfaces__rosidl_generator_cExport.cmake
[0.732s] -- Up-to-date: /home/eecs/tutorial_ws/install/my_interfaces/share/my_interfaces/cmake/my_interfaces__rosidl_generator_cExport-noconfig.cmake
[0.733s] -- Up-to-date: /home/eecs/tutorial_ws/install/my_interfaces/share/my_interfaces/cmake/my_interfaces__rosidl_typesupport_introspection_cExport.cmake
[0.733s] -- Up-to-date: /home/eecs/tutorial_ws/install/my_interfaces/share/my_interfaces/cmake/my_interfaces__rosidl_typesupport_introspection_cExport-noconfig.cmake
[0.734s] -- Up-to-date: /home/eecs/tutorial_ws/install/my_interfaces/share/my_interfaces/cmake/my_interfaces__rosidl_typesupport_cExport.cmake
[0.734s] -- Up-to-date: /home/eecs/tutorial_ws/install/my_interfaces/share/my_interfaces/cmake/my_interfaces__rosidl_typesupport_cExport-noconfig.cmake
[0.735s] -- Up-to-date: /home/eecs/tutorial_ws/install/my_interfaces/share/my_interfaces/cmake/my_interfaces__rosidl_generator_cppExport.cmake
[0.735s] -- Up-to-date: /home/eecs/tutorial_ws/install/my_interfaces/share/my_interfaces/cmake/my_interfaces__rosidl_typesupport_introspection_cppExport.cmake
[0.735s] -- Up-to-date: /home/eecs/tutorial_ws/install/my_interfaces/share/my_interfaces/cmake/my_interfaces__rosidl_typesupport_introspection_cppExport-noconfig.cmake
[0.737s] -- Up-to-date: /home/eecs/tutorial_ws/install/my_interfaces/share/my_interfaces/cmake/my_interfaces__rosidl_typesupport_cppExport.cmake
[0.737s] -- Up-to-date: /home/eecs/tutorial_ws/install/my_interfaces/share/my_interfaces/cmake/my_interfaces__rosidl_typesupport_cppExport-noconfig.cmake
[0.738s] -- Up-to-date: /home/eecs/tutorial_ws/install/my_interfaces/share/my_interfaces/cmake/rosidl_cmake-extras.cmake
[0.738s] -- Up-to-date: /home/eecs/tutorial_ws/install/my_interfaces/share/my_interfaces/cmake/ament_cmake_export_dependencies-extras.cmake
[0.739s] -- Up-to-date: /home/eecs/tutorial_ws/install/my_interfaces/share/my_interfaces/cmake/ament_cmake_export_libraries-extras.cmake
[0.739s] -- Up-to-date: /home/eecs/tutorial_ws/install/my_interfaces/share/my_interfaces/cmake/ament_cmake_export_targets-extras.cmake
[0.739s] -- Up-to-date: /home/eecs/tutorial_ws/install/my_interfaces/share/my_interfaces/cmake/ament_cmake_export_include_directories-extras.cmake
[0.740s] -- Up-to-date: /home/eecs/tutorial_ws/install/my_interfaces/share/my_interfaces/cmake/rosidl_cmake_export_typesupport_libraries-extras.cmake
[0.740s] -- Up-to-date: /home/eecs/tutorial_ws/install/my_interfaces/share/my_interfaces/cmake/rosidl_cmake_export_typesupport_targets-extras.cmake
[0.741s] -- Up-to-date: /home/eecs/tutorial_ws/install/my_interfaces/share/my_interfaces/cmake/my_interfacesConfig.cmake
[0.741s] -- Up-to-date: /home/eecs/tutorial_ws/install/my_interfaces/share/my_interfaces/cmake/my_interfacesConfig-version.cmake
[0.741s] -- Up-to-date: /home/eecs/tutorial_ws/install/my_interfaces/share/my_interfaces/package.xml
[0.770s] Invoked command in '/home/eecs/tutorial_ws/build/my_interfaces' returned '0': CMAKE_PREFIX_PATH=${CMAKE_PREFIX_PATH}:/home/eecs/tutorial_ws/install/r2d2_urdf:/home/eecs/tutorial_ws/install/py_sub:/home/eecs/tutorial_ws/install/py_srv:/home/eecs/tutorial_ws/install/py_pub:/home/eecs/tutorial_ws/install/py_cli:/home/eecs/tutorial_ws/install/camera_calibration:/opt/ros/foxy /usr/bin/cmake --install /home/eecs/tutorial_ws/build/my_interfaces
