[1.668s] Invoking command in '/home/eecs/tutorial_ws/src/recognizer': PYTHONPATH=/home/eecs/tutorial_ws/install/recognizer/lib/python3.8/site-packages:${PYTHONPATH} /usr/bin/python3 setup.py egg_info --egg-base ../../build/recognizer build --build-base /home/eecs/tutorial_ws/build/recognizer/build install --prefix /home/eecs/tutorial_ws/install/recognizer --record /home/eecs/tutorial_ws/build/recognizer/install.log --single-version-externally-managed
[2.192s] running egg_info
[2.193s] writing ../../build/recognizer/recognizer.egg-info/PKG-INFO
[2.194s] writing dependency_links to ../../build/recognizer/recognizer.egg-info/dependency_links.txt
[2.195s] writing entry points to ../../build/recognizer/recognizer.egg-info/entry_points.txt
[2.195s] writing requirements to ../../build/recognizer/recognizer.egg-info/requires.txt
[2.195s] writing top-level names to ../../build/recognizer/recognizer.egg-info/top_level.txt
[2.267s] reading manifest file '../../build/recognizer/recognizer.egg-info/SOURCES.txt'
[2.268s] writing manifest file '../../build/recognizer/recognizer.egg-info/SOURCES.txt'
[2.269s] running build
[2.269s] running build_py
[2.269s] copying recognizer/inference.py -> /home/eecs/tutorial_ws/build/recognizer/build/lib/recognizer
[2.269s] running install
[2.271s] running install_lib
[2.272s] copying /home/eecs/tutorial_ws/build/recognizer/build/lib/recognizer/inference.py -> /home/eecs/tutorial_ws/install/recognizer/lib/python3.8/site-packages/recognizer
[2.274s] byte-compiling /home/eecs/tutorial_ws/install/recognizer/lib/python3.8/site-packages/recognizer/inference.py to inference.cpython-38.pyc
[2.276s] Sorry: IndentationError: unindent does not match any outer indentation level (inference.py, line 39)
[2.276s] running install_data
[2.277s] running install_egg_info
[2.280s] removing '/home/eecs/tutorial_ws/install/recognizer/lib/python3.8/site-packages/recognizer-0.0.0-py3.8.egg-info' (and everything under it)
[2.283s] Copying ../../build/recognizer/recognizer.egg-info to /home/eecs/tutorial_ws/install/recognizer/lib/python3.8/site-packages/recognizer-0.0.0-py3.8.egg-info
[2.283s] running install_scripts
[2.316s] Installing recognizer script to /home/eecs/tutorial_ws/install/recognizer/lib/recognizer
[2.317s] writing list of installed files to '/home/eecs/tutorial_ws/build/recognizer/install.log'
[2.360s] Invoked command in '/home/eecs/tutorial_ws/src/recognizer' returned '0': PYTHONPATH=/home/eecs/tutorial_ws/install/recognizer/lib/python3.8/site-packages:${PYTHONPATH} /usr/bin/python3 setup.py egg_info --egg-base ../../build/recognizer build --build-base /home/eecs/tutorial_ws/build/recognizer/build install --prefix /home/eecs/tutorial_ws/install/recognizer --record /home/eecs/tutorial_ws/build/recognizer/install.log --single-version-externally-managed
