[0.040s] Invoking command in '/home/eecs/tutorial_ws/build/image_proc': AMENT_PREFIX_PATH=/home/eecs/tutorial_ws/install/tracetools_image_pipeline:${AMENT_PREFIX_PATH} CMAKE_PREFIX_PATH=/home/eecs/tutorial_ws/install/tracetools_image_pipeline:/opt/ros/foxy LD_LIBRARY_PATH=/home/eecs/tutorial_ws/install/tracetools_image_pipeline/lib:${LD_LIBRARY_PATH} /usr/bin/cmake --build /home/eecs/tutorial_ws/build/image_proc -- -j4 -l4
[0.189s] [ 13%] Built target image_proc
[0.252s] [ 26%] Built target rectify
[0.329s] [ 46%] Built target debayer
[0.391s] [ 60%] Built target resize
[0.477s] [ 73%] Built target crop_decimate
[0.549s] [ 86%] Built target crop_non_zero
[0.619s] [100%] Built target image_proc_exe
[0.637s] Invoked command in '/home/eecs/tutorial_ws/build/image_proc' returned '0': AMENT_PREFIX_PATH=/home/eecs/tutorial_ws/install/tracetools_image_pipeline:${AMENT_PREFIX_PATH} CMAKE_PREFIX_PATH=/home/eecs/tutorial_ws/install/tracetools_image_pipeline:/opt/ros/foxy LD_LIBRARY_PATH=/home/eecs/tutorial_ws/install/tracetools_image_pipeline/lib:${LD_LIBRARY_PATH} /usr/bin/cmake --build /home/eecs/tutorial_ws/build/image_proc -- -j4 -l4
[0.755s] Invoking command in '/home/eecs/tutorial_ws/build/image_proc': AMENT_PREFIX_PATH=/home/eecs/tutorial_ws/install/tracetools_image_pipeline:${AMENT_PREFIX_PATH} CMAKE_PREFIX_PATH=/home/eecs/tutorial_ws/install/tracetools_image_pipeline:/opt/ros/foxy LD_LIBRARY_PATH=/home/eecs/tutorial_ws/install/tracetools_image_pipeline/lib:${LD_LIBRARY_PATH} /usr/bin/cmake --install /home/eecs/tutorial_ws/build/image_proc
[0.780s] -- Install configuration: ""
[0.780s] -- Up-to-date: /home/eecs/tutorial_ws/install/image_proc/bin/image_proc
[0.781s] -- Up-to-date: /home/eecs/tutorial_ws/install/image_proc/include
[0.781s] -- Up-to-date: /home/eecs/tutorial_ws/install/image_proc/include/image_proc
[0.781s] -- Up-to-date: /home/eecs/tutorial_ws/install/image_proc/include/image_proc/rectify.hpp
[0.781s] -- Up-to-date: /home/eecs/tutorial_ws/install/image_proc/include/image_proc/edge_aware.hpp
[0.781s] -- Up-to-date: /home/eecs/tutorial_ws/install/image_proc/include/image_proc/crop_decimate.hpp
[0.781s] -- Up-to-date: /home/eecs/tutorial_ws/install/image_proc/include/image_proc/crop_non_zero.hpp
[0.783s] -- Up-to-date: /home/eecs/tutorial_ws/install/image_proc/include/image_proc/debayer.hpp
[0.783s] -- Up-to-date: /home/eecs/tutorial_ws/install/image_proc/include/image_proc/processor.hpp
[0.784s] -- Up-to-date: /home/eecs/tutorial_ws/install/image_proc/include/image_proc/resize.hpp
[0.784s] -- Up-to-date: /home/eecs/tutorial_ws/install/image_proc/share/image_proc/environment/library_path.sh
[0.784s] -- Up-to-date: /home/eecs/tutorial_ws/install/image_proc/share/image_proc/environment/library_path.dsv
[0.784s] -- Up-to-date: /home/eecs/tutorial_ws/install/image_proc/lib/libimage_proc.so
[0.785s] -- Up-to-date: /home/eecs/tutorial_ws/install/image_proc/lib/librectify.so
[0.792s] -- Up-to-date: /home/eecs/tutorial_ws/install/image_proc/lib/libdebayer.so
[0.792s] -- Up-to-date: /home/eecs/tutorial_ws/install/image_proc/lib/libresize.so
[0.792s] -- Up-to-date: /home/eecs/tutorial_ws/install/image_proc/lib/libcrop_decimate.so
[0.792s] -- Up-to-date: /home/eecs/tutorial_ws/install/image_proc/lib/libcrop_non_zero.so
[0.792s] -- Up-to-date: /home/eecs/tutorial_ws/install/image_proc/lib/image_proc/image_proc
[0.793s] -- Up-to-date: /home/eecs/tutorial_ws/install/image_proc/share/image_proc/launch
[0.793s] -- Up-to-date: /home/eecs/tutorial_ws/install/image_proc/share/image_proc/launch/image_proc.launch.py
[0.794s] -- Up-to-date: /home/eecs/tutorial_ws/install/image_proc/share/ament_index/resource_index/package_run_dependencies/image_proc
[0.794s] -- Up-to-date: /home/eecs/tutorial_ws/install/image_proc/share/ament_index/resource_index/parent_prefix_path/image_proc
[0.794s] -- Up-to-date: /home/eecs/tutorial_ws/install/image_proc/share/image_proc/environment/ament_prefix_path.sh
[0.794s] -- Up-to-date: /home/eecs/tutorial_ws/install/image_proc/share/image_proc/environment/ament_prefix_path.dsv
[0.794s] -- Up-to-date: /home/eecs/tutorial_ws/install/image_proc/share/image_proc/environment/path.sh
[0.794s] -- Up-to-date: /home/eecs/tutorial_ws/install/image_proc/share/image_proc/environment/path.dsv
[0.795s] -- Up-to-date: /home/eecs/tutorial_ws/install/image_proc/share/image_proc/local_setup.bash
[0.795s] -- Up-to-date: /home/eecs/tutorial_ws/install/image_proc/share/image_proc/local_setup.sh
[0.795s] -- Up-to-date: /home/eecs/tutorial_ws/install/image_proc/share/image_proc/local_setup.zsh
[0.795s] -- Up-to-date: /home/eecs/tutorial_ws/install/image_proc/share/image_proc/local_setup.dsv
[0.796s] -- Installing: /home/eecs/tutorial_ws/install/image_proc/share/image_proc/package.dsv
[0.796s] -- Up-to-date: /home/eecs/tutorial_ws/install/image_proc/share/ament_index/resource_index/packages/image_proc
[0.796s] -- Up-to-date: /home/eecs/tutorial_ws/install/image_proc/share/ament_index/resource_index/rclcpp_components/image_proc
[0.797s] -- Up-to-date: /home/eecs/tutorial_ws/install/image_proc/share/image_proc/cmake/ament_cmake_export_dependencies-extras.cmake
[0.797s] -- Up-to-date: /home/eecs/tutorial_ws/install/image_proc/share/image_proc/cmake/ament_cmake_export_include_directories-extras.cmake
[0.797s] -- Up-to-date: /home/eecs/tutorial_ws/install/image_proc/share/image_proc/cmake/ament_cmake_export_libraries-extras.cmake
[0.797s] -- Up-to-date: /home/eecs/tutorial_ws/install/image_proc/share/image_proc/cmake/image_procConfig.cmake
[0.797s] -- Up-to-date: /home/eecs/tutorial_ws/install/image_proc/share/image_proc/cmake/image_procConfig-version.cmake
[0.797s] -- Up-to-date: /home/eecs/tutorial_ws/install/image_proc/share/image_proc/package.xml
[0.820s] Invoked command in '/home/eecs/tutorial_ws/build/image_proc' returned '0': AMENT_PREFIX_PATH=/home/eecs/tutorial_ws/install/tracetools_image_pipeline:${AMENT_PREFIX_PATH} CMAKE_PREFIX_PATH=/home/eecs/tutorial_ws/install/tracetools_image_pipeline:/opt/ros/foxy LD_LIBRARY_PATH=/home/eecs/tutorial_ws/install/tracetools_image_pipeline/lib:${LD_LIBRARY_PATH} /usr/bin/cmake --install /home/eecs/tutorial_ws/build/image_proc
