running egg_info
creating ../../build/py_srv/py_srv.egg-info
writing ../../build/py_srv/py_srv.egg-info/PKG-INFO
writing dependency_links to ../../build/py_srv/py_srv.egg-info/dependency_links.txt
writing entry points to ../../build/py_srv/py_srv.egg-info/entry_points.txt
writing requirements to ../../build/py_srv/py_srv.egg-info/requires.txt
writing top-level names to ../../build/py_srv/py_srv.egg-info/top_level.txt
writing manifest file '../../build/py_srv/py_srv.egg-info/SOURCES.txt'
reading manifest file '../../build/py_srv/py_srv.egg-info/SOURCES.txt'
writing manifest file '../../build/py_srv/py_srv.egg-info/SOURCES.txt'
running build
running build_py
creating /home/eecs/tutorial_ws/build/py_srv/build
creating /home/eecs/tutorial_ws/build/py_srv/build/lib
creating /home/eecs/tutorial_ws/build/py_srv/build/lib/py_srv
copying py_srv/service_member_function.py -> /home/eecs/tutorial_ws/build/py_srv/build/lib/py_srv
copying py_srv/__init__.py -> /home/eecs/tutorial_ws/build/py_srv/build/lib/py_srv
running install
running install_lib
creating /home/eecs/tutorial_ws/install/py_srv/lib/python3.8/site-packages/py_srv
copying /home/eecs/tutorial_ws/build/py_srv/build/lib/py_srv/service_member_function.py -> /home/eecs/tutorial_ws/install/py_srv/lib/python3.8/site-packages/py_srv
copying /home/eecs/tutorial_ws/build/py_srv/build/lib/py_srv/__init__.py -> /home/eecs/tutorial_ws/install/py_srv/lib/python3.8/site-packages/py_srv
byte-compiling /home/eecs/tutorial_ws/install/py_srv/lib/python3.8/site-packages/py_srv/service_member_function.py to service_member_function.cpython-38.pyc
byte-compiling /home/eecs/tutorial_ws/install/py_srv/lib/python3.8/site-packages/py_srv/__init__.py to __init__.cpython-38.pyc
running install_data
creating /home/eecs/tutorial_ws/install/py_srv/share/ament_index
creating /home/eecs/tutorial_ws/install/py_srv/share/ament_index/resource_index
creating /home/eecs/tutorial_ws/install/py_srv/share/ament_index/resource_index/packages
copying resource/py_srv -> /home/eecs/tutorial_ws/install/py_srv/share/ament_index/resource_index/packages
copying package.xml -> /home/eecs/tutorial_ws/install/py_srv/share/py_srv
running install_egg_info
Copying ../../build/py_srv/py_srv.egg-info to /home/eecs/tutorial_ws/install/py_srv/lib/python3.8/site-packages/py_srv-0.0.0-py3.8.egg-info
running install_scripts
Installing service script to /home/eecs/tutorial_ws/install/py_srv/lib/py_srv
writing list of installed files to '/home/eecs/tutorial_ws/build/py_srv/install.log'
