[1.895s] Invoking command in '/home/eecs/tutorial_ws/src/py_srv': PYTHONPATH=/home/eecs/tutorial_ws/install/py_srv/lib/python3.8/site-packages:${PYTHONPATH} /usr/bin/python3 setup.py egg_info --egg-base ../../build/py_srv build --build-base /home/eecs/tutorial_ws/build/py_srv/build install --prefix /home/eecs/tutorial_ws/install/py_srv --record /home/eecs/tutorial_ws/build/py_srv/install.log --single-version-externally-managed
[2.645s] running egg_info
[2.646s] creating ../../build/py_srv/py_srv.egg-info
[2.646s] writing ../../build/py_srv/py_srv.egg-info/PKG-INFO
[2.647s] writing dependency_links to ../../build/py_srv/py_srv.egg-info/dependency_links.txt
[2.647s] writing entry points to ../../build/py_srv/py_srv.egg-info/entry_points.txt
[2.648s] writing requirements to ../../build/py_srv/py_srv.egg-info/requires.txt
[2.648s] writing top-level names to ../../build/py_srv/py_srv.egg-info/top_level.txt
[2.651s] writing manifest file '../../build/py_srv/py_srv.egg-info/SOURCES.txt'
[2.759s] reading manifest file '../../build/py_srv/py_srv.egg-info/SOURCES.txt'
[2.761s] writing manifest file '../../build/py_srv/py_srv.egg-info/SOURCES.txt'
[2.762s] running build
[2.762s] running build_py
[2.763s] creating /home/eecs/tutorial_ws/build/py_srv/build
[2.764s] creating /home/eecs/tutorial_ws/build/py_srv/build/lib
[2.764s] creating /home/eecs/tutorial_ws/build/py_srv/build/lib/py_srv
[2.765s] copying py_srv/service_member_function.py -> /home/eecs/tutorial_ws/build/py_srv/build/lib/py_srv
[2.765s] copying py_srv/__init__.py -> /home/eecs/tutorial_ws/build/py_srv/build/lib/py_srv
[2.766s] running install
[2.768s] running install_lib
[2.772s] creating /home/eecs/tutorial_ws/install/py_srv/lib/python3.8/site-packages/py_srv
[2.772s] copying /home/eecs/tutorial_ws/build/py_srv/build/lib/py_srv/service_member_function.py -> /home/eecs/tutorial_ws/install/py_srv/lib/python3.8/site-packages/py_srv
[2.773s] copying /home/eecs/tutorial_ws/build/py_srv/build/lib/py_srv/__init__.py -> /home/eecs/tutorial_ws/install/py_srv/lib/python3.8/site-packages/py_srv
[2.774s] byte-compiling /home/eecs/tutorial_ws/install/py_srv/lib/python3.8/site-packages/py_srv/service_member_function.py to service_member_function.cpython-38.pyc
[2.778s] byte-compiling /home/eecs/tutorial_ws/install/py_srv/lib/python3.8/site-packages/py_srv/__init__.py to __init__.cpython-38.pyc
[2.778s] running install_data
[2.780s] creating /home/eecs/tutorial_ws/install/py_srv/share/ament_index
[2.780s] creating /home/eecs/tutorial_ws/install/py_srv/share/ament_index/resource_index
[2.781s] creating /home/eecs/tutorial_ws/install/py_srv/share/ament_index/resource_index/packages
[2.781s] copying resource/py_srv -> /home/eecs/tutorial_ws/install/py_srv/share/ament_index/resource_index/packages
[2.782s] copying package.xml -> /home/eecs/tutorial_ws/install/py_srv/share/py_srv
[2.782s] running install_egg_info
[2.787s] Copying ../../build/py_srv/py_srv.egg-info to /home/eecs/tutorial_ws/install/py_srv/lib/python3.8/site-packages/py_srv-0.0.0-py3.8.egg-info
[2.792s] running install_scripts
[2.837s] Installing service script to /home/eecs/tutorial_ws/install/py_srv/lib/py_srv
[2.837s] writing list of installed files to '/home/eecs/tutorial_ws/build/py_srv/install.log'
[2.884s] Invoked command in '/home/eecs/tutorial_ws/src/py_srv' returned '0': PYTHONPATH=/home/eecs/tutorial_ws/install/py_srv/lib/python3.8/site-packages:${PYTHONPATH} /usr/bin/python3 setup.py egg_info --egg-base ../../build/py_srv build --build-base /home/eecs/tutorial_ws/build/py_srv/build install --prefix /home/eecs/tutorial_ws/install/py_srv --record /home/eecs/tutorial_ws/build/py_srv/install.log --single-version-externally-managed
