[0.042s] Invoking command in '/home/eecs/tutorial_ws/build/stereo_image_proc': AMENT_PREFIX_PATH=/home/eecs/tutorial_ws/install/image_proc:/home/eecs/tutorial_ws/install/tracetools_image_pipeline:${AMENT_PREFIX_PATH} CMAKE_PREFIX_PATH=/home/eecs/tutorial_ws/install/image_proc:/home/eecs/tutorial_ws/install/tracetools_image_pipeline:/home/eecs/tutorial_ws/install/py_sub:/home/eecs/tutorial_ws/install/py_pub:/opt/ros/foxy LD_LIBRARY_PATH=/home/eecs/tutorial_ws/install/image_proc/lib:/home/eecs/tutorial_ws/install/tracetools_image_pipeline/lib:${LD_LIBRARY_PATH} PATH=/home/eecs/tutorial_ws/install/image_proc/bin:${PATH} /usr/bin/cmake /home/eecs/tutorial_ws/src/image_pipeline/stereo_image_proc -DCMAKE_INSTALL_PREFIX=/home/eecs/tutorial_ws/install/stereo_image_proc
[0.157s] -- The C compiler identification is GNU 9.4.0
[0.276s] -- The CXX compiler identification is GNU 9.4.0
[0.287s] -- Check for working C compiler: /usr/bin/cc
[0.425s] -- Check for working C compiler: /usr/bin/cc -- works
[0.427s] -- Detecting C compiler ABI info
[0.565s] -- Detecting C compiler ABI info - done
[0.593s] -- Detecting C compile features
[0.594s] -- Detecting C compile features - done
[0.600s] -- Check for working CXX compiler: /usr/bin/c++
[0.766s] -- Check for working CXX compiler: /usr/bin/c++ -- works
[0.766s] -- Detecting CXX compiler ABI info
[0.927s] -- Detecting CXX compiler ABI info - done
[0.960s] -- Detecting CXX compile features
[0.962s] -- Detecting CXX compile features - done
[0.967s] -- Found ament_cmake_auto: 0.9.9 (/opt/ros/foxy/share/ament_cmake_auto/cmake)
[1.028s] -- Found PythonInterp: /usr/bin/python3 (found suitable version "3.8.10", minimum required is "3") 
[1.028s] -- Using PYTHON_EXECUTABLE: /usr/bin/python3
[1.974s] -- Using all available rosidl_typesupport_c: rosidl_typesupport_fastrtps_c;rosidl_typesupport_introspection_c
[1.992s] -- Found rosidl_adapter: 1.2.1 (/opt/ros/foxy/share/rosidl_adapter/cmake)
[2.166s] -- Found OpenSSL: /usr/lib/x86_64-linux-gnu/libcrypto.so (found version "1.1.1f")  
[2.233s] -- Found FastRTPS: /opt/ros/foxy/include  
[2.424s] -- Using all available rosidl_typesupport_cpp: rosidl_typesupport_fastrtps_cpp;rosidl_typesupport_introspection_cpp
[2.580s] -- Found rmw_implementation_cmake: 1.0.3 (/opt/ros/foxy/share/rmw_implementation_cmake/cmake)
[2.584s] -- Using RMW implementation 'rmw_fastrtps_cpp' as default
[2.586s] -- Looking for pthread.h
[2.733s] -- Looking for pthread.h - found
[2.733s] -- Performing Test CMAKE_HAVE_LIBC_PTHREAD
[2.839s] -- Performing Test CMAKE_HAVE_LIBC_PTHREAD - Failed
[2.840s] -- Looking for pthread_create in pthreads
[2.923s] -- Looking for pthread_create in pthreads - not found
[2.925s] -- Looking for pthread_create in pthread
[3.022s] -- Looking for pthread_create in pthread - found
[3.023s] -- Found Threads: TRUE  
[3.906s] -- Found OpenCV: /usr (found version "4.2.0") 
[4.197s] -- Found ament_lint_auto: 0.9.6 (/opt/ros/foxy/share/ament_lint_auto/cmake)
[4.283s] -- Found python_cmake_module: 0.8.1 (/opt/ros/foxy/share/python_cmake_module/cmake)
[4.318s] -- Found PythonInterp: /usr/bin/python3 (found suitable version "3.8.10", minimum required is "3.5") 
[4.327s] -- Found PythonLibs: /usr/lib/x86_64-linux-gnu/libpython3.8.so (found suitable version "3.8.10", minimum required is "3.5") 
[4.328s] -- Using PYTHON_EXECUTABLE: /usr/bin/python3
[4.328s] -- Using PYTHON_INCLUDE_DIRS: /usr/include/python3.8
[4.328s] -- Using PYTHON_LIBRARIES: /usr/lib/x86_64-linux-gnu/libpython3.8.so
[4.365s] -- Found PythonExtra: .so  
[4.417s] -- Added test 'copyright' to check source files copyright and LICENSE
[4.419s] -- Added test 'cppcheck' to perform static code analysis on C / C++ code
[4.420s] -- Configured cppcheck include dirs: /home/eecs/tutorial_ws/src/image_pipeline/stereo_image_proc/include
[4.420s] -- Configured cppcheck exclude dirs and/or files: 
[4.423s] -- Added test 'cpplint' to check C / C++ code against the Google style
[4.423s] -- Configured cpplint exclude dirs and/or files: 
[4.424s] -- Added test 'flake8' to check Python code syntax and style conventions
[4.425s] -- Added test 'lint_cmake' to check CMake code style
[4.426s] -- Added test 'pep257' to check Python code against some of the style conventions in PEP 257
[4.429s] -- Added test 'uncrustify' to check C / C++ code style
[4.429s] -- Configured uncrustify additional arguments: 
[4.430s] -- Added test 'xmllint' to check XML markup files
[4.439s] -- Configuring done
[4.513s] -- Generating done
[4.516s] -- Build files have been written to: /home/eecs/tutorial_ws/build/stereo_image_proc
[4.533s] Invoked command in '/home/eecs/tutorial_ws/build/stereo_image_proc' returned '0': AMENT_PREFIX_PATH=/home/eecs/tutorial_ws/install/image_proc:/home/eecs/tutorial_ws/install/tracetools_image_pipeline:${AMENT_PREFIX_PATH} CMAKE_PREFIX_PATH=/home/eecs/tutorial_ws/install/image_proc:/home/eecs/tutorial_ws/install/tracetools_image_pipeline:/home/eecs/tutorial_ws/install/py_sub:/home/eecs/tutorial_ws/install/py_pub:/opt/ros/foxy LD_LIBRARY_PATH=/home/eecs/tutorial_ws/install/image_proc/lib:/home/eecs/tutorial_ws/install/tracetools_image_pipeline/lib:${LD_LIBRARY_PATH} PATH=/home/eecs/tutorial_ws/install/image_proc/bin:${PATH} /usr/bin/cmake /home/eecs/tutorial_ws/src/image_pipeline/stereo_image_proc -DCMAKE_INSTALL_PREFIX=/home/eecs/tutorial_ws/install/stereo_image_proc
[4.536s] Invoking command in '/home/eecs/tutorial_ws/build/stereo_image_proc': AMENT_PREFIX_PATH=/home/eecs/tutorial_ws/install/image_proc:/home/eecs/tutorial_ws/install/tracetools_image_pipeline:${AMENT_PREFIX_PATH} CMAKE_PREFIX_PATH=/home/eecs/tutorial_ws/install/image_proc:/home/eecs/tutorial_ws/install/tracetools_image_pipeline:/home/eecs/tutorial_ws/install/py_sub:/home/eecs/tutorial_ws/install/py_pub:/opt/ros/foxy LD_LIBRARY_PATH=/home/eecs/tutorial_ws/install/image_proc/lib:/home/eecs/tutorial_ws/install/tracetools_image_pipeline/lib:${LD_LIBRARY_PATH} PATH=/home/eecs/tutorial_ws/install/image_proc/bin:${PATH} /usr/bin/cmake --build /home/eecs/tutorial_ws/build/stereo_image_proc -- -j4 -l4
[4.597s] [35m[1mScanning dependencies of target disparity_node[0m
[4.650s] [ 12%] [32mBuilding CXX object CMakeFiles/disparity_node.dir/rclcpp_components/node_main_disparity_node.cpp.o[0m
[7.990s] [ 25%] [32m[1mLinking CXX executable disparity_node[0m
[8.278s] [ 25%] Built target disparity_node
[8.300s] [35m[1mScanning dependencies of target point_cloud_node[0m
[8.376s] [ 37%] [32mBuilding CXX object CMakeFiles/point_cloud_node.dir/rclcpp_components/node_main_point_cloud_node.cpp.o[0m
[13.326s] [ 50%] [32m[1mLinking CXX executable point_cloud_node[0m
[13.608s] [ 50%] Built target point_cloud_node
[13.628s] [35m[1mScanning dependencies of target stereo_image_proc[0m
[13.780s] [ 62%] [32mBuilding CXX object CMakeFiles/stereo_image_proc.dir/src/stereo_image_proc/stereo_processor.cpp.o[0m
[16.013s] [ 75%] [32mBuilding CXX object CMakeFiles/stereo_image_proc.dir/src/stereo_image_proc/point_cloud_node.cpp.o[0m
[31.961s] [ 87%] [32mBuilding CXX object CMakeFiles/stereo_image_proc.dir/src/stereo_image_proc/disparity_node.cpp.o[0m
[52.900s] [100%] [32m[1mLinking CXX shared library libstereo_image_proc.so[0m
[54.463s] [100%] Built target stereo_image_proc
[54.477s] Invoked command in '/home/eecs/tutorial_ws/build/stereo_image_proc' returned '0': AMENT_PREFIX_PATH=/home/eecs/tutorial_ws/install/image_proc:/home/eecs/tutorial_ws/install/tracetools_image_pipeline:${AMENT_PREFIX_PATH} CMAKE_PREFIX_PATH=/home/eecs/tutorial_ws/install/image_proc:/home/eecs/tutorial_ws/install/tracetools_image_pipeline:/home/eecs/tutorial_ws/install/py_sub:/home/eecs/tutorial_ws/install/py_pub:/opt/ros/foxy LD_LIBRARY_PATH=/home/eecs/tutorial_ws/install/image_proc/lib:/home/eecs/tutorial_ws/install/tracetools_image_pipeline/lib:${LD_LIBRARY_PATH} PATH=/home/eecs/tutorial_ws/install/image_proc/bin:${PATH} /usr/bin/cmake --build /home/eecs/tutorial_ws/build/stereo_image_proc -- -j4 -l4
[54.519s] Invoking command in '/home/eecs/tutorial_ws/build/stereo_image_proc': AMENT_PREFIX_PATH=/home/eecs/tutorial_ws/install/image_proc:/home/eecs/tutorial_ws/install/tracetools_image_pipeline:${AMENT_PREFIX_PATH} CMAKE_PREFIX_PATH=/home/eecs/tutorial_ws/install/image_proc:/home/eecs/tutorial_ws/install/tracetools_image_pipeline:/home/eecs/tutorial_ws/install/py_sub:/home/eecs/tutorial_ws/install/py_pub:/opt/ros/foxy LD_LIBRARY_PATH=/home/eecs/tutorial_ws/install/image_proc/lib:/home/eecs/tutorial_ws/install/tracetools_image_pipeline/lib:${LD_LIBRARY_PATH} PATH=/home/eecs/tutorial_ws/install/image_proc/bin:${PATH} /usr/bin/cmake --install /home/eecs/tutorial_ws/build/stereo_image_proc
[54.530s] -- Install configuration: ""
[54.530s] -- Installing: /home/eecs/tutorial_ws/install/stereo_image_proc/lib/stereo_image_proc/disparity_node
[54.531s] -- Set runtime path of "/home/eecs/tutorial_ws/install/stereo_image_proc/lib/stereo_image_proc/disparity_node" to ""
[54.532s] -- Installing: /home/eecs/tutorial_ws/install/stereo_image_proc/lib/stereo_image_proc/point_cloud_node
[54.532s] -- Set runtime path of "/home/eecs/tutorial_ws/install/stereo_image_proc/lib/stereo_image_proc/point_cloud_node" to ""
[54.533s] -- Installing: /home/eecs/tutorial_ws/install/stereo_image_proc/include
[54.533s] -- Installing: /home/eecs/tutorial_ws/install/stereo_image_proc/include/stereo_image_proc
[54.533s] -- Installing: /home/eecs/tutorial_ws/install/stereo_image_proc/include/stereo_image_proc/stereo_processor.hpp
[54.533s] -- Installing: /home/eecs/tutorial_ws/install/stereo_image_proc/share/stereo_image_proc/environment/library_path.sh
[54.533s] -- Installing: /home/eecs/tutorial_ws/install/stereo_image_proc/share/stereo_image_proc/environment/library_path.dsv
[54.533s] -- Installing: /home/eecs/tutorial_ws/install/stereo_image_proc/lib/libstereo_image_proc.so
[54.545s] -- Set runtime path of "/home/eecs/tutorial_ws/install/stereo_image_proc/lib/libstereo_image_proc.so" to ""
[54.545s] -- Installing: /home/eecs/tutorial_ws/install/stereo_image_proc/share/stereo_image_proc/launch
[54.545s] -- Installing: /home/eecs/tutorial_ws/install/stereo_image_proc/share/stereo_image_proc/launch/stereo_image_proc.launch.py
[54.545s] -- Installing: /home/eecs/tutorial_ws/install/stereo_image_proc/share/ament_index/resource_index/package_run_dependencies/stereo_image_proc
[54.546s] -- Installing: /home/eecs/tutorial_ws/install/stereo_image_proc/share/ament_index/resource_index/parent_prefix_path/stereo_image_proc
[54.546s] -- Installing: /home/eecs/tutorial_ws/install/stereo_image_proc/share/stereo_image_proc/environment/ament_prefix_path.sh
[54.546s] -- Installing: /home/eecs/tutorial_ws/install/stereo_image_proc/share/stereo_image_proc/environment/ament_prefix_path.dsv
[54.546s] -- Installing: /home/eecs/tutorial_ws/install/stereo_image_proc/share/stereo_image_proc/environment/path.sh
[54.546s] -- Installing: /home/eecs/tutorial_ws/install/stereo_image_proc/share/stereo_image_proc/environment/path.dsv
[54.546s] -- Installing: /home/eecs/tutorial_ws/install/stereo_image_proc/share/stereo_image_proc/local_setup.bash
[54.546s] -- Installing: /home/eecs/tutorial_ws/install/stereo_image_proc/share/stereo_image_proc/local_setup.sh
[54.547s] -- Installing: /home/eecs/tutorial_ws/install/stereo_image_proc/share/stereo_image_proc/local_setup.zsh
[54.547s] -- Installing: /home/eecs/tutorial_ws/install/stereo_image_proc/share/stereo_image_proc/local_setup.dsv
[54.547s] -- Installing: /home/eecs/tutorial_ws/install/stereo_image_proc/share/stereo_image_proc/package.dsv
[54.548s] -- Installing: /home/eecs/tutorial_ws/install/stereo_image_proc/share/ament_index/resource_index/packages/stereo_image_proc
[54.548s] -- Installing: /home/eecs/tutorial_ws/install/stereo_image_proc/share/ament_index/resource_index/rclcpp_components/stereo_image_proc
[54.548s] -- Installing: /home/eecs/tutorial_ws/install/stereo_image_proc/share/stereo_image_proc/cmake/ament_cmake_export_dependencies-extras.cmake
[54.549s] -- Installing: /home/eecs/tutorial_ws/install/stereo_image_proc/share/stereo_image_proc/cmake/ament_cmake_export_include_directories-extras.cmake
[54.549s] -- Installing: /home/eecs/tutorial_ws/install/stereo_image_proc/share/stereo_image_proc/cmake/ament_cmake_export_libraries-extras.cmake
[54.549s] -- Installing: /home/eecs/tutorial_ws/install/stereo_image_proc/share/stereo_image_proc/cmake/stereo_image_procConfig.cmake
[54.549s] -- Installing: /home/eecs/tutorial_ws/install/stereo_image_proc/share/stereo_image_proc/cmake/stereo_image_procConfig-version.cmake
[54.549s] -- Installing: /home/eecs/tutorial_ws/install/stereo_image_proc/share/stereo_image_proc/package.xml
[54.554s] Invoked command in '/home/eecs/tutorial_ws/build/stereo_image_proc' returned '0': AMENT_PREFIX_PATH=/home/eecs/tutorial_ws/install/image_proc:/home/eecs/tutorial_ws/install/tracetools_image_pipeline:${AMENT_PREFIX_PATH} CMAKE_PREFIX_PATH=/home/eecs/tutorial_ws/install/image_proc:/home/eecs/tutorial_ws/install/tracetools_image_pipeline:/home/eecs/tutorial_ws/install/py_sub:/home/eecs/tutorial_ws/install/py_pub:/opt/ros/foxy LD_LIBRARY_PATH=/home/eecs/tutorial_ws/install/image_proc/lib:/home/eecs/tutorial_ws/install/tracetools_image_pipeline/lib:${LD_LIBRARY_PATH} PATH=/home/eecs/tutorial_ws/install/image_proc/bin:${PATH} /usr/bin/cmake --install /home/eecs/tutorial_ws/build/stereo_image_proc
