/home/eecs/tutorial_ws/install/py_pub/lib/python3.8/site-packages/py_pub/publisher_member_function.py
/home/eecs/tutorial_ws/install/py_pub/lib/python3.8/site-packages/py_pub/student_publisher_function.py
/home/eecs/tutorial_ws/install/py_pub/lib/python3.8/site-packages/py_pub/__init__.py
/home/eecs/tutorial_ws/install/py_pub/lib/python3.8/site-packages/py_pub/publisher_tf2_static_broadcaster_function.py
/home/eecs/tutorial_ws/install/py_pub/lib/python3.8/site-packages/py_pub/image_publisher_function.py
/home/eecs/tutorial_ws/install/py_pub/lib/python3.8/site-packages/py_pub/__pycache__/publisher_member_function.cpython-38.pyc
/home/eecs/tutorial_ws/install/py_pub/lib/python3.8/site-packages/py_pub/__pycache__/student_publisher_function.cpython-38.pyc
/home/eecs/tutorial_ws/install/py_pub/lib/python3.8/site-packages/py_pub/__pycache__/__init__.cpython-38.pyc
/home/eecs/tutorial_ws/install/py_pub/lib/python3.8/site-packages/py_pub/__pycache__/publisher_tf2_static_broadcaster_function.cpython-38.pyc
/home/eecs/tutorial_ws/install/py_pub/lib/python3.8/site-packages/py_pub/__pycache__/image_publisher_function.cpython-38.pyc
/home/eecs/tutorial_ws/install/py_pub/share/ament_index/resource_index/packages/py_pub
/home/eecs/tutorial_ws/install/py_pub/share/py_pub/package.xml
/home/eecs/tutorial_ws/install/py_pub/lib/python3.8/site-packages/py_pub-0.0.0-py3.8.egg-info/requires.txt
/home/eecs/tutorial_ws/install/py_pub/lib/python3.8/site-packages/py_pub-0.0.0-py3.8.egg-info/zip-safe
/home/eecs/tutorial_ws/install/py_pub/lib/python3.8/site-packages/py_pub-0.0.0-py3.8.egg-info/dependency_links.txt
/home/eecs/tutorial_ws/install/py_pub/lib/python3.8/site-packages/py_pub-0.0.0-py3.8.egg-info/top_level.txt
/home/eecs/tutorial_ws/install/py_pub/lib/python3.8/site-packages/py_pub-0.0.0-py3.8.egg-info/SOURCES.txt
/home/eecs/tutorial_ws/install/py_pub/lib/python3.8/site-packages/py_pub-0.0.0-py3.8.egg-info/PKG-INFO
/home/eecs/tutorial_ws/install/py_pub/lib/python3.8/site-packages/py_pub-0.0.0-py3.8.egg-info/entry_points.txt
/home/eecs/tutorial_ws/install/py_pub/lib/py_pub/image_talker
/home/eecs/tutorial_ws/install/py_pub/lib/py_pub/student_talker
/home/eecs/tutorial_ws/install/py_pub/lib/py_pub/talker
/home/eecs/tutorial_ws/install/py_pub/lib/py_pub/tf2_static_broadcaster
