[1.983s] Invoking command in '/home/eecs/tutorial_ws/src/py_cli': PYTHONPATH=/home/eecs/tutorial_ws/install/py_cli/lib/python3.8/site-packages:${PYTHONPATH} /usr/bin/python3 setup.py egg_info --egg-base ../../build/py_cli build --build-base /home/eecs/tutorial_ws/build/py_cli/build install --prefix /home/eecs/tutorial_ws/install/py_cli --record /home/eecs/tutorial_ws/build/py_cli/install.log --single-version-externally-managed
[2.482s] running egg_info
[2.483s] writing ../../build/py_cli/py_cli.egg-info/PKG-INFO
[2.483s] writing dependency_links to ../../build/py_cli/py_cli.egg-info/dependency_links.txt
[2.483s] writing entry points to ../../build/py_cli/py_cli.egg-info/entry_points.txt
[2.483s] writing requirements to ../../build/py_cli/py_cli.egg-info/requires.txt
[2.484s] writing top-level names to ../../build/py_cli/py_cli.egg-info/top_level.txt
[2.556s] reading manifest file '../../build/py_cli/py_cli.egg-info/SOURCES.txt'
[2.558s] writing manifest file '../../build/py_cli/py_cli.egg-info/SOURCES.txt'
[2.558s] running build
[2.558s] running build_py
[2.559s] running install
[2.560s] running install_lib
[2.563s] running install_data
[2.564s] running install_egg_info
[2.567s] removing '/home/eecs/tutorial_ws/install/py_cli/lib/python3.8/site-packages/py_cli-0.0.0-py3.8.egg-info' (and everything under it)
[2.568s] Copying ../../build/py_cli/py_cli.egg-info to /home/eecs/tutorial_ws/install/py_cli/lib/python3.8/site-packages/py_cli-0.0.0-py3.8.egg-info
[2.570s] running install_scripts
[2.604s] Installing client script to /home/eecs/tutorial_ws/install/py_cli/lib/py_cli
[2.604s] writing list of installed files to '/home/eecs/tutorial_ws/build/py_cli/install.log'
[2.649s] Invoked command in '/home/eecs/tutorial_ws/src/py_cli' returned '0': PYTHONPATH=/home/eecs/tutorial_ws/install/py_cli/lib/python3.8/site-packages:${PYTHONPATH} /usr/bin/python3 setup.py egg_info --egg-base ../../build/py_cli build --build-base /home/eecs/tutorial_ws/build/py_cli/build install --prefix /home/eecs/tutorial_ws/install/py_cli --record /home/eecs/tutorial_ws/build/py_cli/install.log --single-version-externally-managed
