[0.445s] Invoking command in '/home/eecs/tutorial_ws/build/depth_image_proc': CMAKE_PREFIX_PATH=/opt/ros/foxy /usr/bin/cmake --build /home/eecs/tutorial_ws/build/depth_image_proc -- -j4 -l4
[0.713s] [100%] Built target depth_image_proc
[0.758s] Invoked command in '/home/eecs/tutorial_ws/build/depth_image_proc' returned '0': CMAKE_PREFIX_PATH=/opt/ros/foxy /usr/bin/cmake --build /home/eecs/tutorial_ws/build/depth_image_proc -- -j4 -l4
[0.886s] Invoking command in '/home/eecs/tutorial_ws/build/depth_image_proc': CMAKE_PREFIX_PATH=/opt/ros/foxy /usr/bin/cmake --install /home/eecs/tutorial_ws/build/depth_image_proc
[0.905s] -- Install configuration: ""
[0.906s] -- Up-to-date: /home/eecs/tutorial_ws/install/depth_image_proc/include
[0.906s] -- Up-to-date: /home/eecs/tutorial_ws/install/depth_image_proc/include/depth_image_proc
[0.906s] -- Up-to-date: /home/eecs/tutorial_ws/install/depth_image_proc/include/depth_image_proc/visibility.h
[0.906s] -- Up-to-date: /home/eecs/tutorial_ws/install/depth_image_proc/include/depth_image_proc/point_cloud_xyzrgb.hpp
[0.907s] -- Up-to-date: /home/eecs/tutorial_ws/install/depth_image_proc/include/depth_image_proc/point_cloud_xyz_radial.hpp
[0.907s] -- Up-to-date: /home/eecs/tutorial_ws/install/depth_image_proc/include/depth_image_proc/depth_traits.hpp
[0.907s] -- Up-to-date: /home/eecs/tutorial_ws/install/depth_image_proc/include/depth_image_proc/point_cloud_xyz.hpp
[0.907s] -- Up-to-date: /home/eecs/tutorial_ws/install/depth_image_proc/include/depth_image_proc/point_cloud_xyzi_radial.hpp
[0.907s] -- Up-to-date: /home/eecs/tutorial_ws/install/depth_image_proc/include/depth_image_proc/point_cloud_xyzi.hpp
[0.907s] -- Up-to-date: /home/eecs/tutorial_ws/install/depth_image_proc/include/depth_image_proc/conversions.hpp
[0.908s] -- Up-to-date: /home/eecs/tutorial_ws/install/depth_image_proc/include/depth_image_proc/point_cloud_xyzrgb_radial.hpp
[0.908s] -- Up-to-date: /home/eecs/tutorial_ws/install/depth_image_proc/share/depth_image_proc/environment/library_path.sh
[0.908s] -- Up-to-date: /home/eecs/tutorial_ws/install/depth_image_proc/share/depth_image_proc/environment/library_path.dsv
[0.909s] -- Up-to-date: /home/eecs/tutorial_ws/install/depth_image_proc/lib/libdepth_image_proc.so
[0.910s] -- Up-to-date: /home/eecs/tutorial_ws/install/depth_image_proc/share/depth_image_proc/launch
[0.910s] -- Up-to-date: /home/eecs/tutorial_ws/install/depth_image_proc/share/depth_image_proc/launch/point_cloud_xyzi.launch.py
[0.910s] -- Up-to-date: /home/eecs/tutorial_ws/install/depth_image_proc/share/depth_image_proc/launch/point_cloud_xyz_radial.launch.py
[0.911s] -- Up-to-date: /home/eecs/tutorial_ws/install/depth_image_proc/share/depth_image_proc/launch/point_cloud_xyz.launch.py
[0.911s] -- Up-to-date: /home/eecs/tutorial_ws/install/depth_image_proc/share/depth_image_proc/launch/rviz
[0.911s] -- Up-to-date: /home/eecs/tutorial_ws/install/depth_image_proc/share/depth_image_proc/launch/rviz/point_cloud_xyz_radial.rviz
[0.912s] -- Up-to-date: /home/eecs/tutorial_ws/install/depth_image_proc/share/depth_image_proc/launch/rviz/crop_formost.rviz
[0.912s] -- Up-to-date: /home/eecs/tutorial_ws/install/depth_image_proc/share/depth_image_proc/launch/rviz/point_cloud_xyz.rviz
[0.912s] -- Up-to-date: /home/eecs/tutorial_ws/install/depth_image_proc/share/depth_image_proc/launch/rviz/convert_metric.rviz
[0.912s] -- Up-to-date: /home/eecs/tutorial_ws/install/depth_image_proc/share/depth_image_proc/launch/rviz/point_cloud_xyzrgb.rviz
[0.912s] -- Up-to-date: /home/eecs/tutorial_ws/install/depth_image_proc/share/depth_image_proc/launch/rviz/disparity.rviz
[0.912s] -- Up-to-date: /home/eecs/tutorial_ws/install/depth_image_proc/share/depth_image_proc/launch/rviz/register.rviz
[0.912s] -- Up-to-date: /home/eecs/tutorial_ws/install/depth_image_proc/share/depth_image_proc/launch/rviz/point_cloud_xyzi.rviz
[0.913s] -- Up-to-date: /home/eecs/tutorial_ws/install/depth_image_proc/share/depth_image_proc/launch/register.launch.py
[0.913s] -- Up-to-date: /home/eecs/tutorial_ws/install/depth_image_proc/share/depth_image_proc/launch/point_cloud_xyzi_radial.launch.py
[0.913s] -- Up-to-date: /home/eecs/tutorial_ws/install/depth_image_proc/share/depth_image_proc/launch/point_cloud_xyzrgb_radial.launch.py
[0.913s] -- Up-to-date: /home/eecs/tutorial_ws/install/depth_image_proc/share/depth_image_proc/launch/point_cloud_xyzrgb.launch.py
[0.913s] -- Up-to-date: /home/eecs/tutorial_ws/install/depth_image_proc/share/depth_image_proc/launch/disparity.launch.py
[0.913s] -- Up-to-date: /home/eecs/tutorial_ws/install/depth_image_proc/share/depth_image_proc/launch/convert_metric.launch.py
[0.913s] -- Up-to-date: /home/eecs/tutorial_ws/install/depth_image_proc/share/depth_image_proc/launch/crop_foremost.launch.py
[0.913s] -- Up-to-date: /home/eecs/tutorial_ws/install/depth_image_proc/share/ament_index/resource_index/package_run_dependencies/depth_image_proc
[0.915s] -- Up-to-date: /home/eecs/tutorial_ws/install/depth_image_proc/share/ament_index/resource_index/parent_prefix_path/depth_image_proc
[0.915s] -- Up-to-date: /home/eecs/tutorial_ws/install/depth_image_proc/share/depth_image_proc/environment/ament_prefix_path.sh
[0.915s] -- Up-to-date: /home/eecs/tutorial_ws/install/depth_image_proc/share/depth_image_proc/environment/ament_prefix_path.dsv
[0.915s] -- Up-to-date: /home/eecs/tutorial_ws/install/depth_image_proc/share/depth_image_proc/environment/path.sh
[0.916s] -- Up-to-date: /home/eecs/tutorial_ws/install/depth_image_proc/share/depth_image_proc/environment/path.dsv
[0.916s] -- Up-to-date: /home/eecs/tutorial_ws/install/depth_image_proc/share/depth_image_proc/local_setup.bash
[0.916s] -- Up-to-date: /home/eecs/tutorial_ws/install/depth_image_proc/share/depth_image_proc/local_setup.sh
[0.916s] -- Up-to-date: /home/eecs/tutorial_ws/install/depth_image_proc/share/depth_image_proc/local_setup.zsh
[0.916s] -- Up-to-date: /home/eecs/tutorial_ws/install/depth_image_proc/share/depth_image_proc/local_setup.dsv
[0.916s] -- Installing: /home/eecs/tutorial_ws/install/depth_image_proc/share/depth_image_proc/package.dsv
[0.917s] -- Up-to-date: /home/eecs/tutorial_ws/install/depth_image_proc/share/ament_index/resource_index/packages/depth_image_proc
[0.917s] -- Up-to-date: /home/eecs/tutorial_ws/install/depth_image_proc/share/ament_index/resource_index/rclcpp_components/depth_image_proc
[0.918s] -- Up-to-date: /home/eecs/tutorial_ws/install/depth_image_proc/share/depth_image_proc/cmake/ament_cmake_export_dependencies-extras.cmake
[0.919s] -- Up-to-date: /home/eecs/tutorial_ws/install/depth_image_proc/share/depth_image_proc/cmake/ament_cmake_export_include_directories-extras.cmake
[0.919s] -- Up-to-date: /home/eecs/tutorial_ws/install/depth_image_proc/share/depth_image_proc/cmake/ament_cmake_export_libraries-extras.cmake
[0.919s] -- Up-to-date: /home/eecs/tutorial_ws/install/depth_image_proc/share/depth_image_proc/cmake/depth_image_procConfig.cmake
[0.919s] -- Up-to-date: /home/eecs/tutorial_ws/install/depth_image_proc/share/depth_image_proc/cmake/depth_image_procConfig-version.cmake
[0.920s] -- Up-to-date: /home/eecs/tutorial_ws/install/depth_image_proc/share/depth_image_proc/package.xml
[0.924s] Invoked command in '/home/eecs/tutorial_ws/build/depth_image_proc' returned '0': CMAKE_PREFIX_PATH=/opt/ros/foxy /usr/bin/cmake --install /home/eecs/tutorial_ws/build/depth_image_proc
