[0.080s] Invoking command in '/home/eecs/tutorial_ws/build/image_view': CMAKE_PREFIX_PATH=/home/eecs/tutorial_ws/install/py_sub:/home/eecs/tutorial_ws/install/py_pub:/opt/ros/foxy /usr/bin/cmake /home/eecs/tutorial_ws/src/image_pipeline/image_view -DCMAKE_INSTALL_PREFIX=/home/eecs/tutorial_ws/install/image_view
[0.411s] -- The C compiler identification is GNU 9.4.0
[0.675s] -- The CXX compiler identification is GNU 9.4.0
[0.687s] -- Check for working C compiler: /usr/bin/cc
[0.832s] -- Check for working C compiler: /usr/bin/cc -- works
[0.834s] -- Detecting C compiler ABI info
[0.981s] -- Detecting C compiler ABI info - done
[1.013s] -- Detecting C compile features
[1.015s] -- Detecting C compile features - done
[1.021s] -- Check for working CXX compiler: /usr/bin/c++
[1.186s] -- Check for working CXX compiler: /usr/bin/c++ -- works
[1.189s] -- Detecting CXX compiler ABI info
[1.360s] -- Detecting CXX compiler ABI info - done
[1.417s] -- Detecting CXX compile features
[1.419s] -- Detecting CXX compile features - done
[1.432s] -- Found ament_cmake_auto: 0.9.9 (/opt/ros/foxy/share/ament_cmake_auto/cmake)
[1.566s] -- Found PythonInterp: /usr/bin/python3 (found suitable version "3.8.10", minimum required is "3") 
[1.567s] -- Using PYTHON_EXECUTABLE: /usr/bin/python3
[3.441s] -- Using all available rosidl_typesupport_c: rosidl_typesupport_fastrtps_c;rosidl_typesupport_introspection_c
[3.486s] -- Found rosidl_adapter: 1.2.1 (/opt/ros/foxy/share/rosidl_adapter/cmake)
[4.070s] -- Found OpenSSL: /usr/lib/x86_64-linux-gnu/libcrypto.so (found version "1.1.1f")  
[4.223s] -- Found FastRTPS: /opt/ros/foxy/include  
[4.646s] -- Using all available rosidl_typesupport_cpp: rosidl_typesupport_fastrtps_cpp;rosidl_typesupport_introspection_cpp
[4.969s] -- Found rmw_implementation_cmake: 1.0.3 (/opt/ros/foxy/share/rmw_implementation_cmake/cmake)
[4.976s] -- Using RMW implementation 'rmw_fastrtps_cpp' as default
[4.985s] -- Looking for pthread.h
[5.437s] -- Looking for pthread.h - found
[5.438s] -- Performing Test CMAKE_HAVE_LIBC_PTHREAD
[5.866s] -- Performing Test CMAKE_HAVE_LIBC_PTHREAD - Failed
[5.867s] -- Looking for pthread_create in pthreads
[6.227s] -- Looking for pthread_create in pthreads - not found
[6.227s] -- Looking for pthread_create in pthread
[6.679s] -- Looking for pthread_create in pthread - found
[6.683s] -- Found Threads: TRUE  
[8.403s] -- Setting yaml-cpp_DIR to: '/opt/ros/foxy/share/yaml_cpp_vendor/cmake/../../../opt/yaml_cpp_vendor/lib/cmake/yaml-cpp'
[9.910s] -- Found Boost: /usr/lib/x86_64-linux-gnu/cmake/Boost-1.71.0/BoostConfig.cmake (found version "1.71.0")  
[9.938s] -- Found OpenCV: /usr (found version "4.2.0") 
[11.575s] -- Found ament_lint_auto: 0.9.6 (/opt/ros/foxy/share/ament_lint_auto/cmake)
[11.628s] -- Added test 'copyright' to check source files copyright and LICENSE
[11.633s] -- Added test 'cppcheck' to perform static code analysis on C / C++ code
[11.636s] -- Configured cppcheck include dirs: /home/eecs/tutorial_ws/src/image_pipeline/image_view/include
[11.636s] -- Configured cppcheck exclude dirs and/or files: 
[11.641s] -- Added test 'cpplint' to check C / C++ code against the Google style
[11.641s] -- Configured cpplint exclude dirs and/or files: 
[11.644s] -- Added test 'lint_cmake' to check CMake code style
[11.648s] -- Added test 'uncrustify' to check C / C++ code style
[11.649s] -- Configured uncrustify additional arguments: 
[11.651s] -- Added test 'xmllint' to check XML markup files
[11.663s] -- Configuring done
[12.662s] -- Generating done
[12.667s] -- Build files have been written to: /home/eecs/tutorial_ws/build/image_view
[12.716s] Invoked command in '/home/eecs/tutorial_ws/build/image_view' returned '0': CMAKE_PREFIX_PATH=/home/eecs/tutorial_ws/install/py_sub:/home/eecs/tutorial_ws/install/py_pub:/opt/ros/foxy /usr/bin/cmake /home/eecs/tutorial_ws/src/image_pipeline/image_view -DCMAKE_INSTALL_PREFIX=/home/eecs/tutorial_ws/install/image_view
[12.718s] Invoking command in '/home/eecs/tutorial_ws/build/image_view': CMAKE_PREFIX_PATH=/home/eecs/tutorial_ws/install/py_sub:/home/eecs/tutorial_ws/install/py_pub:/opt/ros/foxy /usr/bin/cmake --build /home/eecs/tutorial_ws/build/image_view -- -j4 -l4
[12.970s] [35m[1mScanning dependencies of target image_view_nodes[0m
[13.379s] [  5%] [32mBuilding CXX object CMakeFiles/image_view_nodes.dir/src/disparity_view_node.cpp.o[0m
[28.315s] [ 10%] [32mBuilding CXX object CMakeFiles/image_view_nodes.dir/src/image_saver_node.cpp.o[0m
[37.439s] [ 15%] [32mBuilding CXX object CMakeFiles/image_view_nodes.dir/src/stereo_view_node.cpp.o[0m
[55.558s] [ 21%] [32mBuilding CXX object CMakeFiles/image_view_nodes.dir/src/video_recorder_node.cpp.o[0m
[59.318s] [ 26%] [32mBuilding CXX object CMakeFiles/image_view_nodes.dir/src/image_view_node.cpp.o[0m
[65.467s] [ 31%] [32mBuilding CXX object CMakeFiles/image_view_nodes.dir/src/extract_images_node.cpp.o[0m
[70.162s] [ 36%] [32m[1mLinking CXX shared library libimage_view_nodes.so[0m
[71.851s] [ 36%] Built target image_view_nodes
[71.872s] [35m[1mScanning dependencies of target extract_images[0m
[71.872s] [35m[1mScanning dependencies of target image_view[0m
[71.873s] [35m[1mScanning dependencies of target disparity_view[0m
[71.970s] [ 42%] [32mBuilding CXX object CMakeFiles/extract_images.dir/src/extract_images.cpp.o[0m
[72.012s] [ 47%] [32mBuilding CXX object CMakeFiles/image_view.dir/src/image_view.cpp.o[0m
[72.018s] [35m[1mScanning dependencies of target stereo_view[0m
[72.020s] [ 52%] [32mBuilding CXX object CMakeFiles/disparity_view.dir/src/disparity_view.cpp.o[0m
[72.207s] [ 57%] [32mBuilding CXX object CMakeFiles/stereo_view.dir/src/stereo_view.cpp.o[0m
[78.240s] [ 63%] [32m[1mLinking CXX executable extract_images[0m
[78.627s] [ 68%] [32m[1mLinking CXX executable image_view[0m
[78.695s] [ 73%] [32m[1mLinking CXX executable disparity_view[0m
[81.229s] [ 78%] [32m[1mLinking CXX executable stereo_view[0m
[81.247s] [ 78%] Built target extract_images
[81.306s] [35m[1mScanning dependencies of target image_saver[0m
[81.566s] [ 84%] [32mBuilding CXX object CMakeFiles/image_saver.dir/src/image_saver.cpp.o[0m
[81.718s] [ 84%] Built target image_view
[81.760s] [35m[1mScanning dependencies of target video_recorder[0m
[81.782s] [ 84%] Built target disparity_view
[81.896s] [ 89%] [32mBuilding CXX object CMakeFiles/video_recorder.dir/src/video_recorder.cpp.o[0m
[83.181s] [ 89%] Built target stereo_view
[85.844s] [ 94%] [32m[1mLinking CXX executable video_recorder[0m
[86.130s] [100%] [32m[1mLinking CXX executable image_saver[0m
[87.813s] [100%] Built target image_saver
[87.983s] [100%] Built target video_recorder
[87.999s] Invoked command in '/home/eecs/tutorial_ws/build/image_view' returned '0': CMAKE_PREFIX_PATH=/home/eecs/tutorial_ws/install/py_sub:/home/eecs/tutorial_ws/install/py_pub:/opt/ros/foxy /usr/bin/cmake --build /home/eecs/tutorial_ws/build/image_view -- -j4 -l4
[88.064s] Invoking command in '/home/eecs/tutorial_ws/build/image_view': CMAKE_PREFIX_PATH=/home/eecs/tutorial_ws/install/py_sub:/home/eecs/tutorial_ws/install/py_pub:/opt/ros/foxy /usr/bin/cmake --install /home/eecs/tutorial_ws/build/image_view
[88.077s] -- Install configuration: ""
[88.078s] -- Installing: /home/eecs/tutorial_ws/install/image_view/include
[88.078s] -- Installing: /home/eecs/tutorial_ws/install/image_view/include/image_view
[88.078s] -- Installing: /home/eecs/tutorial_ws/install/image_view/include/image_view/disparity_view_node.hpp
[88.078s] -- Installing: /home/eecs/tutorial_ws/install/image_view/include/image_view/video_recorder_node.hpp
[88.078s] -- Installing: /home/eecs/tutorial_ws/install/image_view/include/image_view/image_saver_node.hpp
[88.079s] -- Installing: /home/eecs/tutorial_ws/install/image_view/include/image_view/image_view_node.hpp
[88.079s] -- Installing: /home/eecs/tutorial_ws/install/image_view/include/image_view/stereo_view_node.hpp
[88.079s] -- Installing: /home/eecs/tutorial_ws/install/image_view/include/image_view/extract_images_node.hpp
[88.079s] -- Installing: /home/eecs/tutorial_ws/install/image_view/share/image_view/environment/library_path.sh
[88.079s] -- Installing: /home/eecs/tutorial_ws/install/image_view/share/image_view/environment/library_path.dsv
[88.079s] -- Installing: /home/eecs/tutorial_ws/install/image_view/lib/libimage_view_nodes.so
[88.089s] -- Set runtime path of "/home/eecs/tutorial_ws/install/image_view/lib/libimage_view_nodes.so" to ""
[88.089s] -- Installing: /home/eecs/tutorial_ws/install/image_view/lib/image_view/disparity_view
[88.090s] -- Set runtime path of "/home/eecs/tutorial_ws/install/image_view/lib/image_view/disparity_view" to ""
[88.090s] -- Installing: /home/eecs/tutorial_ws/install/image_view/lib/image_view/image_view
[88.091s] -- Set runtime path of "/home/eecs/tutorial_ws/install/image_view/lib/image_view/image_view" to ""
[88.091s] -- Installing: /home/eecs/tutorial_ws/install/image_view/lib/image_view/stereo_view
[88.092s] -- Set runtime path of "/home/eecs/tutorial_ws/install/image_view/lib/image_view/stereo_view" to ""
[88.092s] -- Installing: /home/eecs/tutorial_ws/install/image_view/lib/image_view/extract_images
[88.093s] -- Set runtime path of "/home/eecs/tutorial_ws/install/image_view/lib/image_view/extract_images" to ""
[88.093s] -- Installing: /home/eecs/tutorial_ws/install/image_view/lib/image_view/image_saver
[88.094s] -- Set runtime path of "/home/eecs/tutorial_ws/install/image_view/lib/image_view/image_saver" to ""
[88.094s] -- Installing: /home/eecs/tutorial_ws/install/image_view/lib/image_view/video_recorder
[88.094s] -- Set runtime path of "/home/eecs/tutorial_ws/install/image_view/lib/image_view/video_recorder" to ""
[88.094s] -- Installing: /home/eecs/tutorial_ws/install/image_view/share/ament_index/resource_index/package_run_dependencies/image_view
[88.095s] -- Installing: /home/eecs/tutorial_ws/install/image_view/share/ament_index/resource_index/parent_prefix_path/image_view
[88.095s] -- Installing: /home/eecs/tutorial_ws/install/image_view/share/image_view/environment/ament_prefix_path.sh
[88.095s] -- Installing: /home/eecs/tutorial_ws/install/image_view/share/image_view/environment/ament_prefix_path.dsv
[88.096s] -- Installing: /home/eecs/tutorial_ws/install/image_view/share/image_view/environment/path.sh
[88.096s] -- Installing: /home/eecs/tutorial_ws/install/image_view/share/image_view/environment/path.dsv
[88.096s] -- Installing: /home/eecs/tutorial_ws/install/image_view/share/image_view/local_setup.bash
[88.096s] -- Installing: /home/eecs/tutorial_ws/install/image_view/share/image_view/local_setup.sh
[88.097s] -- Installing: /home/eecs/tutorial_ws/install/image_view/share/image_view/local_setup.zsh
[88.097s] -- Installing: /home/eecs/tutorial_ws/install/image_view/share/image_view/local_setup.dsv
[88.097s] -- Installing: /home/eecs/tutorial_ws/install/image_view/share/image_view/package.dsv
[88.097s] -- Installing: /home/eecs/tutorial_ws/install/image_view/share/ament_index/resource_index/packages/image_view
[88.098s] -- Installing: /home/eecs/tutorial_ws/install/image_view/share/ament_index/resource_index/rclcpp_components/image_view
[88.098s] -- Installing: /home/eecs/tutorial_ws/install/image_view/share/image_view/cmake/ament_cmake_export_dependencies-extras.cmake
[88.098s] -- Installing: /home/eecs/tutorial_ws/install/image_view/share/image_view/cmake/ament_cmake_export_include_directories-extras.cmake
[88.098s] -- Installing: /home/eecs/tutorial_ws/install/image_view/share/image_view/cmake/ament_cmake_export_libraries-extras.cmake
[88.098s] -- Installing: /home/eecs/tutorial_ws/install/image_view/share/image_view/cmake/image_viewConfig.cmake
[88.098s] -- Installing: /home/eecs/tutorial_ws/install/image_view/share/image_view/cmake/image_viewConfig-version.cmake
[88.099s] -- Installing: /home/eecs/tutorial_ws/install/image_view/share/image_view/package.xml
[88.104s] Invoked command in '/home/eecs/tutorial_ws/build/image_view' returned '0': CMAKE_PREFIX_PATH=/home/eecs/tutorial_ws/install/py_sub:/home/eecs/tutorial_ws/install/py_pub:/opt/ros/foxy /usr/bin/cmake --install /home/eecs/tutorial_ws/build/image_view
