[0.052s] Invoking command in '/home/eecs/tutorial_ws/build/stereo_image_proc': AMENT_PREFIX_PATH=/home/eecs/tutorial_ws/install/image_proc:/home/eecs/tutorial_ws/install/tracetools_image_pipeline:${AMENT_PREFIX_PATH} CMAKE_PREFIX_PATH=/home/eecs/tutorial_ws/install/image_proc:/home/eecs/tutorial_ws/install/tracetools_image_pipeline:/opt/ros/foxy LD_LIBRARY_PATH=/home/eecs/tutorial_ws/install/image_proc/lib:/home/eecs/tutorial_ws/install/tracetools_image_pipeline/lib:${LD_LIBRARY_PATH} PATH=/home/eecs/tutorial_ws/install/image_proc/bin:${PATH} /usr/bin/cmake --build /home/eecs/tutorial_ws/build/stereo_image_proc -- -j4 -l4
[0.531s] [ 25%] Built target disparity_node
[0.531s] [ 75%] Built target stereo_image_proc
[0.532s] [100%] Built target point_cloud_node
[0.532s] Invoked command in '/home/eecs/tutorial_ws/build/stereo_image_proc' returned '0': AMENT_PREFIX_PATH=/home/eecs/tutorial_ws/install/image_proc:/home/eecs/tutorial_ws/install/tracetools_image_pipeline:${AMENT_PREFIX_PATH} CMAKE_PREFIX_PATH=/home/eecs/tutorial_ws/install/image_proc:/home/eecs/tutorial_ws/install/tracetools_image_pipeline:/opt/ros/foxy LD_LIBRARY_PATH=/home/eecs/tutorial_ws/install/image_proc/lib:/home/eecs/tutorial_ws/install/tracetools_image_pipeline/lib:${LD_LIBRARY_PATH} PATH=/home/eecs/tutorial_ws/install/image_proc/bin:${PATH} /usr/bin/cmake --build /home/eecs/tutorial_ws/build/stereo_image_proc -- -j4 -l4
[0.621s] Invoking command in '/home/eecs/tutorial_ws/build/stereo_image_proc': AMENT_PREFIX_PATH=/home/eecs/tutorial_ws/install/image_proc:/home/eecs/tutorial_ws/install/tracetools_image_pipeline:${AMENT_PREFIX_PATH} CMAKE_PREFIX_PATH=/home/eecs/tutorial_ws/install/image_proc:/home/eecs/tutorial_ws/install/tracetools_image_pipeline:/opt/ros/foxy LD_LIBRARY_PATH=/home/eecs/tutorial_ws/install/image_proc/lib:/home/eecs/tutorial_ws/install/tracetools_image_pipeline/lib:${LD_LIBRARY_PATH} PATH=/home/eecs/tutorial_ws/install/image_proc/bin:${PATH} /usr/bin/cmake --install /home/eecs/tutorial_ws/build/stereo_image_proc
[0.645s] -- Install configuration: ""
[0.647s] -- Up-to-date: /home/eecs/tutorial_ws/install/stereo_image_proc/lib/stereo_image_proc/disparity_node
[0.649s] -- Up-to-date: /home/eecs/tutorial_ws/install/stereo_image_proc/lib/stereo_image_proc/point_cloud_node
[0.649s] -- Up-to-date: /home/eecs/tutorial_ws/install/stereo_image_proc/include
[0.650s] -- Up-to-date: /home/eecs/tutorial_ws/install/stereo_image_proc/include/stereo_image_proc
[0.650s] -- Up-to-date: /home/eecs/tutorial_ws/install/stereo_image_proc/include/stereo_image_proc/stereo_processor.hpp
[0.651s] -- Up-to-date: /home/eecs/tutorial_ws/install/stereo_image_proc/share/stereo_image_proc/environment/library_path.sh
[0.651s] -- Up-to-date: /home/eecs/tutorial_ws/install/stereo_image_proc/share/stereo_image_proc/environment/library_path.dsv
[0.653s] -- Up-to-date: /home/eecs/tutorial_ws/install/stereo_image_proc/lib/libstereo_image_proc.so
[0.653s] -- Up-to-date: /home/eecs/tutorial_ws/install/stereo_image_proc/share/stereo_image_proc/launch
[0.654s] -- Up-to-date: /home/eecs/tutorial_ws/install/stereo_image_proc/share/stereo_image_proc/launch/stereo_image_proc.launch.py
[0.655s] -- Up-to-date: /home/eecs/tutorial_ws/install/stereo_image_proc/share/ament_index/resource_index/package_run_dependencies/stereo_image_proc
[0.656s] -- Up-to-date: /home/eecs/tutorial_ws/install/stereo_image_proc/share/ament_index/resource_index/parent_prefix_path/stereo_image_proc
[0.656s] -- Up-to-date: /home/eecs/tutorial_ws/install/stereo_image_proc/share/stereo_image_proc/environment/ament_prefix_path.sh
[0.657s] -- Up-to-date: /home/eecs/tutorial_ws/install/stereo_image_proc/share/stereo_image_proc/environment/ament_prefix_path.dsv
[0.657s] -- Up-to-date: /home/eecs/tutorial_ws/install/stereo_image_proc/share/stereo_image_proc/environment/path.sh
[0.658s] -- Up-to-date: /home/eecs/tutorial_ws/install/stereo_image_proc/share/stereo_image_proc/environment/path.dsv
[0.658s] -- Up-to-date: /home/eecs/tutorial_ws/install/stereo_image_proc/share/stereo_image_proc/local_setup.bash
[0.659s] -- Up-to-date: /home/eecs/tutorial_ws/install/stereo_image_proc/share/stereo_image_proc/local_setup.sh
[0.659s] -- Up-to-date: /home/eecs/tutorial_ws/install/stereo_image_proc/share/stereo_image_proc/local_setup.zsh
[0.659s] -- Up-to-date: /home/eecs/tutorial_ws/install/stereo_image_proc/share/stereo_image_proc/local_setup.dsv
[0.660s] -- Installing: /home/eecs/tutorial_ws/install/stereo_image_proc/share/stereo_image_proc/package.dsv
[0.660s] -- Up-to-date: /home/eecs/tutorial_ws/install/stereo_image_proc/share/ament_index/resource_index/packages/stereo_image_proc
[0.661s] -- Up-to-date: /home/eecs/tutorial_ws/install/stereo_image_proc/share/ament_index/resource_index/rclcpp_components/stereo_image_proc
[0.661s] -- Up-to-date: /home/eecs/tutorial_ws/install/stereo_image_proc/share/stereo_image_proc/cmake/ament_cmake_export_dependencies-extras.cmake
[0.662s] -- Up-to-date: /home/eecs/tutorial_ws/install/stereo_image_proc/share/stereo_image_proc/cmake/ament_cmake_export_include_directories-extras.cmake
[0.662s] -- Up-to-date: /home/eecs/tutorial_ws/install/stereo_image_proc/share/stereo_image_proc/cmake/ament_cmake_export_libraries-extras.cmake
[0.662s] -- Up-to-date: /home/eecs/tutorial_ws/install/stereo_image_proc/share/stereo_image_proc/cmake/stereo_image_procConfig.cmake
[0.662s] -- Up-to-date: /home/eecs/tutorial_ws/install/stereo_image_proc/share/stereo_image_proc/cmake/stereo_image_procConfig-version.cmake
[0.663s] -- Up-to-date: /home/eecs/tutorial_ws/install/stereo_image_proc/share/stereo_image_proc/package.xml
[0.674s] Invoked command in '/home/eecs/tutorial_ws/build/stereo_image_proc' returned '0': AMENT_PREFIX_PATH=/home/eecs/tutorial_ws/install/image_proc:/home/eecs/tutorial_ws/install/tracetools_image_pipeline:${AMENT_PREFIX_PATH} CMAKE_PREFIX_PATH=/home/eecs/tutorial_ws/install/image_proc:/home/eecs/tutorial_ws/install/tracetools_image_pipeline:/opt/ros/foxy LD_LIBRARY_PATH=/home/eecs/tutorial_ws/install/image_proc/lib:/home/eecs/tutorial_ws/install/tracetools_image_pipeline/lib:${LD_LIBRARY_PATH} PATH=/home/eecs/tutorial_ws/install/image_proc/bin:${PATH} /usr/bin/cmake --install /home/eecs/tutorial_ws/build/stereo_image_proc
