[0.060s] Invoking command in '/home/eecs/tutorial_ws/build/my_interfaces': CMAKE_PREFIX_PATH=/home/eecs/tutorial_ws/install/py_sub:/home/eecs/tutorial_ws/install/py_pub:/opt/ros/foxy /usr/bin/cmake /home/eecs/tutorial_ws/src/my_interfaces -DCMAKE_INSTALL_PREFIX=/home/eecs/tutorial_ws/install/my_interfaces
[0.485s] -- The C compiler identification is GNU 9.4.0
[0.509s] -- The CXX compiler identification is GNU 9.4.0
[0.523s] -- Check for working C compiler: /usr/bin/cc
[0.676s] -- Check for working C compiler: /usr/bin/cc -- works
[0.676s] -- Detecting C compiler ABI info
[0.822s] -- Detecting C compiler ABI info - done
[0.855s] -- Detecting C compile features
[0.856s] -- Detecting C compile features - done
[0.863s] -- Check for working CXX compiler: /usr/bin/c++
[1.042s] -- Check for working CXX compiler: /usr/bin/c++ -- works
[1.045s] -- Detecting CXX compiler ABI info
[1.218s] -- Detecting CXX compiler ABI info - done
[1.252s] -- Detecting CXX compile features
[1.254s] -- Detecting CXX compile features - done
[1.264s] -- Found ament_cmake: 0.9.9 (/opt/ros/foxy/share/ament_cmake/cmake)
[1.330s] -- Found PythonInterp: /usr/bin/python3 (found suitable version "3.8.10", minimum required is "3") 
[1.331s] -- Using PYTHON_EXECUTABLE: /usr/bin/python3
[1.878s] -- Found rosidl_default_generators: 1.0.1 (/opt/ros/foxy/share/rosidl_default_generators/cmake)
[1.890s] -- Using all available rosidl_typesupport_c: rosidl_typesupport_fastrtps_c;rosidl_typesupport_introspection_c
[1.911s] -- Found rosidl_adapter: 1.2.1 (/opt/ros/foxy/share/rosidl_adapter/cmake)
[2.160s] -- Found OpenSSL: /usr/lib/x86_64-linux-gnu/libcrypto.so (found version "1.1.1f")  
[2.241s] -- Found FastRTPS: /opt/ros/foxy/include  
[2.481s] -- Using all available rosidl_typesupport_cpp: rosidl_typesupport_fastrtps_cpp;rosidl_typesupport_introspection_cpp
[2.606s] -- Found PythonInterp: /usr/bin/python3 (found version "3.8.10") 
[3.053s] -- Found ament_cmake_ros: 0.9.2 (/opt/ros/foxy/share/ament_cmake_ros/cmake)
[3.285s] -- Using all available rosidl_typesupport_c: rosidl_typesupport_fastrtps_c;rosidl_typesupport_introspection_c
[3.306s] -- Using all available rosidl_typesupport_cpp: rosidl_typesupport_fastrtps_cpp;rosidl_typesupport_introspection_cpp
[3.363s] -- Found PythonInterp: /usr/bin/python3 (found suitable version "3.8.10", minimum required is "3.5") 
[3.367s] -- Found python_cmake_module: 0.8.1 (/opt/ros/foxy/share/python_cmake_module/cmake)
[3.439s] -- Found PythonLibs: /usr/lib/x86_64-linux-gnu/libpython3.8.so (found suitable version "3.8.10", minimum required is "3.5") 
[3.440s] -- Using PYTHON_EXECUTABLE: /usr/bin/python3
[3.440s] -- Using PYTHON_INCLUDE_DIRS: /usr/include/python3.8
[3.440s] -- Using PYTHON_LIBRARIES: /usr/lib/x86_64-linux-gnu/libpython3.8.so
[3.489s] -- Found PythonExtra: .so  
[3.592s] -- Found ament_lint_auto: 0.9.6 (/opt/ros/foxy/share/ament_lint_auto/cmake)
[3.649s] -- Added test 'copyright' to check source files copyright and LICENSE
[3.652s] -- Added test 'lint_cmake' to check CMake code style
[3.655s] -- Added test 'xmllint' to check XML markup files
[3.667s] -- Configuring done
[3.739s] -- Generating done
[3.747s] -- Build files have been written to: /home/eecs/tutorial_ws/build/my_interfaces
[3.763s] Invoked command in '/home/eecs/tutorial_ws/build/my_interfaces' returned '0': CMAKE_PREFIX_PATH=/home/eecs/tutorial_ws/install/py_sub:/home/eecs/tutorial_ws/install/py_pub:/opt/ros/foxy /usr/bin/cmake /home/eecs/tutorial_ws/src/my_interfaces -DCMAKE_INSTALL_PREFIX=/home/eecs/tutorial_ws/install/my_interfaces
[3.765s] Invoking command in '/home/eecs/tutorial_ws/build/my_interfaces': CMAKE_PREFIX_PATH=/home/eecs/tutorial_ws/install/py_sub:/home/eecs/tutorial_ws/install/py_pub:/opt/ros/foxy /usr/bin/cmake --build /home/eecs/tutorial_ws/build/my_interfaces -- -j4 -l4
[3.856s] [35m[1mScanning dependencies of target my_interfaces__cpp[0m
[3.857s] [  3%] [34m[1mGenerating C code for ROS interfaces[0m
[3.878s] [  6%] [34m[1mGenerating C++ code for ROS interfaces[0m
[4.561s] [35m[1mScanning dependencies of target my_interfaces__rosidl_generator_c[0m
[4.587s] [  9%] [32mBuilding C object CMakeFiles/my_interfaces__rosidl_generator_c.dir/rosidl_generator_c/my_interfaces/msg/detail/student__functions.c.o[0m
[4.641s] [  9%] Built target my_interfaces__cpp
[4.669s] [ 12%] [34m[1mGenerating C++ type support for eProsima Fast-RTPS[0m
[4.675s] [ 16%] [34m[1mGenerating C++ type support dispatch for ROS interfaces[0m
[4.675s] [ 19%] [34m[1mGenerating C++ introspection for ROS interfaces[0m
[4.704s] [ 22%] [32m[1mLinking C shared library libmy_interfaces__rosidl_generator_c.so[0m
[4.911s] [ 22%] Built target my_interfaces__rosidl_generator_c
[4.979s] [ 25%] [34m[1mGenerating C type support dispatch for ROS interfaces[0m
[5.333s] [35m[1mScanning dependencies of target my_interfaces__rosidl_typesupport_cpp[0m
[5.402s] [ 29%] [32mBuilding CXX object CMakeFiles/my_interfaces__rosidl_typesupport_cpp.dir/rosidl_typesupport_cpp/my_interfaces/msg/student__type_support.cpp.o[0m
[5.554s] [35m[1mScanning dependencies of target my_interfaces__rosidl_typesupport_introspection_cpp[0m
[5.630s] [ 32%] [32mBuilding CXX object CMakeFiles/my_interfaces__rosidl_typesupport_introspection_cpp.dir/rosidl_typesupport_introspection_cpp/my_interfaces/msg/detail/student__type_support.cpp.o[0m
[5.651s] [35m[1mScanning dependencies of target my_interfaces__rosidl_typesupport_fastrtps_cpp[0m
[5.760s] [ 35%] [32mBuilding CXX object CMakeFiles/my_interfaces__rosidl_typesupport_fastrtps_cpp.dir/rosidl_typesupport_fastrtps_cpp/my_interfaces/msg/detail/dds_fastrtps/student__type_support.cpp.o[0m
[5.822s] [35m[1mScanning dependencies of target my_interfaces__rosidl_typesupport_c[0m
[5.943s] [ 38%] [32mBuilding CXX object CMakeFiles/my_interfaces__rosidl_typesupport_c.dir/rosidl_typesupport_c/my_interfaces/msg/student__type_support.cpp.o[0m
[6.120s] [ 41%] [32m[1mLinking CXX shared library libmy_interfaces__rosidl_typesupport_c.so[0m
[6.319s] [ 41%] Built target my_interfaces__rosidl_typesupport_c
[6.372s] [ 45%] [34m[1mGenerating C introspection for ROS interfaces[0m
[6.420s] [ 48%] [32m[1mLinking CXX shared library libmy_interfaces__rosidl_typesupport_cpp.so[0m
[6.598s] [ 48%] Built target my_interfaces__rosidl_typesupport_cpp
[6.932s] [ 51%] [32m[1mLinking CXX shared library libmy_interfaces__rosidl_typesupport_introspection_cpp.so[0m
[7.181s] [ 51%] Built target my_interfaces__rosidl_typesupport_introspection_cpp
[7.264s] [ 54%] [32m[1mLinking CXX shared library libmy_interfaces__rosidl_typesupport_fastrtps_cpp.so[0m
[7.283s] [35m[1mScanning dependencies of target my_interfaces__rosidl_typesupport_introspection_c[0m
[7.332s] [ 58%] [32mBuilding C object CMakeFiles/my_interfaces__rosidl_typesupport_introspection_c.dir/rosidl_typesupport_introspection_c/my_interfaces/msg/detail/student__type_support.c.o[0m
[7.416s] [ 61%] [32m[1mLinking C shared library libmy_interfaces__rosidl_typesupport_introspection_c.so[0m
[7.494s] [ 61%] Built target my_interfaces__rosidl_typesupport_introspection_c
[7.495s] [ 61%] Built target my_interfaces__rosidl_typesupport_fastrtps_cpp
[7.515s] [ 64%] [34m[1mGenerating C type support for eProsima Fast-RTPS[0m
[8.053s] [35m[1mScanning dependencies of target my_interfaces__rosidl_typesupport_fastrtps_c[0m
[8.081s] [ 67%] [32mBuilding CXX object CMakeFiles/my_interfaces__rosidl_typesupport_fastrtps_c.dir/rosidl_typesupport_fastrtps_c/my_interfaces/msg/detail/student__type_support_c.cpp.o[0m
[9.001s] [ 70%] [32m[1mLinking CXX shared library libmy_interfaces__rosidl_typesupport_fastrtps_c.so[0m
[9.191s] [ 70%] Built target my_interfaces__rosidl_typesupport_fastrtps_c
[9.211s] [35m[1mScanning dependencies of target my_interfaces[0m
[9.233s] [ 70%] Built target my_interfaces
[9.255s] [35m[1mScanning dependencies of target my_interfaces__py[0m
[9.276s] [ 74%] [34m[1mGenerating Python code for ROS interfaces[0m
[11.080s] [ 74%] Built target my_interfaces__py
[11.156s] [35m[1mScanning dependencies of target my_interfaces__python[0m
[11.296s] [ 77%] [32mBuilding C object CMakeFiles/my_interfaces__python.dir/rosidl_generator_py/my_interfaces/msg/_student_s.c.o[0m
[11.781s] [ 80%] [32m[1mLinking C shared library rosidl_generator_py/my_interfaces/libmy_interfaces__python.so[0m
[11.990s] [ 80%] Built target my_interfaces__python
[12.063s] [35m[1mScanning dependencies of target my_interfaces__rosidl_typesupport_c__pyext[0m
[12.104s] [35m[1mScanning dependencies of target my_interfaces__rosidl_typesupport_introspection_c__pyext[0m
[12.154s] [35m[1mScanning dependencies of target my_interfaces__rosidl_typesupport_fastrtps_c__pyext[0m
[12.181s] [ 83%] [32mBuilding C object CMakeFiles/my_interfaces__rosidl_typesupport_c__pyext.dir/rosidl_generator_py/my_interfaces/_my_interfaces_s.ep.rosidl_typesupport_c.c.o[0m
[12.231s] [ 87%] [32mBuilding C object CMakeFiles/my_interfaces__rosidl_typesupport_introspection_c__pyext.dir/rosidl_generator_py/my_interfaces/_my_interfaces_s.ep.rosidl_typesupport_introspection_c.c.o[0m
[12.288s] [ 90%] [32mBuilding C object CMakeFiles/my_interfaces__rosidl_typesupport_fastrtps_c__pyext.dir/rosidl_generator_py/my_interfaces/_my_interfaces_s.ep.rosidl_typesupport_fastrtps_c.c.o[0m
[12.528s] [ 93%] [32m[1mLinking C shared library rosidl_generator_py/my_interfaces/my_interfaces_s__rosidl_typesupport_introspection_c.cpython-38-x86_64-linux-gnu.so[0m
[12.748s] [ 93%] Built target my_interfaces__rosidl_typesupport_introspection_c__pyext
[12.760s] [ 96%] [32m[1mLinking C shared library rosidl_generator_py/my_interfaces/my_interfaces_s__rosidl_typesupport_c.cpython-38-x86_64-linux-gnu.so[0m
[12.896s] [100%] [32m[1mLinking CXX shared library rosidl_generator_py/my_interfaces/my_interfaces_s__rosidl_typesupport_fastrtps_c.cpython-38-x86_64-linux-gnu.so[0m
[13.004s] [100%] Built target my_interfaces__rosidl_typesupport_c__pyext
[13.227s] [100%] Built target my_interfaces__rosidl_typesupport_fastrtps_c__pyext
[13.286s] Invoked command in '/home/eecs/tutorial_ws/build/my_interfaces' returned '0': CMAKE_PREFIX_PATH=/home/eecs/tutorial_ws/install/py_sub:/home/eecs/tutorial_ws/install/py_pub:/opt/ros/foxy /usr/bin/cmake --build /home/eecs/tutorial_ws/build/my_interfaces -- -j4 -l4
[14.355s] Invoking command in '/home/eecs/tutorial_ws/build/my_interfaces': CMAKE_PREFIX_PATH=/home/eecs/tutorial_ws/install/py_sub:/home/eecs/tutorial_ws/install/py_pub:/opt/ros/foxy /usr/bin/cmake --install /home/eecs/tutorial_ws/build/my_interfaces
[14.412s] -- Install configuration: ""
[14.413s] -- Installing: /home/eecs/tutorial_ws/install/my_interfaces/share/ament_index/resource_index/rosidl_interfaces/my_interfaces
[14.414s] -- Installing: /home/eecs/tutorial_ws/install/my_interfaces/include/my_interfaces
[14.415s] -- Installing: /home/eecs/tutorial_ws/install/my_interfaces/include/my_interfaces/msg
[14.415s] -- Installing: /home/eecs/tutorial_ws/install/my_interfaces/include/my_interfaces/msg/detail
[14.416s] -- Installing: /home/eecs/tutorial_ws/install/my_interfaces/include/my_interfaces/msg/detail/student__functions.c
[14.416s] -- Installing: /home/eecs/tutorial_ws/install/my_interfaces/include/my_interfaces/msg/detail/student__type_support.h
[14.417s] -- Installing: /home/eecs/tutorial_ws/install/my_interfaces/include/my_interfaces/msg/detail/student__struct.h
[14.418s] -- Installing: /home/eecs/tutorial_ws/install/my_interfaces/include/my_interfaces/msg/detail/student__functions.h
[14.418s] -- Installing: /home/eecs/tutorial_ws/install/my_interfaces/include/my_interfaces/msg/rosidl_generator_c__visibility_control.h
[14.419s] -- Installing: /home/eecs/tutorial_ws/install/my_interfaces/include/my_interfaces/msg/student.h
[14.420s] -- Installing: /home/eecs/tutorial_ws/install/my_interfaces/share/my_interfaces/environment/library_path.sh
[14.421s] -- Installing: /home/eecs/tutorial_ws/install/my_interfaces/share/my_interfaces/environment/library_path.dsv
[14.421s] -- Installing: /home/eecs/tutorial_ws/install/my_interfaces/lib/libmy_interfaces__rosidl_generator_c.so
[14.423s] -- Set runtime path of "/home/eecs/tutorial_ws/install/my_interfaces/lib/libmy_interfaces__rosidl_generator_c.so" to ""
[14.423s] -- Up-to-date: /home/eecs/tutorial_ws/install/my_interfaces/include/my_interfaces
[14.424s] -- Up-to-date: /home/eecs/tutorial_ws/install/my_interfaces/include/my_interfaces/msg
[14.424s] -- Installing: /home/eecs/tutorial_ws/install/my_interfaces/include/my_interfaces/msg/rosidl_typesupport_fastrtps_c__visibility_control.h
[14.425s] -- Up-to-date: /home/eecs/tutorial_ws/install/my_interfaces/include/my_interfaces/msg/detail
[14.425s] -- Installing: /home/eecs/tutorial_ws/install/my_interfaces/include/my_interfaces/msg/detail/student__rosidl_typesupport_fastrtps_c.h
[14.426s] -- Installing: /home/eecs/tutorial_ws/install/my_interfaces/lib/libmy_interfaces__rosidl_typesupport_fastrtps_c.so
[14.428s] -- Set runtime path of "/home/eecs/tutorial_ws/install/my_interfaces/lib/libmy_interfaces__rosidl_typesupport_fastrtps_c.so" to ""
[14.428s] -- Up-to-date: /home/eecs/tutorial_ws/install/my_interfaces/include/my_interfaces
[14.429s] -- Up-to-date: /home/eecs/tutorial_ws/install/my_interfaces/include/my_interfaces/msg
[14.429s] -- Up-to-date: /home/eecs/tutorial_ws/install/my_interfaces/include/my_interfaces/msg/detail
[14.430s] -- Installing: /home/eecs/tutorial_ws/install/my_interfaces/include/my_interfaces/msg/detail/dds_fastrtps
[14.430s] -- Installing: /home/eecs/tutorial_ws/install/my_interfaces/include/my_interfaces/msg/detail/student__rosidl_typesupport_fastrtps_cpp.hpp
[14.431s] -- Installing: /home/eecs/tutorial_ws/install/my_interfaces/include/my_interfaces/msg/rosidl_typesupport_fastrtps_cpp__visibility_control.h
[14.432s] -- Installing: /home/eecs/tutorial_ws/install/my_interfaces/lib/libmy_interfaces__rosidl_typesupport_fastrtps_cpp.so
[14.433s] -- Set runtime path of "/home/eecs/tutorial_ws/install/my_interfaces/lib/libmy_interfaces__rosidl_typesupport_fastrtps_cpp.so" to ""
[14.435s] -- Up-to-date: /home/eecs/tutorial_ws/install/my_interfaces/include/my_interfaces
[14.436s] -- Up-to-date: /home/eecs/tutorial_ws/install/my_interfaces/include/my_interfaces/msg
[14.436s] -- Installing: /home/eecs/tutorial_ws/install/my_interfaces/include/my_interfaces/msg/rosidl_typesupport_introspection_c__visibility_control.h
[14.437s] -- Up-to-date: /home/eecs/tutorial_ws/install/my_interfaces/include/my_interfaces/msg/detail
[14.437s] -- Installing: /home/eecs/tutorial_ws/install/my_interfaces/include/my_interfaces/msg/detail/student__type_support.c
[14.443s] -- Installing: /home/eecs/tutorial_ws/install/my_interfaces/include/my_interfaces/msg/detail/student__rosidl_typesupport_introspection_c.h
[14.444s] -- Installing: /home/eecs/tutorial_ws/install/my_interfaces/lib/libmy_interfaces__rosidl_typesupport_introspection_c.so
[14.447s] -- Set runtime path of "/home/eecs/tutorial_ws/install/my_interfaces/lib/libmy_interfaces__rosidl_typesupport_introspection_c.so" to ""
[14.448s] -- Installing: /home/eecs/tutorial_ws/install/my_interfaces/lib/libmy_interfaces__rosidl_typesupport_c.so
[14.449s] -- Set runtime path of "/home/eecs/tutorial_ws/install/my_interfaces/lib/libmy_interfaces__rosidl_typesupport_c.so" to ""
[14.449s] -- Up-to-date: /home/eecs/tutorial_ws/install/my_interfaces/include/my_interfaces
[14.450s] -- Up-to-date: /home/eecs/tutorial_ws/install/my_interfaces/include/my_interfaces/msg
[14.450s] -- Installing: /home/eecs/tutorial_ws/install/my_interfaces/include/my_interfaces/msg/student.hpp
[14.451s] -- Up-to-date: /home/eecs/tutorial_ws/install/my_interfaces/include/my_interfaces/msg/detail
[14.451s] -- Installing: /home/eecs/tutorial_ws/install/my_interfaces/include/my_interfaces/msg/detail/student__traits.hpp
[14.452s] -- Installing: /home/eecs/tutorial_ws/install/my_interfaces/include/my_interfaces/msg/detail/student__struct.hpp
[14.453s] -- Installing: /home/eecs/tutorial_ws/install/my_interfaces/include/my_interfaces/msg/detail/student__builder.hpp
[14.454s] -- Up-to-date: /home/eecs/tutorial_ws/install/my_interfaces/include/my_interfaces
[14.454s] -- Up-to-date: /home/eecs/tutorial_ws/install/my_interfaces/include/my_interfaces/msg
[14.454s] -- Up-to-date: /home/eecs/tutorial_ws/install/my_interfaces/include/my_interfaces/msg/detail
[14.455s] -- Installing: /home/eecs/tutorial_ws/install/my_interfaces/include/my_interfaces/msg/detail/student__rosidl_typesupport_introspection_cpp.hpp
[14.456s] -- Installing: /home/eecs/tutorial_ws/install/my_interfaces/include/my_interfaces/msg/detail/student__type_support.cpp
[14.462s] -- Installing: /home/eecs/tutorial_ws/install/my_interfaces/lib/libmy_interfaces__rosidl_typesupport_introspection_cpp.so
[14.464s] -- Set runtime path of "/home/eecs/tutorial_ws/install/my_interfaces/lib/libmy_interfaces__rosidl_typesupport_introspection_cpp.so" to ""
[14.465s] -- Installing: /home/eecs/tutorial_ws/install/my_interfaces/lib/libmy_interfaces__rosidl_typesupport_cpp.so
[14.468s] -- Set runtime path of "/home/eecs/tutorial_ws/install/my_interfaces/lib/libmy_interfaces__rosidl_typesupport_cpp.so" to ""
[14.469s] -- Installing: /home/eecs/tutorial_ws/install/my_interfaces/share/my_interfaces/environment/pythonpath.sh
[14.469s] -- Installing: /home/eecs/tutorial_ws/install/my_interfaces/share/my_interfaces/environment/pythonpath.dsv
[14.470s] -- Installing: /home/eecs/tutorial_ws/install/my_interfaces/lib/python3.8/site-packages/my_interfaces/__init__.py
[14.634s] Compiling '/home/eecs/tutorial_ws/install/my_interfaces/lib/python3.8/site-packages/my_interfaces/__init__.py'...
[14.663s] -- Installing: /home/eecs/tutorial_ws/install/my_interfaces/lib/python3.8/site-packages/my_interfaces/msg
[14.664s] -- Installing: /home/eecs/tutorial_ws/install/my_interfaces/lib/python3.8/site-packages/my_interfaces/msg/_student.py
[14.664s] -- Installing: /home/eecs/tutorial_ws/install/my_interfaces/lib/python3.8/site-packages/my_interfaces/msg/_student_s.c
[14.665s] -- Installing: /home/eecs/tutorial_ws/install/my_interfaces/lib/python3.8/site-packages/my_interfaces/msg/__init__.py
[14.666s] -- Installing: /home/eecs/tutorial_ws/install/my_interfaces/lib/python3.8/site-packages/my_interfaces/my_interfaces_s__rosidl_typesupport_fastrtps_c.cpython-38-x86_64-linux-gnu.so
[14.668s] -- Set runtime path of "/home/eecs/tutorial_ws/install/my_interfaces/lib/python3.8/site-packages/my_interfaces/my_interfaces_s__rosidl_typesupport_fastrtps_c.cpython-38-x86_64-linux-gnu.so" to ""
[14.669s] -- Installing: /home/eecs/tutorial_ws/install/my_interfaces/lib/python3.8/site-packages/my_interfaces/my_interfaces_s__rosidl_typesupport_introspection_c.cpython-38-x86_64-linux-gnu.so
[14.670s] -- Set runtime path of "/home/eecs/tutorial_ws/install/my_interfaces/lib/python3.8/site-packages/my_interfaces/my_interfaces_s__rosidl_typesupport_introspection_c.cpython-38-x86_64-linux-gnu.so" to ""
[14.671s] -- Installing: /home/eecs/tutorial_ws/install/my_interfaces/lib/python3.8/site-packages/my_interfaces/my_interfaces_s__rosidl_typesupport_c.cpython-38-x86_64-linux-gnu.so
[14.673s] -- Set runtime path of "/home/eecs/tutorial_ws/install/my_interfaces/lib/python3.8/site-packages/my_interfaces/my_interfaces_s__rosidl_typesupport_c.cpython-38-x86_64-linux-gnu.so" to ""
[14.674s] -- Installing: /home/eecs/tutorial_ws/install/my_interfaces/lib/libmy_interfaces__python.so
[14.675s] -- Set runtime path of "/home/eecs/tutorial_ws/install/my_interfaces/lib/libmy_interfaces__python.so" to ""
[14.676s] -- Installing: /home/eecs/tutorial_ws/install/my_interfaces/share/my_interfaces/msg/Student.idl
[14.676s] -- Installing: /home/eecs/tutorial_ws/install/my_interfaces/share/my_interfaces/msg/Student.msg
[14.677s] -- Installing: /home/eecs/tutorial_ws/install/my_interfaces/share/ament_index/resource_index/package_run_dependencies/my_interfaces
[14.688s] -- Installing: /home/eecs/tutorial_ws/install/my_interfaces/share/ament_index/resource_index/parent_prefix_path/my_interfaces
[14.689s] -- Installing: /home/eecs/tutorial_ws/install/my_interfaces/share/my_interfaces/environment/ament_prefix_path.sh
[14.690s] -- Installing: /home/eecs/tutorial_ws/install/my_interfaces/share/my_interfaces/environment/ament_prefix_path.dsv
[14.691s] -- Installing: /home/eecs/tutorial_ws/install/my_interfaces/share/my_interfaces/environment/path.sh
[14.691s] -- Installing: /home/eecs/tutorial_ws/install/my_interfaces/share/my_interfaces/environment/path.dsv
[14.692s] -- Installing: /home/eecs/tutorial_ws/install/my_interfaces/share/my_interfaces/local_setup.bash
[14.693s] -- Installing: /home/eecs/tutorial_ws/install/my_interfaces/share/my_interfaces/local_setup.sh
[14.694s] -- Installing: /home/eecs/tutorial_ws/install/my_interfaces/share/my_interfaces/local_setup.zsh
[14.695s] -- Installing: /home/eecs/tutorial_ws/install/my_interfaces/share/my_interfaces/local_setup.dsv
[14.696s] -- Installing: /home/eecs/tutorial_ws/install/my_interfaces/share/my_interfaces/package.dsv
[14.697s] -- Installing: /home/eecs/tutorial_ws/install/my_interfaces/share/ament_index/resource_index/packages/my_interfaces
[14.698s] -- Installing: /home/eecs/tutorial_ws/install/my_interfaces/share/my_interfaces/cmake/my_interfaces__rosidl_generator_cExport.cmake
[14.698s] -- Installing: /home/eecs/tutorial_ws/install/my_interfaces/share/my_interfaces/cmake/my_interfaces__rosidl_generator_cExport-noconfig.cmake
[14.699s] -- Installing: /home/eecs/tutorial_ws/install/my_interfaces/share/my_interfaces/cmake/my_interfaces__rosidl_typesupport_introspection_cExport.cmake
[14.700s] -- Installing: /home/eecs/tutorial_ws/install/my_interfaces/share/my_interfaces/cmake/my_interfaces__rosidl_typesupport_introspection_cExport-noconfig.cmake
[14.701s] -- Installing: /home/eecs/tutorial_ws/install/my_interfaces/share/my_interfaces/cmake/my_interfaces__rosidl_typesupport_cExport.cmake
[14.702s] -- Installing: /home/eecs/tutorial_ws/install/my_interfaces/share/my_interfaces/cmake/my_interfaces__rosidl_typesupport_cExport-noconfig.cmake
[14.703s] -- Installing: /home/eecs/tutorial_ws/install/my_interfaces/share/my_interfaces/cmake/my_interfaces__rosidl_generator_cppExport.cmake
[14.704s] -- Installing: /home/eecs/tutorial_ws/install/my_interfaces/share/my_interfaces/cmake/my_interfaces__rosidl_typesupport_introspection_cppExport.cmake
[14.705s] -- Installing: /home/eecs/tutorial_ws/install/my_interfaces/share/my_interfaces/cmake/my_interfaces__rosidl_typesupport_introspection_cppExport-noconfig.cmake
[14.706s] -- Installing: /home/eecs/tutorial_ws/install/my_interfaces/share/my_interfaces/cmake/my_interfaces__rosidl_typesupport_cppExport.cmake
[14.706s] -- Installing: /home/eecs/tutorial_ws/install/my_interfaces/share/my_interfaces/cmake/my_interfaces__rosidl_typesupport_cppExport-noconfig.cmake
[14.720s] -- Installing: /home/eecs/tutorial_ws/install/my_interfaces/share/my_interfaces/cmake/rosidl_cmake-extras.cmake
[14.721s] -- Installing: /home/eecs/tutorial_ws/install/my_interfaces/share/my_interfaces/cmake/ament_cmake_export_dependencies-extras.cmake
[14.722s] -- Installing: /home/eecs/tutorial_ws/install/my_interfaces/share/my_interfaces/cmake/ament_cmake_export_libraries-extras.cmake
[14.723s] -- Installing: /home/eecs/tutorial_ws/install/my_interfaces/share/my_interfaces/cmake/ament_cmake_export_targets-extras.cmake
[14.723s] -- Installing: /home/eecs/tutorial_ws/install/my_interfaces/share/my_interfaces/cmake/ament_cmake_export_include_directories-extras.cmake
[14.724s] -- Installing: /home/eecs/tutorial_ws/install/my_interfaces/share/my_interfaces/cmake/rosidl_cmake_export_typesupport_libraries-extras.cmake
[14.725s] -- Installing: /home/eecs/tutorial_ws/install/my_interfaces/share/my_interfaces/cmake/rosidl_cmake_export_typesupport_targets-extras.cmake
[14.726s] -- Installing: /home/eecs/tutorial_ws/install/my_interfaces/share/my_interfaces/cmake/my_interfacesConfig.cmake
[14.727s] -- Installing: /home/eecs/tutorial_ws/install/my_interfaces/share/my_interfaces/cmake/my_interfacesConfig-version.cmake
[14.727s] -- Installing: /home/eecs/tutorial_ws/install/my_interfaces/share/my_interfaces/package.xml
[14.736s] Invoked command in '/home/eecs/tutorial_ws/build/my_interfaces' returned '0': CMAKE_PREFIX_PATH=/home/eecs/tutorial_ws/install/py_sub:/home/eecs/tutorial_ws/install/py_pub:/opt/ros/foxy /usr/bin/cmake --install /home/eecs/tutorial_ws/build/my_interfaces
